Script started on 2024-04-23 14:57:15+08:00 [TERM="xterm-256color" TTY="/dev/pts/0" COLUMNS="95" LINES="24"]
App start.
Connected to MQTT broker.
14:57:47 []
14:57:47 []
14:57:47 []
14:57:47 []
14:57:47 []
14:57:47 []
14:57:47 []
14:57:47 []
14:57:47 []
14:57:47 []
14:57:47 []
14:57:48 []
14:57:48 []
14:57:48 []
14:57:48 []
14:57:48 []
14:57:48 []
14:57:48 []
14:57:48 []
14:57:48 []
14:57:48 []
14:57:48 []
14:57:49 []
14:57:49 []
14:57:49 []
14:57:49 []
14:57:49 []
14:57:49 []
14:57:49 []
14:57:49 []
14:57:49 []
14:57:49 []
14:57:49 []
14:57:50 []
14:57:50 []
14:57:50 []
14:57:50 []
14:57:50 []
14:57:50 []
14:57:50 []
14:57:50 []
14:57:50 []
14:57:50 []
14:57:50 []
14:57:50 []
14:57:51 []
14:57:51 []
14:57:51 []
14:57:51 []
14:57:51 []
14:57:51 []
14:57:51 []
14:57:51 []
14:57:51 []
14:57:51 []
14:57:51 []
14:57:52 []
14:57:52 []
14:57:52 []
14:57:52 []
14:57:52 []
14:57:52 []
14:57:52 []
14:57:52 []
14:57:52 []
14:57:52 []
14:57:52 []
14:57:53 []
14:57:53 []
14:57:53 []
14:57:53 []
14:57:53 []
14:57:53 []
14:57:53 []
14:57:53 []
14:57:53 []
14:57:53 []
14:57:53 []
14:57:54 []
14:57:54 []
14:57:54 []
14:57:54 []
14:57:54 []
14:57:54 []
14:57:54 []
14:57:54 []
14:57:54 []
14:57:54 []
14:57:54 []
14:57:54 []
14:57:55 []
14:57:55 []
14:57:55 []
14:57:55 []
14:57:55 []
14:57:55 []
14:57:55 []
14:57:55 []
14:57:55 []
14:57:55 []
14:57:55 []
14:57:56 []
14:57:56 []
14:57:56 []
14:57:56 []
14:57:56 []
14:57:56 []
14:57:56 []
14:57:56 []
14:57:56 []
14:57:56 []
14:57:56 []
14:57:57 []
14:57:57 []
14:57:57 []
14:57:57 []
14:57:57 []
14:57:57 []
14:57:57 []
14:57:57 []
14:57:57 []
14:57:57 []
14:57:57 []
14:57:58 [(-2842.32, -1933.23)]
14:57:58 [(-2840.55, -1866.41)]
14:57:58 [(-2843.02, -1806.66)]
14:57:58 [(-2853.98, -1746.2)]
14:57:58 [(-2874.13, -1663.12)]
14:57:58 [(-2876.61, -1587.1)]
14:57:58 [(-2862.82, -1511.09)]
14:57:58 [(-2844.08, -1434.37)]
14:57:58 [(-2833.48, -1357.29)]
14:57:58 [(-2819.69, -1281.98)]
14:57:58 [(-2812.62, -1209.15)]
14:57:58 [(-2809.79, -1141.27)]
14:57:59 [(-2794.94, -1069.15)]
14:57:59 [(-2775.85, -998.43)]
14:57:59 [(-2751.1, -933.38)]
14:57:59 [(-2727.41, -869.39)]
14:57:59 [(-2720.34, -802.21)]
14:57:59 [(-2730.59, -732.56)]
14:57:59 [(-2740.49, -668.92)]
14:57:59 [(-2756.76, -605.28)]
14:57:59 [(-2768.78, -542.35)]
14:57:59 [(-2769.13, -477.65)]
14:57:59 [(-2770.19, -410.83)]
14:58:00 [(-2754.99, -341.18)]
14:58:00 [(-2745.44, -276.48)]
14:58:00 [(-2740.14, -216.73)]
14:58:00 [(-2728.12, -156.62)]
14:58:00 [(-2714.68, -93.69)]
14:58:00 [(-2698.42, -27.22)]
14:58:00 [(-2694.18, 49.14)]
14:58:00 [(-2695.94, 123.04)]
14:58:00 [(-2707.26, 200.11)]
14:58:00 [(-2721.75, 276.13)]
14:58:00 [(-2735.19, 353.2)]
14:58:01 [(-2739.08, 429.92)]
14:58:01 [(-2750.04, 501.69)]
14:58:01 [(-2752.87, 567.45)]
14:58:01 [(-2730.59, 634.27)]
14:58:01 [(-2718.57, 701.45)]
14:58:01 [(-2716.8, 767.56)]
14:58:01 [(-2713.62, 830.14)]
14:58:01 [(-2698.07, 899.44)]
14:58:01 [(-2669.78, 975.81)]
14:58:01 [(-2649.63, 1060.31)]
14:58:01 [(-2610.74, 1150.82)]
14:58:02 [(-2561.59, 1231.78)]
14:58:02 [(-2530.13, 1316.99)]
14:58:02 [(-2520.58, 1394.41)]
14:58:02 [(-2549.22, 1456.99)]
14:58:02 [(-2569.02, 1521.34)]
14:58:02 [(-2589.52, 1591.34)]
14:58:02 [(-2608.26, 1658.87)]
14:58:02 [(-2625.94, 1719.68)]
14:58:02 [(-2640.44, 1778.02)]
14:58:02 [(-2638.31, 1838.83)]
14:58:02 [(-2629.83, 1896.11)]
14:58:02 [(-2621.7, 1950.2)]
14:58:03 [(-2608.97, 2000.41)]
14:58:03 [(-2595.89, 2052.38)]
14:58:03 [(-2582.45, 2103.29)]
14:58:03 [(-2554.17, 2145.01)]
14:58:03 [(-2532.25, 2183.9)]
14:58:03 [(-2510.33, 2217.13)]
14:58:03 [(-2490.53, 2246.83)]
14:58:03 [(-2489.82, 2264.51)]
14:58:03 [(-2491.24, 2270.17)]
14:58:03 [(-2496.89, 2272.99)]
14:58:03 [(-2498.31, 2280.07)]
14:58:04 [(-2501.14, 2285.02)]
14:58:04 [(-2502.2, 2288.2)]
14:58:04 [(-2503.61, 2291.03)]
14:58:04 [(-2503.61, 2295.27)]
14:58:04 [(-2504.67, 2300.57)]
14:58:04 [(-2506.44, 2301.63)]
14:58:04 [(-2504.67, 2302.69)]
14:58:04 [(-2498.31, 2301.99)]
14:58:04 [(-2489.82, 2299.86)]
14:58:04 [(-2483.46, 2298.45)]
14:58:04 [(-2476.03, 2296.68)]
14:58:05 [(-2471.44, 2293.5)]
14:58:05 [(-2464.37, 2287.14)]
14:58:05 [(-2455.88, 2280.77)]
14:58:05 [(-2433.61, 2264.16)]
14:58:05 [(-2412.04, 2246.83)]
14:58:05 [(-2391.89, 2222.44)]
14:58:05 [(-2373.15, 2190.97)]
14:58:05 [(-2336.38, 2140.06)]
14:58:05 [(-2286.18, 2090.56)]
14:58:05 [(-2233.14, 2037.53)]
14:58:05 [(-2191.42, 1991.57)]
14:58:06 [(-2153.95, 1942.78)]
14:58:06 [(-2115.06, 1884.79)]
14:58:06 []
14:58:06 [(-1969.04, 1768.47)]
14:58:06 [(-1894.08, 1705.54)]
14:58:06 [(-1808.53, 1648.97)]
14:58:06 [(-1751.6, 1592.76)]
14:58:06 [(-1703.87, 1535.13)]
14:58:06 [(-1644.83, 1482.45)]
14:58:06 [(-1587.91, 1432.6)]
14:58:06 [(-1527.45, 1373.55)]
14:58:06 [(-1473.71, 1292.94)]
14:58:07 [(-1409.36, 1216.58)]
14:58:07 [(-1351.38, 1146.57)]
14:58:07 [(-1307.89, 1082.58)]
14:58:07 [(-1266.53, 1023.54)]
14:58:07 [(-1231.53, 967.32)]
14:58:07 [(-1193.34, 914.29)]
14:58:07 [(-1139.25, 870.09)]
14:58:07 [(-1080.56, 829.79)]
14:58:07 [(-1022.22, 779.94)]
14:58:07 [(-964.59, 723.72)]
14:58:07 [(-922.87, 657.96)]
14:58:08 [(-875.5, 608.47)]
14:58:08 [(-816.1, 566.75)]
14:58:08 [(-752.46, 530.68)]
14:58:08 [(-683.52, 490.73)]
14:58:08 [(-611.39, 436.28)]
14:58:08 [(-539.27, 371.94)]
14:58:08 [(-473.51, 296.98)]
14:58:08 [(-414.46, 228.75)]
14:58:08 [(-351.18, 160.51)]
14:58:08 [(-278.35, 82.02)]
14:58:09 [(-209.4, 3.18)]
14:58:09 [(-150.01, -68.24)]
14:58:09 [(-94.85, -130.46)]
14:58:09 [(-34.04, -186.32)]
14:58:09 [(13.69, -236.88)]
14:58:09 [(72.73, -288.15)]
14:58:09 [(133.9, -331.63)]
14:58:09 [(184.1, -370.52)]
14:58:09 [(238.55, -413.66)]
14:58:09 [(289.46, -438.41)]
14:58:09 [(339.67, -478.71)]
14:58:09 [(395.53, -539.52)]
14:58:10 [(442.9, -592.56)]
14:58:10 [(509.02, -634.63)]
14:58:10 [(556.04, -682.36)]
14:58:10 [(596.7, -737.87)]
14:58:10 [(646.9, -795.85)]
14:58:10 [(699.23, -863.73)]
14:58:10 [(761.45, -927.37)]
14:58:10 [(828.98, -990.66)]
14:58:10 [(893.33, -1059.95)]
14:58:10 [(957.68, -1115.11)]
14:58:10 [(1018.49, -1164.6)]
14:58:11 [(1066.92, -1205.26)]
14:58:11 [(1126.32, -1251.23)]
14:58:11 [(1179.0, -1303.2)]
14:58:11 [(1227.44, -1362.95)]
14:58:11 [(1280.12, -1431.18)]
14:58:11 [(1322.19, -1485.28)]
14:58:11 [(1395.38, -1631.3)]
14:58:11 [(1436.74, -1737.01)]
14:58:11 [(1459.72, -1848.38)]
14:58:11 [(1487.65, -1943.48)]
14:58:11 [(1511.69, -2040.36)]
14:58:12 [(1532.91, -2123.8)]
14:58:12 [(1567.91, -2208.29)]
14:58:12 []
14:58:12 []
14:58:12 []
14:58:12 []
14:58:12 []
14:58:12 []
14:58:12 []
14:58:12 []
14:58:12 []
14:58:13 []
14:58:13 []
14:58:13 []
14:58:13 []
14:58:13 []
14:58:13 []
14:58:13 []
14:58:13 []
14:58:13 []
14:58:13 []
14:58:13 []
14:58:14 []
14:58:14 [(2253.1, -2430.33)]
14:58:14 [(2248.85, -2436.69)]
14:58:14 [(2244.26, -2435.63)]
14:58:14 [(2240.72, -2427.85)]
14:58:14 [(2242.49, -2420.43)]
14:58:14 [(2243.9, -2414.06)]
14:58:14 [(2244.96, -2408.76)]
14:58:14 [(2247.44, -2404.16)]
14:58:14 [(2256.99, -2393.91)]
14:58:14 [(2268.65, -2383.66)]
14:58:15 [(2279.97, -2373.05)]
14:58:15 [(2294.11, -2360.32)]
14:58:15 []
14:58:15 []
14:58:15 []
14:58:15 []
14:58:15 []
14:58:15 []
14:58:15 []
14:58:15 []
14:58:15 []
14:58:15 []
14:58:16 []
14:58:16 []
14:58:16 []
14:58:16 []
14:58:16 []
14:58:16 []
14:58:16 []
14:58:16 []
14:58:16 []
14:58:16 []
14:58:16 []
14:58:17 []
14:58:17 []
14:58:17 []
14:58:17 []
14:58:17 []
14:58:17 []
14:58:17 []
14:58:17 []
14:58:17 [(2680.19, 166.17)]
14:58:17 [(2674.53, 235.47)]
14:58:17 [(2664.63, 303.35)]
14:58:18 [(2668.17, 359.92)]
14:58:18 []
14:58:18 []
14:58:18 []
14:58:18 []
14:58:18 []
14:58:18 []
14:58:18 []
14:58:18 [(2594.98, 822.72)]
14:58:18 [(2564.93, 868.33)]
14:58:18 [(2535.94, 912.87)]
14:58:19 [(2516.14, 963.08)]
14:58:19 []
14:58:19 [(2496.69, 1102.03)]
14:58:19 [(2491.04, 1181.22)]
14:58:19 []
14:58:19 []
14:58:19 [(2508.36, 1425.53)]
14:58:19 [(2499.17, 1505.43)]
14:58:19 []
14:58:19 []
14:58:19 []
14:58:19 []
14:58:20 [(2317.8, 1867.82)]
14:58:20 [(2317.44, 1909.9)]
14:58:20 [(2315.32, 1955.86)]
14:58:20 [(2304.72, 1999.7)]
14:58:20 [(2283.15, 2043.19)]
14:58:20 [(2266.53, 2090.21)]
14:58:20 [(2252.04, 2134.4)]
14:58:20 [(2255.92, 2172.94)]
14:58:20 [(2275.37, 2207.94)]
14:58:20 [(2290.93, 2246.12)]
14:58:20 [(2292.34, 2282.89)]
14:58:21 [(2292.34, 2310.47)]
14:58:21 [(2300.47, 2329.21)]
14:58:21 [(2316.03, 2339.82)]
14:58:21 [(2360.58, 2342.64)]
14:58:21 [(2401.94, 2343.71)]
14:58:21 [(2393.1, 2349.01)]
14:58:21 [(2377.9, 2361.38)]
14:58:21 [(2374.01, 2364.57)]
14:58:21 [(2371.18, 2364.57)]
14:58:21 [(2372.24, 2364.21)]
14:58:21 [(2370.12, 2365.63)]
14:58:22 [(2364.11, 2368.81)]
14:58:22 [(2357.39, 2372.7)]
14:58:22 [(2349.97, 2373.05)]
14:58:22 [(2342.19, 2373.76)]
14:58:22 [(2330.17, 2373.76)]
14:58:22 [(2316.74, 2371.64)]
14:58:22 [(2304.01, 2366.69)]
14:58:22 [(2290.57, 2361.74)]
14:58:22 [(2276.43, 2358.2)]
14:58:22 [(2259.81, 2353.6)]
14:58:22 [(2228.35, 2346.18)]
14:58:23 [(2176.02, 2318.6)]
14:58:23 [(2130.41, 2289.26)]
14:58:23 [(2083.74, 2259.56)]
14:58:23 [(2000.66, 2210.42)]
14:58:23 [(1902.37, 2158.09)]
14:58:23 [(1827.42, 2103.64)]
14:58:23 [(1753.53, 2043.89)]
14:58:23 [(1682.81, 1979.55)]
14:58:23 [(1625.19, 1911.31)]
14:58:23 [(1576.04, 1848.73)]
14:58:23 [(1532.91, 1780.14)]
14:58:23 [(1495.43, 1707.31)]
14:58:24 [(1458.66, 1641.55)]
14:58:24 [(1421.19, 1589.93)]
14:58:24 [(1369.21, 1553.51)]
14:58:24 [(1312.29, 1529.83)]
14:58:24 [(1241.23, 1499.07)]
14:58:24 [(1168.75, 1449.92)]
14:58:24 [(1096.98, 1400.07)]
14:58:24 [(1030.86, 1351.63)]
14:58:24 [(976.06, 1298.96)]
14:58:24 [(916.66, 1251.58)]
14:58:24 []
14:58:25 []
14:58:25 []
14:58:25 []
14:58:25 []
14:58:25 []
14:58:25 []
14:58:25 []
14:58:25 []
14:58:25 []
14:58:25 []
14:58:25 [(299.71, 660.08)]
14:58:26 [(243.15, 592.2)]
14:58:26 [(194.35, 516.54)]
14:58:26 [(142.03, 421.08)]
14:58:26 [(90.76, 323.85)]
14:58:26 [(22.53, 248.55)]
14:58:26 [(-55.96, 191.27)]
14:58:26 [(-130.21, 151.67)]
14:58:26 [(-188.54, 101.12)]
14:58:26 [(-240.87, 50.2)]
14:58:26 [(-272.34, -7.42)]
14:58:26 [(-306.98, -64.7)]
14:58:27 [(-349.76, -133.64)]
14:58:27 [(-383.0, -193.75)]
14:58:27 [(-423.3, -255.27)]
14:58:27 [(-477.75, -326.68)]
14:58:27 [(-526.89, -385.73)]
14:58:27 [(-566.14, -446.89)]
14:58:27 [(-626.95, -512.65)]
14:58:27 [(-689.53, -573.82)]
14:58:27 [(-759.18, -642.76)]
14:58:27 [(-844.38, -709.58)]
14:58:27 [(-922.17, -759.79)]
14:58:28 [(-977.67, -797.62)]
14:58:28 [(-1032.48, -828.38)]
14:58:28 [(-1082.68, -861.61)]
14:58:28 [(-1134.65, -904.39)]
14:58:28 [(-1180.97, -964.14)]
14:58:28 [(-1231.53, -1027.43)]
14:58:28 [(-1276.43, -1085.06)]
14:58:28 [(-1304.36, -1129.25)]
14:58:28 [(-1337.24, -1176.98)]
14:58:28 [(-1364.82, -1220.11)]
14:58:28 [(-1381.79, -1260.42)]
14:58:29 [(-1433.4, -1329.71)]
14:58:29 [(-1488.56, -1382.04)]
14:58:29 [(-1547.6, -1426.23)]
14:58:29 [(-1601.7, -1466.19)]
14:58:29 [(-1638.11, -1501.89)]
14:58:29 [(-1655.79, -1558.46)]
14:58:29 [(-1683.01, -1610.44)]
14:58:29 [(-1718.72, -1670.19)]
14:58:29 [(-1782.72, -1732.06)]
14:58:29 [(-1861.2, -1783.68)]
14:58:29 [(-1940.4, -1831.05)]
14:58:30 [(-2026.31, -1871.0)]
14:58:30 [(-2113.64, -1908.83)]
14:58:30 [(-2194.25, -1943.48)]
14:58:30 [(-2274.15, -1971.77)]
14:58:30 []
14:58:30 []
14:58:30 []
14:58:30 []
14:58:30 []
14:58:30 []
14:58:30 []
14:58:31 []
14:58:31 []
14:58:31 []
14:58:31 []
14:58:31 []
14:58:31 []
14:58:31 []
14:58:31 []
14:58:31 []
14:58:31 []
14:58:31 []
14:58:32 []
14:58:32 []
14:58:32 []
14:58:32 [(-2752.16, -2269.46)]
14:58:32 [(-2748.98, -2273.35)]
14:58:32 [(-2742.97, -2278.65)]
14:58:32 [(-2737.31, -2284.31)]
14:58:32 [(-2731.3, -2289.61)]
14:58:32 [(-2726.0, -2293.5)]
Disconnected from MQTT broker, return code 0

Script done on 2024-04-23 14:59:07+08:00 [COMMAND_EXIT_CODE="0"]
