Script started on 2024-04-29 14:49:11+08:00 [TERM="xterm-256color" TTY="/dev/pts/0" COLUMNS="92" LINES="23"]
App start.
Config updated: {'brokeraddr': '10.42.0.1', 'brokerport': '1883', 'plot_xlims': '(-3500,3500)', 'plot_ylims': '(-3500,3500)', 'clusterrad': '500.0', 'clustersz': '1', 'radar1_en': 'False', 'radar2_en': 'True', 'radar3_en': 'False', 'radar4_en': 'True', 'radar1_x': '0.0', 'radar1_y': '-3000.0', 'radar1_a': '0.0', 'radar2_x': '-3000.0', 'radar2_y': '0.0', 'radar2_a': '-90.0', 'radar3_x': '0.0', 'radar3_y': '3000.0', 'radar3_a': '180.0', 'radar4_x': '3000.0', 'radar4_y': '0.0', 'radar4_a': '90.0', 'default': '<Section: DEFAULT>'}
Connected to MQTT broker.
14:49:46 [(-2746.0, -3023.0)]
14:49:46 [(-2762.0, -3021.0)]
14:49:46 [(-2769.0, -3018.0)]
14:49:46 [(-2784.0, -3005.0)]
14:49:46 [(-2798.0, -2999.0)]
14:49:46 [(-2829.0, -2986.0)]
14:49:46 [(-2846.0, -2979.0)]
14:49:46 [(-2844.0, -2988.0)]
14:49:47 [(-2835.0, -2993.0)]
14:49:47 [(-2824.0, -2995.0)]
14:49:47 [(-2818.0, -2992.0)]
14:49:47 [(-2810.0, -2993.0)]
14:49:47 [(-2802.0, -2997.0)]
14:49:47 [(-2793.0, -3000.0)]
14:49:47 [(-2789.0, -3001.0)]
14:49:47 [(-2789.0, -2997.0)]
14:49:47 [(-2792.0, -2986.0)]
14:49:47 [(-2792.0, -2974.0)]
14:49:47 [(-2790.0, -2958.0)]
14:49:48 [(-2786.0, -2941.0)]
14:49:48 [(-2782.0, -2922.0)]
14:49:48 [(-2777.0, -2906.0)]
14:49:48 [(-2768.0, -2894.0)]
14:49:48 [(-2754.0, -2883.0)]
14:49:48 [(-2741.0, -2872.0)]
14:49:48 [(-2729.0, -2861.0)]
14:49:48 [(-2722.0, -2851.0)]
14:49:48 [(-2712.0, -2839.0)]
14:49:48 [(-2696.0, -2826.0)]
14:49:48 [(-2646.0, -2774.0)]
14:49:49 [(-2591.0, -2724.0)]
14:49:49 [(-2469.0, -2644.0)]
14:49:49 [(-2359.0, -2560.0)]
14:49:49 [(-2264.0, -2483.0)]
14:49:49 [(-2188.0, -2394.0)]
14:49:49 [(-2141.0, -2284.0)]
14:49:49 [(-2084.0, -2179.0)]
14:49:49 [(-2011.0, -2097.0)]
14:49:49 [(-1939.0, -2067.0)]
14:49:49 [(-1872.0, -2033.0)]
14:49:49 [(-1812.0, -1964.0)]
14:49:50 [(-1746.0, -1914.0)]
14:49:50 [(-1687.0, -1848.0)]
14:49:50 [(-1621.0, -1803.0)]
14:49:50 [(-1751.5, -1599.5)]
Disconnected from MQTT broker, return code 0
Config updated: {'brokeraddr': '10.42.0.1', 'brokerport': '1883', 'plot_xlims': '(-3500,3500)', 'plot_ylims': '(-3500,3500)', 'clusterrad': '500.0', 'clustersz': '2', 'radar1_en': 'False', 'radar2_en': 'True', 'radar3_en': 'False', 'radar4_en': 'True', 'radar1_x': '0.0', 'radar1_y': '-3000.0', 'radar1_a': '0.0', 'radar2_x': '-3000.0', 'radar2_y': '0.0', 'radar2_a': '-90.0', 'radar3_x': '0.0', 'radar3_y': '3000.0', 'radar3_a': '180.0', 'radar4_x': '3000.0', 'radar4_y': '0.0', 'radar4_a': '90.0', 'default': '<Section: DEFAULT>'}
Connected to MQTT broker.
14:49:54 [(-2434.5, -769.0)]
14:49:54 [(-2501.0, -756.0)]
14:49:54 [(-2565.5, -744.5)]
14:49:54 []
14:49:54 []
14:49:54 []
14:49:54 []
14:49:54 []
14:49:54 []
14:49:54 []
14:49:54 []
14:49:54 []
14:49:55 []
14:49:55 []
14:49:55 []
14:49:55 []
14:49:55 []
14:49:55 []
14:49:55 []
14:49:55 []
14:49:55 []
14:49:55 []
14:49:55 []
14:49:56 []
14:49:56 []
14:49:56 []
14:49:56 []
14:50:01 []
14:50:01 []
14:50:02 []
14:50:02 []
14:50:02 []
14:50:02 []
14:50:02 []
14:50:02 []
14:50:02 []
14:50:02 []
14:50:02 []
14:50:02 []
14:50:02 []
14:50:02 []
14:50:03 []
14:50:03 []
14:50:03 []
14:50:03 []
14:50:03 []
14:50:03 []
14:50:03 []
14:50:03 []
14:50:03 []
14:50:03 []
14:50:03 []
14:50:04 []
14:50:04 []
14:50:04 []
14:50:04 []
14:50:04 []
14:50:04 []
14:50:04 []
14:50:04 []
14:50:04 []
14:50:04 []
14:50:04 []
14:50:05 []
14:50:05 []
14:50:05 []
14:50:05 []
14:50:05 []
14:50:05 []
14:50:05 []
14:50:05 []
14:50:05 []
14:50:05 []
14:50:05 []
14:50:06 []
14:50:06 []
14:50:06 []
14:50:06 []
14:50:06 []
14:50:06 []
14:50:06 []
14:50:06 []
14:50:06 []
14:50:06 []
14:50:06 []
14:50:07 []
14:50:07 []
14:50:07 []
14:50:07 []
14:50:07 []
14:50:07 []
14:50:07 []
14:50:07 []
14:50:07 []
14:50:07 []
14:50:07 []
14:50:07 []
14:50:08 []
14:50:08 []
14:50:08 []
14:50:08 []
14:50:08 []
14:50:08 []
14:50:08 []
14:50:08 []
14:50:08 []
14:50:08 []
14:50:08 []
14:50:09 []
14:50:09 []
14:50:09 []
14:50:09 []
14:50:09 []
14:50:09 []
14:50:09 []
14:50:09 []
14:50:09 []
14:50:09 []
14:50:09 []
14:50:10 []
14:50:10 []
14:50:10 []
14:50:10 []
14:50:10 []
14:50:10 []
14:50:10 []
14:50:10 []
14:50:10 []
14:50:10 []
14:50:10 []
14:50:10 []
14:50:11 []
14:50:11 []
14:50:11 [(-2384.0, -732.5)]
14:50:11 [(-2381.5, -689.0)]
14:50:11 [(-2386.0, -633.5)]
14:50:11 [(-2391.5, -557.5)]
14:50:11 [(-2396.5, -487.5)]
14:50:11 [(-2400.0, -421.5)]
14:50:11 [(-2410.5, -356.5)]
14:50:11 [(-2488.5, -288.0)]
14:50:11 [(-2567.0, -220.5)]
14:50:12 []
14:50:12 []
14:50:12 []
14:50:12 []
14:50:12 []
14:50:12 []
14:50:12 []
14:50:12 []
14:50:12 []
14:50:12 []
14:50:12 []
14:50:13 []
14:50:13 []
14:50:13 []
14:50:13 []
14:50:13 []
14:50:13 []
14:50:13 []
14:50:13 [(-2303.0, 1166.5)]
14:50:13 [(-2305.0, 1204.0)]
14:50:13 []
14:50:13 []
14:50:14 []
14:50:14 []
14:50:14 []
14:50:14 []
14:50:14 []
14:50:14 []
14:50:14 []
14:50:14 []
14:50:14 []
14:50:14 []
14:50:15 []
14:50:15 []
14:50:15 []
14:50:15 []
14:50:15 []
14:50:15 []
14:50:15 []
14:50:15 []
14:50:15 []
14:50:15 []
14:50:15 []
14:50:15 []
14:50:16 []
14:50:16 []
14:50:16 []
14:50:16 []
14:50:16 []
14:50:16 []
14:50:16 []
14:50:16 []
14:50:16 []
14:50:16 []
14:50:16 [(-1811.5, 1815.0)]
14:50:17 [(-1790.5, 1778.5)]
14:50:17 [(-1790.5, 1719.0)]
14:50:17 [(-1789.5, 1664.0)]
14:50:17 [(-1770.5, 1612.0)]
14:50:17 [(-1737.5, 1568.0)]
14:50:17 [(-1695.5, 1527.5)]
14:50:17 []
14:50:17 []
14:50:17 []
14:50:17 []
14:50:17 []
14:50:18 []
14:50:18 [(-1287.0, 1160.0)]
14:50:18 [(-1204.5, 1109.0)]
14:50:18 [(-1120.0, 1062.5)]
14:50:18 [(-1041.0, 1026.0)]
14:50:18 [(-966.0, 989.0)]
14:50:18 [(-903.0, 933.5)]
14:50:18 [(-835.0, 884.5)]
14:50:18 [(-775.0, 838.0)]
14:50:18 [(-716.5, 800.5)]
14:50:18 [(-667.0, 755.5)]
14:50:19 [(-620.0, 702.5)]
14:50:19 [(-560.0, 636.5)]
14:50:19 [(-503.0, 571.0)]
14:50:19 [(-445.5, 496.5)]
14:50:19 [(-385.5, 417.5)]
14:50:19 [(-317.5, 349.0)]
14:50:19 [(-249.0, 295.5)]
14:50:19 [(-182.0, 242.5)]
14:50:19 [(-120.0, 190.5)]
14:50:19 [(-62.0, 136.5)]
14:50:19 [(-11.5, 86.5)]
14:50:20 [(35.5, 40.5)]
14:50:20 [(77.5, -14.0)]
14:50:20 [(117.5, -59.5)]
14:50:20 [(163.0, -128.0)]
14:50:20 [(222.5, -205.0)]
14:50:20 [(287.5, -272.5)]
14:50:20 [(352.5, -360.0)]
14:50:20 [(418.5, -441.0)]
14:50:20 [(487.0, -522.0)]
14:50:20 [(550.5, -600.0)]
14:50:20 [(609.5, -677.0)]
14:50:20 [(653.5, -748.5)]
14:50:21 [(700.0, -813.5)]
14:50:21 [(761.0, -877.0)]
14:50:21 [(818.0, -937.0)]
14:50:21 [(887.5, -997.0)]
14:50:21 [(949.0, -1070.5)]
14:50:21 [(1020.5, -1131.5)]
14:50:21 [(1084.5, -1176.5)]
14:50:21 [(1148.5, -1229.0)]
14:50:21 [(1213.0, -1280.5)]
14:50:21 [(1253.5, -1324.0)]
14:50:21 [(1299.0, -1367.5)]
14:50:22 [(1357.5, -1415.0)]
14:50:22 [(1406.0, -1453.5)]
14:50:22 [(1441.5, -1499.5)]
14:50:22 [(1473.0, -1548.5)]
14:50:22 [(1496.5, -1593.5)]
14:50:22 [(1507.5, -1634.5)]
14:50:22 [(1529.0, -1668.0)]
14:50:22 [(1571.0, -1708.5)]
14:50:22 [(1626.0, -1735.5)]
14:50:22 [(1670.0, -1727.5)]
14:50:22 [(1706.0, -1724.0)]
14:50:23 [(1742.0, -1731.0)]
14:50:23 [(1765.0, -1747.0)]
14:50:23 []
14:50:23 []
14:50:23 []
14:50:23 []
14:50:23 []
14:50:23 []
14:50:23 []
14:50:23 []
14:50:23 []
14:50:23 []
14:50:24 []
14:50:24 []
14:50:24 []
14:50:24 []
14:50:24 []
14:50:24 []
14:50:24 []
14:50:24 []
14:50:24 []
14:50:24 []
14:50:24 []
14:50:25 []
14:50:25 []
14:50:25 []
14:50:25 []
14:50:25 []
14:50:25 []
14:50:25 []
14:50:25 []
14:50:25 []
14:50:25 []
14:50:25 []
14:50:26 []
14:50:26 []
14:50:26 []
14:50:26 []
14:50:26 []
14:50:26 []
14:50:26 []
14:50:26 []
14:50:26 []
14:50:26 []
14:50:26 []
14:50:27 []
14:50:27 []
14:50:27 []
14:50:27 []
14:50:27 []
14:50:27 []
14:50:27 []
14:50:27 []
14:50:27 []
14:50:27 []
14:50:27 []
14:50:28 []
14:50:28 []
14:50:28 []
14:50:28 []
14:50:28 []
14:50:28 []
14:50:28 []
14:50:28 []
14:50:28 []
14:50:28 []
14:50:28 []
14:50:29 []
14:50:29 []
14:50:29 []
14:50:29 []
14:50:29 []
14:50:29 []
14:50:29 []
14:50:29 []
14:50:29 []
14:50:29 []
14:50:29 []
14:50:30 []
14:50:30 []
14:50:30 []
14:50:30 []
14:50:30 []
14:50:30 []
14:50:30 []
14:50:30 []
14:50:30 []
14:50:30 []
14:50:30 []
14:50:31 []
14:50:31 []
14:50:31 []
14:50:31 []
14:50:31 []
14:50:31 []
14:50:31 []
14:50:31 []
14:50:31 []
14:50:31 []
14:50:31 []
14:50:32 []
14:50:32 []
14:50:32 []
14:50:32 []
14:50:32 []
14:50:32 []
14:50:32 []
14:50:32 []
14:50:32 []
14:50:32 []
14:50:32 []
14:50:32 []
14:50:33 [(1274.5, 1618.5)]
14:50:33 [(1258.0, 1575.0)]
14:50:33 [(1222.5, 1537.5)]
14:50:33 [(1175.0, 1496.0)]
14:50:33 [(1127.0, 1429.0)]
14:50:33 [(1069.0, 1352.0)]
14:50:33 [(1011.0, 1273.0)]
14:50:33 [(946.5, 1197.5)]
14:50:33 [(883.0, 1122.5)]
14:50:33 [(829.0, 1059.5)]
14:50:33 [(768.0, 1004.5)]
14:50:34 [(710.0, 940.5)]
14:50:34 [(655.5, 858.0)]
14:50:34 [(599.0, 784.5)]
14:50:34 [(541.5, 715.5)]
14:50:34 [(483.0, 655.5)]
14:50:34 [(423.5, 593.0)]
14:50:34 [(361.5, 523.5)]
14:50:34 [(302.0, 459.0)]
14:50:34 [(238.0, 394.5)]
14:50:34 [(180.0, 328.5)]
14:50:34 [(126.5, 267.5)]
14:50:35 [(67.0, 216.0)]
14:50:35 [(10.5, 160.0)]
14:50:35 [(-44.5, 108.0)]
14:50:35 [(-87.0, 47.5)]
14:50:35 [(-126.0, -32.5)]
14:50:35 [(-175.5, -114.5)]
14:50:35 [(-234.5, -195.5)]
14:50:35 [(-289.0, -288.5)]
14:50:35 [(-332.0, -381.5)]
14:50:35 [(-388.5, -469.0)]
14:50:35 [(-463.5, -559.0)]
14:50:35 [(-541.5, -645.5)]
14:50:36 [(-612.5, -716.0)]
14:50:36 [(-674.0, -784.0)]
14:50:36 [(-736.5, -838.5)]
14:50:36 [(-794.0, -905.5)]
14:50:36 [(-840.5, -992.5)]
14:50:36 [(-889.0, -1076.0)]
14:50:36 [(-957.0, -1144.0)]
14:50:36 [(-1039.0, -1211.0)]
14:50:36 [(-1106.5, -1280.5)]
14:50:36 [(-1164.0, -1348.0)]
14:50:36 [(-1226.5, -1405.5)]
14:50:37 [(-1285.0, -1456.0)]
14:50:37 [(-1340.5, -1512.0)]
14:50:37 [(-1403.0, -1574.0)]
14:50:37 [(-1450.0, -1639.0)]
14:50:37 [(-1506.0, -1701.5)]
14:50:37 [(-1567.0, -1753.5)]
14:50:37 [(-1615.5, -1794.5)]
14:50:37 [(-1677.0, -1826.0)]
14:50:37 [(-1728.0, -1858.5)]
14:50:37 [(-1752.5, -1903.5)]
14:50:38 [(-1771.5, -1948.0)]
14:50:38 [(-1780.5, -1993.0)]
14:50:38 [(-1793.0, -2028.5)]
14:50:38 [(-1804.5, -2068.0)]
14:50:38 [(-1824.5, -2095.5)]
14:50:38 [(-1841.0, -2116.0)]
14:50:38 [(-1855.0, -2136.5)]
14:50:38 []
14:50:38 []
14:50:38 []
14:50:38 []
14:50:38 []
14:50:39 []
14:50:39 []
14:50:39 []
14:50:39 []
14:50:39 []
14:50:39 []
14:50:39 []
14:50:39 []
14:50:39 []
14:50:39 []
14:50:39 []
14:50:40 []
14:50:40 []
14:50:40 []
14:50:40 []
14:50:40 []
14:50:40 []
14:50:40 []
14:50:40 []
14:50:40 []
14:50:40 []
14:50:40 []
Disconnected from MQTT broker, return code 0

Script done on 2024-04-29 14:50:58+08:00 [COMMAND_EXIT_CODE="0"]
