Script started on 2024-04-23 14:17:49+08:00 [TERM="xterm-256color" TTY="/dev/pts/0" COLUMNS="95" LINES="24"]
App start.
Connected to MQTT broker.
14:18:35 []
14:18:35 []
14:18:35 []
14:18:35 []
14:18:35 []
14:18:35 []
14:18:35 []
14:18:35 []
14:18:36 []
14:18:36 []
14:18:36 []
14:18:36 []
14:18:36 []
14:18:36 []
14:18:36 []
14:18:36 []
14:18:36 []
14:18:36 []
14:18:36 []
14:18:37 []
14:18:37 []
14:18:37 []
14:18:37 []
14:18:37 []
14:18:37 []
14:18:37 []
14:18:37 []
14:18:37 []
14:18:37 []
14:18:37 []
14:18:38 []
14:18:38 []
14:18:38 []
14:18:38 []
14:18:38 []
14:18:38 []
14:18:38 []
14:18:38 []
14:18:38 []
14:18:38 []
14:18:38 []
14:18:38 []
14:18:39 []
14:18:39 []
14:18:39 []
14:18:39 []
14:18:39 []
14:18:39 []
14:18:39 []
14:18:39 []
14:18:39 []
14:18:39 []
14:18:39 []
14:18:40 []
14:18:40 []
14:18:40 []
14:18:40 []
14:18:40 []
14:18:40 []
14:18:40 []
14:18:40 []
14:18:40 []
14:18:40 []
14:18:40 []
14:18:41 []
14:18:41 []
14:18:41 []
14:18:41 []
14:18:41 []
14:18:41 []
14:18:41 []
14:18:41 []
14:18:41 []
14:18:41 []
14:18:41 []
14:18:42 []
14:18:42 []
14:18:42 []
14:18:42 []
14:18:42 []
14:18:42 []
14:18:42 []
14:18:42 []
14:18:42 []
14:18:42 []
14:18:42 []
14:18:43 []
14:18:43 []
14:18:43 []
14:18:43 []
14:18:43 []
14:18:43 []
14:18:43 []
14:18:43 []
14:18:43 [(-2558.5, 128.0)]
14:18:43 [(-2566.0, 174.0)]
14:18:43 [(-2569.5, 225.5)]
14:18:44 [(-2479.33, 116.0)]
14:18:44 [(-2493.0, 180.0)]
14:18:44 [(-2581.0, 423.5)]
14:18:44 [(-2576.0, 497.0)]
14:18:44 [(-2574.5, 555.5)]
14:18:44 [(-2567.5, 619.5)]
14:18:44 [(-2564.0, 671.0)]
14:18:44 [(-2561.0, 732.5)]
14:18:44 [(-2551.5, 801.5)]
14:18:44 [(-2550.5, 865.5)]
14:18:44 [(-2550.5, 925.5)]
14:18:45 [(-2558.0, 975.0)]
14:18:45 [(-2561.5, 1028.5)]
14:18:45 [(-2580.0, 1073.0)]
14:18:45 [(-2595.0, 1125.5)]
14:18:45 [(-2603.0, 1178.5)]
14:18:45 [(-2603.5, 1231.5)]
14:18:45 [(-2599.0, 1288.5)]
14:18:45 [(-2595.5, 1340.5)]
14:18:45 [(-2598.0, 1394.5)]
14:18:45 [(-2582.0, 1451.5)]
14:18:45 [(-2542.5, 1503.5)]
14:18:46 [(-2499.5, 1544.5)]
14:18:46 [(-2458.5, 1563.0)]
14:18:46 []
14:18:46 []
14:18:46 []
14:18:46 []
14:18:46 []
14:18:46 []
14:18:46 []
14:18:46 []
14:18:46 []
14:18:46 []
14:18:47 []
14:18:47 []
14:18:47 []
14:18:47 []
14:18:47 []
14:18:47 []
14:18:47 []
14:18:47 []
14:18:47 []
14:18:47 [(-2617.5, 1923.0)]
14:18:47 []
14:18:48 [(-2629.0, 1962.5)]
14:18:48 [(-2640.0, 1973.0)]
14:18:48 [(-2654.0, 1978.0)]
14:18:48 [(-2665.0, 1979.5)]
14:18:48 [(-2674.0, 1982.0)]
14:18:48 [(-2676.0, 1982.5)]
14:18:48 [(-2674.0, 1987.5)]
14:18:48 [(-2673.0, 1995.5)]
14:18:48 [(-2673.5, 2002.0)]
14:18:48 [(-2676.5, 2007.5)]
14:18:48 [(-2680.5, 2012.0)]
14:18:49 [(-2682.5, 2015.5)]
14:18:49 [(-2680.5, 2021.0)]
14:18:49 [(-2678.0, 2025.0)]
14:18:49 [(-2676.0, 2028.5)]
14:18:49 [(-2675.0, 2029.0)]
14:18:49 [(-2665.0, 2031.5)]
14:18:49 [(-2648.5, 2034.0)]
14:18:49 [(-2470.33, 2115.67)]
14:18:49 [(-2237.5, 2156.5)]
14:18:49 [(-2170.0, 2182.5)]
14:18:49 [(-2106.0, 2192.5)]
14:18:50 [(-2051.0, 2193.5)]
14:18:50 [(-1990.0, 2172.5)]
14:18:50 [(-1924.0, 2153.0)]
14:18:50 []
14:18:50 []
14:18:50 []
14:18:50 []
14:18:50 []
14:18:50 []
14:18:50 []
14:18:50 [(-1532.0, 1683.0)]
14:18:51 [(-1477.0, 1645.5)]
14:18:51 [(-1415.0, 1616.0)]
14:18:51 []
14:18:51 []
14:18:51 []
14:18:51 []
14:18:51 []
14:18:51 [(-1113.0, 1382.0)]
14:18:51 [(-1281.0, 1202.33)]
14:18:51 [(-1212.0, 1157.67)]
14:18:51 [(-1150.75, 1171.0)]
14:18:52 [(-1091.75, 1120.0)]
14:18:52 [(-1043.25, 1067.75)]
14:18:52 [(-1002.5, 1011.75)]
14:18:52 [(-963.25, 959.5)]
14:18:52 [(-917.25, 918.25)]
14:18:52 [(-869.0, 891.25)]
14:18:52 [(-813.5, 846.75)]
14:18:52 [(-765.25, 793.0)]
14:18:52 [(-716.5, 715.5)]
14:18:52 [(-669.75, 643.25)]
14:18:52 [(-615.5, 581.75)]
14:18:53 [(-551.5, 529.25)]
14:18:53 [(-494.25, 478.5)]
14:18:53 [(-454.75, 418.25)]
14:18:53 [(-414.0, 375.5)]
14:18:53 [(-377.25, 329.25)]
14:18:53 [(-351.25, 291.25)]
14:18:53 [(-320.75, 240.0)]
14:18:53 [(-284.25, 202.0)]
14:18:53 [(-254.25, 154.75)]
14:18:53 [(-221.5, 113.0)]
14:18:53 [(-213.67, 194.33)]
14:18:54 [(-149.0, 147.33)]
14:18:54 [(-104.0, 86.0)]
14:18:54 [(-27.75, -88.75)]
14:18:54 [(13.75, -147.25)]
14:18:54 [(58.0, -198.25)]
14:18:54 [(107.5, -240.75)]
14:18:54 [(159.75, -289.75)]
14:18:54 [(224.25, -345.0)]
14:18:54 [(305.5, -413.5)]
14:18:54 [(383.5, -479.25)]
14:18:54 [(454.0, -535.0)]
14:18:54 [(510.25, -591.25)]
14:18:55 [(558.0, -654.0)]
14:18:55 [(601.25, -711.0)]
14:18:55 [(636.5, -766.5)]
14:18:55 [(673.75, -817.75)]
14:18:55 [(712.25, -861.5)]
14:18:55 [(746.5, -909.5)]
14:18:55 [(784.25, -959.0)]
14:18:55 [(822.75, -998.0)]
14:18:55 [(878.0, -1026.25)]
14:18:55 [(936.0, -1055.25)]
14:18:55 [(984.0, -1077.75)]
14:18:56 [(1032.25, -1086.5)]
14:18:56 [(1075.0, -1088.25)]
14:18:56 [(1119.5, -1093.25)]
14:18:56 [(1101.0, -1225.33)]
14:18:56 [(1234.0, -1134.25)]
14:18:56 [(1287.0, -1163.5)]
14:18:56 [(1349.25, -1203.75)]
14:18:56 [(1401.75, -1234.5)]
14:18:56 [(1448.5, -1275.0)]
14:18:56 [(1493.5, -1318.0)]
14:18:56 [(1527.25, -1358.5)]
14:18:57 [(1557.5, -1396.75)]
14:18:57 [(1588.75, -1440.75)]
14:18:57 [(1618.0, -1482.75)]
14:18:57 [(1642.5, -1528.75)]
14:18:57 [(1814.67, -1690.0)]
14:18:57 [(1684.0, -1846.0)]
14:18:57 [(1702.0, -1909.5)]
14:18:57 [(1714.5, -1970.0)]
14:18:57 [(1723.5, -2027.5)]
14:18:57 [(1718.0, -2073.0)]
14:18:57 []
14:18:58 []
14:18:58 []
14:18:58 []
14:18:58 []
14:18:58 [(1964.0, -2191.5)]
14:18:58 [(2023.5, -2208.0)]
14:18:58 [(2080.5, -2226.5)]
14:18:58 [(2117.5, -2243.0)]
14:18:58 [(2149.0, -2259.5)]
14:18:58 [(2138.5, -2270.0)]
14:18:58 [(2129.5, -2277.5)]
14:18:59 [(2117.5, -2286.5)]
14:18:59 [(2103.5, -2294.5)]
14:18:59 [(2093.0, -2298.5)]
14:18:59 [(2088.5, -2301.0)]
14:18:59 [(2083.5, -2302.0)]
14:18:59 [(2079.0, -2305.5)]
14:18:59 [(2075.0, -2308.5)]
14:18:59 [(2072.0, -2312.0)]
14:18:59 [(2082.0, -2329.5)]
14:18:59 [(2080.5, -2332.0)]
14:18:59 [(2078.0, -2334.0)]
14:19:00 [(2073.5, -2333.0)]
14:19:00 [(2068.0, -2330.5)]
14:19:00 [(2065.5, -2329.5)]
14:19:00 []
14:19:00 []
14:19:00 []
14:19:00 []
14:19:00 []
14:19:00 []
14:19:00 []
14:19:00 []
14:19:01 []
14:19:01 []
14:19:01 []
14:19:01 []
14:19:01 []
14:19:01 []
14:19:01 []
14:19:01 []
14:19:01 [(2342.0, -1773.5)]
14:19:01 [(2359.0, -1701.5)]
14:19:01 [(2364.5, -1621.5)]
14:19:01 [(2356.5, -1545.5)]
14:19:02 [(2345.0, -1466.0)]
14:19:02 [(2337.0, -1397.0)]
14:19:02 [(2342.5, -1320.5)]
14:19:02 [(2344.0, -1253.0)]
14:19:02 [(2353.5, -1192.0)]
14:19:02 [(2373.0, -1120.0)]
14:19:02 [(2404.5, -1047.0)]
14:19:02 [(2421.0, -979.5)]
14:19:02 [(2464.5, -899.5)]
14:19:02 [(2493.5, -815.5)]
14:19:02 [(2488.0, -712.0)]
14:19:03 [(2481.0, -625.5)]
14:19:03 [(2481.5, -546.0)]
14:19:03 [(2481.5, -484.5)]
14:19:03 [(2486.0, -422.0)]
14:19:03 [(2512.5, -355.0)]
14:19:03 [(2556.5, -287.5)]
14:19:03 [(2749.33, -173.33)]
14:19:03 [(2752.33, -131.67)]
14:19:03 [(2750.0, -95.0)]
14:19:03 [(2718.0, -37.0)]
14:19:03 [(2674.0, 11.33)]
14:19:04 [(2642.0, 52.0)]
14:19:04 [(2624.0, 79.0)]
14:19:04 [(2619.67, 108.67)]
14:19:04 [(2626.0, 143.33)]
14:19:04 [(2723.0, 270.5)]
14:19:04 [(2729.5, 317.0)]
14:19:04 [(2753.5, 355.5)]
14:19:04 [(2770.5, 410.5)]
14:19:04 [(2778.0, 482.5)]
14:19:04 [(2779.5, 556.5)]
14:19:04 [(2775.0, 644.0)]
14:19:05 [(2766.5, 719.5)]
14:19:05 [(2757.5, 787.0)]
14:19:05 []
14:19:05 []
14:19:05 []
14:19:05 [(2725.0, 1084.5)]
14:19:05 [(2725.5, 1157.5)]
14:19:05 [(2706.5, 1227.0)]
14:19:05 [(2706.0, 1289.0)]
14:19:05 [(2708.5, 1367.5)]
14:19:05 [(2729.0, 1433.0)]
14:19:05 [(2744.5, 1503.5)]
14:19:06 [(2754.5, 1565.0)]
14:19:06 [(2742.0, 1624.5)]
14:19:06 [(2715.0, 1687.0)]
14:19:06 [(2701.0, 1745.0)]
14:19:06 [(2680.5, 1821.0)]
14:19:06 [(2666.5, 1888.5)]
14:19:06 [(2641.5, 1959.5)]
14:19:06 [(2604.0, 2017.5)]
14:19:06 [(2571.0, 2083.5)]
14:19:06 [(2544.0, 2174.0)]
14:19:06 [(2514.5, 2251.0)]
14:19:07 [(2467.0, 2320.5)]
14:19:07 []
14:19:07 []
14:19:07 []
14:19:07 []
14:19:07 []
14:19:07 [(2308.5, 2390.0)]
14:19:07 [(2312.0, 2386.5)]
14:19:07 [(2305.0, 2392.0)]
14:19:07 [(2299.5, 2398.0)]
14:19:07 [(2301.0, 2400.5)]
14:19:08 [(2301.0, 2404.5)]
14:19:08 [(2299.0, 2408.5)]
14:19:08 []
14:19:08 []
14:19:08 []
14:19:08 []
14:19:08 []
14:19:08 []
14:19:08 []
14:19:08 []
14:19:08 []
14:19:09 []
14:19:09 [(2313.5, 2412.0)]
14:19:09 [(2308.0, 2407.0)]
14:19:09 [(2307.5, 2397.0)]
14:19:09 [(2304.5, 2390.0)]
14:19:09 [(2291.0, 2388.5)]
14:19:09 [(2281.5, 2390.0)]
14:19:09 [(2270.5, 2393.0)]
14:19:09 [(2244.0, 2400.0)]
14:19:09 [(2218.5, 2410.0)]
14:19:09 [(2213.0, 2411.5)]
14:19:09 [(2209.0, 2401.5)]
14:19:10 [(2201.5, 2395.5)]
14:19:10 [(2188.0, 2387.5)]
14:19:10 [(2154.5, 2364.5)]
14:19:10 [(2123.5, 2338.0)]
14:19:10 [(2068.5, 2294.5)]
14:19:10 [(2017.0, 2261.0)]
14:19:10 [(1976.5, 2230.5)]
14:19:10 [(1936.0, 2208.0)]
14:19:10 [(1881.0, 2174.0)]
14:19:10 [(1826.5, 2122.0)]
14:19:10 [(1750.0, 2041.0)]
14:19:11 [(1678.0, 1954.5)]
14:19:11 [(1611.0, 1863.5)]
14:19:11 [(1540.5, 1783.5)]
14:19:11 [(1610.33, 1585.33)]
14:19:11 [(1499.67, 1530.67)]
14:19:11 [(1406.33, 1471.0)]
14:19:11 [(1316.0, 1406.0)]
14:19:11 [(1240.0, 1336.0)]
14:19:11 [(1165.33, 1265.67)]
14:19:11 [(1100.0, 1194.67)]
14:19:11 [(1042.33, 1135.0)]
14:19:12 [(995.67, 1072.67)]
14:19:12 [(986.67, 1001.33)]
14:19:12 [(989.5, 933.75)]
14:19:12 [(985.25, 873.25)]
14:19:12 [(958.25, 807.75)]
14:19:12 [(799.33, 872.33)]
14:19:12 [(745.33, 846.0)]
14:19:12 [(580.25, 778.0)]
14:19:12 [(541.0, 745.5)]
14:19:12 [(487.75, 693.5)]
14:19:12 [(282.33, 592.33)]
14:19:13 [(362.0, 568.75)]
14:19:13 [(295.0, 489.25)]
14:19:13 [(234.75, 419.75)]
14:19:13 [(177.25, 358.5)]
14:19:13 [(128.0, 291.0)]
14:19:13 [(78.5, 215.75)]
14:19:13 [(35.0, 143.25)]
14:19:13 [(-4.0, 88.25)]
14:19:13 [(-46.0, 26.75)]
14:19:13 [(-88.25, -34.25)]
14:19:13 [(-140.0, -94.75)]
14:19:14 [(-188.5, -162.75)]
14:19:14 [(-245.75, -238.5)]
14:19:14 [(-306.0, -301.0)]
14:19:14 [(-367.5, -363.25)]
14:19:14 [(-420.5, -421.5)]
14:19:14 [(-482.75, -481.25)]
14:19:14 [(-547.25, -543.5)]
14:19:14 [(-602.25, -601.5)]
14:19:14 [(-660.0, -662.75)]
14:19:14 [(-713.5, -726.0)]
14:19:14 [(-756.75, -790.75)]
14:19:15 [(-794.25, -852.0)]
14:19:15 [(-814.0, -914.0)]
14:19:15 [(-841.75, -964.0)]
14:19:15 [(-867.25, -1010.75)]
14:19:15 [(-903.25, -1055.25)]
14:19:15 [(-952.5, -1098.75)]
14:19:15 [(-1010.25, -1136.75)]
14:19:15 [(-1086.0, -1169.75)]
14:19:15 [(-1163.25, -1203.75)]
14:19:15 [(-1238.0, -1232.75)]
14:19:15 [(-1310.25, -1250.5)]
14:19:16 [(-1366.75, -1270.75)]
14:19:16 [(-1406.25, -1308.0)]
14:19:16 [(-1307.67, -1426.0)]
14:19:16 [(-1317.67, -1524.0)]
14:19:16 [(-1334.67, -1605.67)]
14:19:16 [(-1451.5, -1495.0)]
14:19:16 [(-1476.5, -1528.0)]
14:19:16 [(-1485.5, -1588.5)]
14:19:16 [(-1490.0, -1654.5)]
14:19:16 [(-1497.5, -1717.0)]
14:19:16 [(-1516.5, -1772.0)]
14:19:16 [(-1593.0, -1791.5)]
14:19:17 [(-1671.0, -1818.5)]
14:19:17 [(-1729.5, -1847.0)]
14:19:17 [(-1778.5, -1882.0)]
14:19:17 [(-1819.0, -1923.0)]
14:19:17 [(-1864.0, -1955.0)]
14:19:17 [(-1908.0, -1991.0)]
14:19:17 [(-1937.0, -2037.5)]
14:19:17 [(-1964.0, -2081.5)]
14:19:17 [(-1992.5, -2135.0)]
14:19:17 [(-2019.0, -2209.5)]
14:19:18 [(-2035.0, -2255.5)]
14:19:18 [(-2047.5, -2297.5)]
14:19:18 [(-2067.0, -2320.5)]
14:19:18 [(-2088.0, -2321.5)]
14:19:18 [(-2114.5, -2305.0)]
14:19:18 [(-2139.5, -2287.0)]
14:19:18 []
14:19:18 []
14:19:18 []
14:19:18 []
14:19:18 []
14:19:18 []
14:19:19 []
14:19:19 []
14:19:19 []
14:19:19 []
14:19:19 []
14:19:19 []
14:19:19 []
14:19:19 []
14:19:19 []
14:19:19 []
14:19:20 []
14:19:20 []
14:19:20 []
14:19:20 []
14:19:20 []
14:19:20 []
14:19:20 []
14:19:20 []
14:19:20 []
14:19:20 []
14:19:20 []
14:19:20 []
14:19:21 []
14:19:21 []
14:19:21 []
14:19:21 []
14:19:21 []
14:19:21 []
14:19:21 []
14:19:21 []
14:19:21 []
14:19:21 []
14:19:21 []
14:19:22 []
14:19:22 []
14:19:22 []
14:19:22 []
Disconnected from MQTT broker, return code 0

Script done on 2024-04-23 14:19:55+08:00 [COMMAND_EXIT_CODE="0"]
