Script started on 2024-04-29 14:43:43+08:00 [TERM="xterm-256color" TTY="/dev/pts/0" COLUMNS="92" LINES="23"]
App start.
Config updated: {'brokeraddr': '10.42.0.1', 'brokerport': '1883', 'plot_xlims': '(-3500,3500)', 'plot_ylims': '(-3500,3500)', 'clusterrad': '500.0', 'clustersz': '2', 'radar1_en': 'True', 'radar2_en': 'False', 'radar3_en': 'False', 'radar4_en': 'False', 'radar1_x': '0.0', 'radar1_y': '-3000.0', 'radar1_a': '0.0', 'radar2_x': '-3000.0', 'radar2_y': '0.0', 'radar2_a': '-90.0', 'radar3_x': '0.0', 'radar3_y': '3000.0', 'radar3_a': '180.0', 'radar4_x': '3000.0', 'radar4_y': '0.0', 'radar4_a': '90.0', 'default': '<Section: DEFAULT>'}
Connected to MQTT broker.
14:44:32 []
14:44:32 []
14:44:32 []
14:44:32 []
14:44:32 []
14:44:32 []
14:44:32 []
14:44:32 []
14:44:32 []
14:44:32 []
14:44:32 []
14:44:33 []
14:44:33 []
14:44:33 []
14:44:33 []
14:44:33 []
14:44:33 []
14:44:33 []
14:44:33 []
14:44:33 []
14:44:33 []
14:44:33 []
14:44:33 []
14:44:34 []
14:44:34 []
14:44:34 []
14:44:34 []
14:44:34 []
14:44:34 []
14:44:34 []
14:44:34 []
14:44:34 []
14:44:34 []
14:44:34 []
14:44:35 []
14:44:35 []
14:44:35 []
14:44:35 []
14:44:35 []
14:44:35 []
14:44:35 []
14:44:35 []
14:44:35 []
14:44:35 []
14:44:35 []
14:44:36 []
14:44:36 []
14:44:36 []
14:44:36 []
Config updated: {'brokeraddr': '10.42.0.1', 'brokerport': '1883', 'plot_xlims': '(-3500,3500)', 'plot_ylims': '(-3500,3500)', 'clusterrad': '500.0', 'clustersz': '1', 'radar1_en': 'True', 'radar2_en': 'False', 'radar3_en': 'False', 'radar4_en': 'False', 'radar1_x': '0.0', 'radar1_y': '-3000.0', 'radar1_a': '0.0', 'radar2_x': '-3000.0', 'radar2_y': '0.0', 'radar2_a': '-90.0', 'radar3_x': '0.0', 'radar3_y': '3000.0', 'radar3_a': '180.0', 'radar4_x': '3000.0', 'radar4_y': '0.0', 'radar4_a': '90.0', 'default': '<Section: DEFAULT>'}
14:44:36 []
14:44:36 []
14:44:38 []
14:44:38 []
14:44:38 []
14:44:38 []
14:44:39 []
14:44:39 []
14:44:39 []
14:44:39 []
14:44:39 []
14:44:39 []
14:44:39 []
14:44:39 []
14:44:39 []
14:44:39 []
14:44:39 []
14:44:40 []
14:44:40 []
14:44:40 []
14:44:40 []
14:44:40 []
14:44:40 []
14:44:40 []
14:44:40 []
14:44:40 []
14:44:40 []
14:44:40 []
14:44:41 []
14:44:41 []
14:44:41 []
14:44:41 []
14:44:41 []
14:44:41 []
14:44:41 []
14:44:41 []
14:44:41 []
14:44:41 []
14:44:41 []
14:44:41 []
14:44:42 []
14:44:42 []
Disconnected from MQTT broker, return code 0
Config updated: {'brokeraddr': '10.42.0.1', 'brokerport': '1883', 'plot_xlims': '(-3500,3500)', 'plot_ylims': '(-3500,3500)', 'clusterrad': '500.0', 'clustersz': '1', 'radar1_en': 'True', 'radar2_en': 'False', 'radar3_en': 'False', 'radar4_en': 'False', 'radar1_x': '0.0', 'radar1_y': '-3000.0', 'radar1_a': '0.0', 'radar2_x': '-3000.0', 'radar2_y': '0.0', 'radar2_a': '-90.0', 'radar3_x': '0.0', 'radar3_y': '3000.0', 'radar3_a': '180.0', 'radar4_x': '3000.0', 'radar4_y': '0.0', 'radar4_a': '90.0', 'default': '<Section: DEFAULT>'}
Connected to MQTT broker.
14:44:43 [(322.0, 204.0)]
14:44:43 [(362.0, 301.0)]
14:44:44 [(383.0, 409.0)]
14:44:44 [(400.0, 515.0)]
14:44:44 [(414.0, 614.0)]
14:44:44 [(414.0, 694.0)]
14:44:44 [(433.0, 763.0)]
14:44:44 [(454.0, 823.0)]
14:44:44 [(519.0, 870.0)]
14:44:44 [(573.0, 906.0)]
14:44:44 [(555.0, 891.0)]
14:44:44 [(550.0, 885.0)]
14:44:44 [(547.0, 884.0)]
14:44:45 [(545.0, 883.0)]
14:44:45 [(542.0, 883.0)]
14:44:45 [(536.0, 881.0)]
14:44:45 [(528.0, 875.0)]
14:44:45 [(519.0, 872.0)]
14:44:45 [(508.0, 869.0)]
14:44:45 [(505.0, 868.0)]
14:44:45 [(500.0, 866.0)]
14:44:45 [(495.0, 865.0)]
14:44:45 [(492.0, 863.0)]
14:44:45 [(488.0, 862.0)]
14:44:45 [(477.0, 863.0)]
14:44:46 [(465.0, 866.0)]
14:44:46 [(446.0, 864.0)]
14:44:46 [(420.0, 860.0)]
14:44:46 [(381.0, 857.0)]
14:44:46 [(249.0, 842.0)]
14:44:46 [(-3.0, 808.0)]
14:44:46 [(-229.0, 774.0)]
14:44:46 [(-426.0, 743.0)]
14:44:46 [(-597.0, 714.0)]
14:44:46 [(-743.0, 689.0)]
14:44:46 [(-862.0, 638.0)]
14:44:47 [(-968.0, 604.0)]
14:44:47 [(-1071.0, 571.0)]
14:44:47 [(-1161.0, 558.0)]
14:44:47 [(-1236.0, 562.0)]
14:44:47 [(-1276.0, 580.0)]
14:44:47 [(-1281.0, 608.0)]
14:44:47 [(-1276.0, 626.0)]
14:44:47 [(-1275.0, 643.0)]
14:44:47 [(-1308.0, 645.0)]
14:44:47 [(-1340.0, 641.0)]
14:44:47 [(-1364.0, 636.0)]
14:44:48 [(-1379.0, 632.0)]
14:44:48 [(-1392.0, 627.0)]
14:44:48 [(-1416.0, 620.0)]
14:44:48 [(-1454.0, 607.0)]
14:44:48 [(-1486.0, 594.0)]
14:44:48 [(-1517.0, 575.0)]
14:44:48 [(-1554.0, 545.0)]
14:44:48 [(-1564.0, 537.0)]
14:44:48 [(-1557.0, 531.0)]
14:44:48 [(-1550.0, 526.0)]
14:44:48 [(-1544.0, 518.0)]
14:44:49 [(-1534.0, 511.0)]
14:44:49 [(-1524.0, 501.0)]
14:44:49 [(-1497.0, 469.0)]
14:44:49 [(-1479.0, 430.0)]
14:44:49 [(-1464.0, 387.0)]
14:44:49 [(-1452.0, 342.0)]
14:44:49 [(-1427.0, 259.0)]
14:44:49 [(-1408.0, 173.0)]
14:44:49 [(-1385.0, 87.0)]
14:44:49 [(-1355.0, 13.0)]
14:44:49 [(-1326.0, -54.0)]
14:44:49 [(-1306.0, -114.0)]
14:44:50 [(-1289.0, -171.0)]
14:44:50 [(-1267.0, -239.0)]
14:44:50 [(-1236.0, -312.0)]
14:44:50 [(-1224.0, -390.0)]
14:44:50 [(-1208.0, -462.0)]
14:44:50 [(-1186.0, -528.0)]
14:44:50 [(-1170.0, -588.0)]
14:44:50 [(-1144.0, -645.0)]
14:44:50 [(-1132.0, -701.0)]
14:44:50 [(-1124.0, -755.0)]
14:44:50 [(-1116.0, -804.0)]
14:44:51 [(-1112.0, -857.0)]
14:44:51 [(-1088.0, -912.0)]
14:44:51 [(-1082.0, -968.0)]
14:44:51 [(-1079.0, -1012.0)]
14:44:51 [(-1055.0, -1043.0)]
14:44:51 [(-1050.0, -1076.0)]
14:44:51 [(-1037.0, -1100.0)]
14:44:51 [(-1036.0, -1120.0)]
14:44:51 [(-1035.0, -1136.0)]
14:44:51 [(-1036.0, -1138.0)]
14:44:51 [(-1034.0, -1143.0)]
14:44:52 [(-1022.0, -1141.0)]
14:44:52 [(-1013.0, -1140.0)]
14:44:52 [(-1016.0, -1143.0)]
14:44:52 [(-1016.0, -1144.0)]
14:44:52 [(-1014.0, -1148.0)]
14:44:52 [(-1003.0, -1160.0)]
14:44:52 [(-987.0, -1172.0)]
14:44:52 [(-963.0, -1183.0)]
14:44:52 [(-935.0, -1194.0)]
14:44:52 [(-905.0, -1206.0)]
14:44:52 [(-832.0, -1224.0)]
14:44:53 [(-774.0, -1236.0)]
14:44:53 [(-737.0, -1249.0)]
14:44:53 [(-694.0, -1249.0)]
14:44:53 [(-629.0, -1238.0)]
14:44:53 [(-549.0, -1227.0)]
14:44:53 [(-457.0, -1220.0)]
14:44:53 [(-364.0, -1212.0)]
14:44:53 [(-269.0, -1205.0)]
14:44:53 [(-172.0, -1198.0)]
14:44:53 [(-95.0, -1190.0)]
14:44:53 [(-39.0, -1184.0)]
14:44:53 [(30.0, -1180.0)]
14:44:54 [(107.0, -1173.0)]
14:44:54 [(174.0, -1166.0)]
14:44:54 [(228.0, -1160.0)]
14:44:54 [(274.0, -1159.0)]
14:44:54 [(332.0, -1162.0)]
14:44:54 [(410.0, -1157.0)]
14:44:54 [(497.0, -1149.0)]
14:44:54 [(595.0, -1138.0)]
14:44:54 [(701.0, -1133.0)]
14:44:54 [(821.0, -1149.0)]
14:44:54 [(926.0, -1158.0)]
14:44:55 [(1025.0, -1183.0)]
14:44:55 [(1108.0, -1202.0)]
14:44:55 [(1170.0, -1210.0)]
14:44:55 [(1226.0, -1206.0)]
14:44:55 [(1294.0, -1210.0)]
14:44:55 [(1353.0, -1222.0)]
14:44:55 [(1394.0, -1232.0)]
14:44:55 [(1415.0, -1240.0)]
14:44:55 [(1444.0, -1239.0)]
14:44:55 [(1474.0, -1233.0)]
14:44:55 [(1500.0, -1230.0)]
14:44:56 [(1523.0, -1226.0)]
14:44:56 [(1547.0, -1232.0)]
14:44:56 [(1577.0, -1234.0)]
14:44:56 [(1579.0, -1214.0)]
14:44:56 [(1569.0, -1199.0)]
14:44:56 [(1566.0, -1183.0)]
14:44:56 [(1571.0, -1165.0)]
14:44:56 [(1577.0, -1144.0)]
14:44:56 [(1583.0, -1125.0)]
14:44:56 [(1598.0, -1101.0)]
14:44:56 [(1618.0, -1037.0)]
14:44:57 [(1618.0, -963.0)]
14:44:57 [(1593.0, -881.0)]
14:44:57 [(1557.0, -793.0)]
14:44:57 [(1485.0, -695.0)]
14:44:57 [(1434.0, -607.0)]
14:44:57 [(1396.0, -512.0)]
14:44:57 [(1373.0, -425.0)]
14:44:57 [(1358.0, -340.0)]
14:44:57 [(1325.0, -252.0)]
14:44:57 [(1265.0, -168.0)]
14:44:57 [(1185.0, -82.0)]
14:44:58 [(1100.0, -4.0)]
14:44:58 [(999.0, 94.0)]
14:44:58 [(890.0, 197.0)]
14:44:58 [(834.0, 290.0)]
14:44:58 [(789.0, 380.0)]
14:44:58 [(735.0, 452.0)]
14:44:58 [(702.0, 519.0)]
14:44:58 [(746.0, 581.0)]
14:44:58 [(788.0, 649.0)]
14:44:58 [(853.0, 719.0)]
14:44:58 [(999.0, 818.0)]
14:44:58 [(1167.0, 899.0)]
14:44:59 [(1323.0, 997.0)]
14:44:59 [(1449.0, 1092.0)]
14:44:59 [(1520.0, 1147.0)]
14:44:59 [(1578.0, 1197.0)]
14:44:59 [(1625.0, 1243.0)]
14:44:59 [(1656.0, 1317.0)]
14:44:59 [(1658.0, 1413.0)]
14:44:59 [(1630.0, 1541.0)]
14:44:59 [(1611.0, 1668.0)]
14:44:59 [(1630.0, 1783.0)]
14:44:59 [(1765.0, 1822.0)]
14:45:00 [(1933.0, 1872.0)]
14:45:00 [(2121.0, 1897.0)]
14:45:00 [(2279.0, 1884.0)]
14:45:00 [(2428.0, 1860.0)]
14:45:00 [(2583.0, 1851.0)]
14:45:00 [(2704.0, 1844.0)]
14:45:00 [(2816.0, 1836.0)]
14:45:00 [(2850.0, 1849.0)]
14:45:00 [(2856.0, 1883.0)]
14:45:00 [(2846.0, 1921.0)]
14:45:00 [(2828.0, 1959.0)]
14:45:01 [(2809.0, 1976.0)]
14:45:01 [(2767.0, 2007.0)]
14:45:01 [(2671.0, 2071.0)]
14:45:01 [(2553.0, 2120.0)]
14:45:01 [(2434.0, 2166.0)]
14:45:01 [(2200.0, 2149.0)]
14:45:01 [(1970.0, 2089.0)]
14:45:01 [(1778.0, 2034.0)]
14:45:01 [(1605.0, 1972.0)]
14:45:01 [(1452.0, 1910.0)]
14:45:01 [(1319.0, 1851.0)]
14:45:02 [(1205.0, 1797.0)]
14:45:02 [(1088.0, 1775.0)]
14:45:02 [(983.0, 1761.0)]
14:45:02 [(890.0, 1752.0)]
14:45:02 [(808.0, 1748.0)]
14:45:02 [(738.0, 1746.0)]
14:45:02 [(679.0, 1745.0)]
14:45:02 [(595.0, 1746.0)]
14:45:02 [(513.0, 1749.0)]
14:45:02 [(437.0, 1752.0)]
14:45:02 [(369.0, 1755.0)]
14:45:03 [(279.0, 1749.0)]
14:45:03 [(190.0, 1743.0)]
14:45:03 [(108.0, 1735.0)]
14:45:03 [(33.0, 1729.0)]
14:45:03 [(-32.0, 1722.0)]
14:45:03 [(-89.0, 1716.0)]
14:45:03 [(-147.0, 1728.0)]
14:45:03 [(-201.0, 1743.0)]
14:45:03 [(-269.0, 1775.0)]
14:45:03 [(-409.0, 1908.0)]
14:45:03 [(-643.0, 2198.0)]
14:45:03 [(-873.0, 2458.0)]
14:45:04 [(-1089.0, 2695.0)]
14:45:04 [(-1267.0, 2907.0)]
14:45:04 [(-1426.0, 3097.0)]
14:45:04 [(-1565.0, 3265.0)]
14:45:04 [(-1685.0, 3411.0)]
14:45:04 [(-1788.0, 3536.0)]
14:45:04 [(-1886.0, 3625.0)]
14:45:04 [(-1973.0, 3696.0)]
14:45:04 [(-2048.0, 3754.0)]
14:45:04 [(-2114.0, 3799.0)]
14:45:04 [(-2169.0, 3836.0)]
14:45:05 [(-2216.0, 3866.0)]
14:45:05 [(-2256.0, 3890.0), (-1918.0, 1679.0)]
14:45:05 [(-2334.0, 3880.0), (-1922.0, 1684.0)]
14:45:05 [(-2413.0, 3863.0), (-1931.0, 1691.0)]
14:45:05 [(-2489.0, 3841.0), (-1941.0, 1697.0)]
14:45:05 [(-2559.0, 3819.0), (-1951.0, 1704.0)]
14:45:05 [(-2621.0, 3797.0), (-1959.0, 1704.0)]
14:45:05 [(-2676.0, 3777.0), (-1970.0, 1697.0)]
14:45:05 [(-2723.0, 3759.0), (-1986.0, 1686.0)]
14:45:05 [(-2764.0, 3743.0), (-2035.0, 1641.0)]
14:45:05 [(-2782.0, 3736.0), (-2072.0, 1616.0)]
14:45:06 [(-2798.0, 3730.0), (-2074.0, 1619.0)]
14:45:06 [(-2813.0, 3724.0), (-2074.0, 1622.0)]
14:45:06 [(-2826.0, 3718.0), (-2075.0, 1622.0)]
14:45:06 [(-2838.0, 3714.0), (-2079.0, 1619.0)]
14:45:06 [(-2849.0, 3709.0), (-2088.0, 1612.0)]
14:45:06 [(-2900.0, 3671.0), (-2100.0, 1603.0)]
14:45:06 [(-3016.0, 3583.0), (-2105.0, 1597.0)]
14:45:06 [(-3129.0, 3496.0), (-2113.0, 1589.0)]
14:45:06 [(-3234.0, 3414.0), (-2122.0, 1575.0)]
14:45:06 [(-3329.0, 3340.0), (-2128.0, 1561.0)]
14:45:06 [(-3414.0, 3274.0), (-2132.0, 1547.0)]
14:45:06 [(-3487.0, 3217.0), (-2134.0, 1530.0)]
14:45:07 [(-3549.0, 3167.0), (-2137.0, 1511.0)]
14:45:07 [(-3569.0, 3147.0), (-2140.0, 1490.0)]
14:45:07 [(-3573.0, 3142.0), (-2145.0, 1422.0)]
14:45:07 [(-3577.0, 3137.0), (-2152.0, 1349.0)]
14:45:07 [(-3580.0, 3133.0), (-2157.0, 1215.0)]
14:45:07 [(-3582.0, 3129.0), (-2167.0, 1081.0)]
14:45:07 [(-3585.0, 3125.0), (-2173.0, 982.0)]
14:45:07 [(-3587.0, 3122.0), (-2152.0, 901.0)]
14:45:07 [(-3589.0, 3119.0), (-2139.0, 818.0)]
14:45:07 [(-3591.0, 3116.0), (-2155.0, 716.0)]
14:45:07 [(-3592.0, 3115.0), (-2149.0, 622.0)]
14:45:08 [(-3592.0, 3115.0), (-2115.0, 531.0)]
14:45:08 [(-3593.0, 3114.0), (-2079.0, 473.0)]
14:45:08 [(-3593.0, 3113.0), (-2066.0, 424.0)]
14:45:08 [(-3594.0, 3112.0), (-2032.0, 381.0)]
14:45:08 [(-3594.0, 3112.0), (-2010.0, 329.0)]
14:45:08 [(-3595.0, 3111.0), (-2018.0, 233.0)]
14:45:08 [(-3595.0, 3111.0), (-2051.0, 128.0)]
14:45:08 [(-3595.0, 3111.0), (-2071.0, 21.0)]
14:45:08 [(-3595.0, 3111.0), (-2059.0, -59.0)]
14:45:08 [(-3595.0, 3111.0), (-2037.0, -136.0)]
14:45:08 [(-3595.0, 3111.0), (-2020.0, -217.0)]
14:45:09 [(-3595.0, 3111.0), (-1987.0, -290.0)]
14:45:09 [(-3595.0, 3111.0), (-1950.0, -377.0)]
14:45:09 [(-3595.0, 3111.0), (-1930.0, -474.0)]
14:45:09 [(-3595.0, 3111.0), (-1918.0, -577.0)]
14:45:09 [(-3585.0, 3118.0), (-1919.0, -671.0)]
14:45:09 [(-3575.0, 3126.0), (-1945.0, -752.0)]
14:45:09 [(-3565.0, 3134.0), (-1956.0, -834.0)]
14:45:09 [(-3556.0, 3141.0), (-1948.0, -909.0)]
14:45:09 [(-3547.0, 3148.0), (-1948.0, -994.0)]
14:45:09 [(-3538.0, 3155.0), (-1946.0, -1081.0)]
14:45:09 [(-3530.0, 3162.0), (-1966.0, -1182.0)]
14:45:10 [(-3522.0, 3168.0), (-1967.0, -1271.0)]
14:45:10 [(-3514.0, 3174.0), (-1956.0, -1318.0)]
14:45:10 [(-3506.0, 3180.0), (-1941.0, -1369.0)]
14:45:10 [(-3499.0, 3186.0), (-1905.0, -1402.0)]
14:45:10 [(-3492.0, 3191.0), (-1873.0, -1435.0)]
14:45:10 [(-3485.0, 3197.0), (-1838.0, -1475.0)]
14:45:10 [(-3478.0, 3202.0), (-1816.0, -1517.0)]
14:45:10 [(-3472.0, 3207.0), (-1801.0, -1564.0)]
14:45:10 [(-3466.0, 3212.0), (-1790.0, -1612.0)]
14:45:10 [(-3466.0, 3212.0), (-1790.0, -1648.0)]
14:45:10 [(-3466.0, 3212.0), (-1794.0, -1679.0)]
14:45:10 [(-3466.0, 3212.0), (-1801.0, -1707.0)]
14:45:11 [(-3466.0, 3212.0), (-1808.0, -1730.0)]
14:45:11 [(-3466.0, 3212.0), (-1812.0, -1741.0)]
14:45:11 [(-3466.0, 3212.0), (-1813.0, -1748.0)]
14:45:11 [(-3466.0, 3212.0), (-1814.0, -1753.0)]
14:45:11 [(-3466.0, 3212.0), (-1815.0, -1758.0)]
14:45:11 [(-3466.0, 3212.0), (-1805.0, -1759.0)]
14:45:11 [(-3466.0, 3212.0), (-1794.0, -1759.0)]
14:45:11 [(-3466.0, 3212.0), (-1783.0, -1759.0)]
14:45:11 [(-3466.0, 3212.0), (-1775.0, -1763.0)]
14:45:11 [(-3443.0, 3246.0), (-1763.0, -1784.0)]
14:45:11 [(-3420.0, 3283.0), (-1752.0, -1809.0)]
14:45:12 [(-3398.0, 3318.0), (-1743.0, -1832.0)]
14:45:12 [(-3376.0, 3352.0), (-1722.0, -1841.0)]
14:45:12 [(-3355.0, 3385.0), (-1714.0, -1849.0)]
14:45:12 [(-3335.0, 3416.0), (-1677.0, -1867.0)]
14:45:12 [(-3316.0, 3447.0), (-1630.0, -1885.0)]
14:45:12 [(-3297.0, 3476.0), (-1577.0, -1891.0)]
14:45:12 [(-3279.0, 3505.0), (-1470.0, -1916.0)]
14:45:12 [(-3261.0, 3532.0), (-1382.0, -1960.0)]
14:45:12 [(-3244.0, 3559.0), (-1282.0, -2005.0)]
14:45:12 [(-3228.0, 3584.0), (-1184.0, -2039.0)]
14:45:12 [(-3212.0, 3609.0), (-1107.0, -2084.0)]
14:45:13 [(-3197.0, 3633.0), (-1018.0, -2116.0)]
14:45:13 [(-3183.0, 3655.0), (-927.0, -2126.0)]
14:45:13 [(-3169.0, 3678.0), (-845.0, -2126.0)]
14:45:13 [(-3169.0, 3678.0), (-764.0, -2123.0)]
14:45:13 [(-3169.0, 3678.0), (-687.0, -2119.0)]
14:45:13 [(-3169.0, 3678.0), (-614.0, -2113.0)]
14:45:13 [(-3169.0, 3678.0), (-534.0, -2108.0)]
14:45:13 [(-3169.0, 3678.0), (-440.0, -2102.0)]
14:45:13 [(-3169.0, 3678.0), (-336.0, -2100.0)]
14:45:13 [(-3169.0, 3678.0), (-236.0, -2097.0)]
14:45:13 [(-3169.0, 3678.0), (-144.0, -2092.0)]
14:45:14 [(-3169.0, 3678.0), (-59.0, -2084.0)]
14:45:14 [(-3169.0, 3678.0), (39.0, -2086.0)]
14:45:14 [(-3169.0, 3678.0), (136.0, -2082.0)]
14:45:14 [(-3169.0, 3678.0), (253.0, -2086.0)]
14:45:14 [(-3169.0, 3678.0), (352.0, -2083.0)]
14:45:14 [(-3169.0, 3678.0), (428.0, -2064.0)]
14:45:14 [(-3169.0, 3678.0), (483.0, -2035.0)]
14:45:14 [(-3169.0, 3678.0), (541.0, -2010.0)]
14:45:14 [(-3169.0, 3678.0), (611.0, -1986.0)]
14:45:14 [(-3169.0, 3678.0), (695.0, -1970.0)]
14:45:14 [(-3169.0, 3678.0), (796.0, -1973.0)]
14:45:14 [(-3169.0, 3678.0), (915.0, -2011.0)]
14:45:15 [(-3169.0, 3678.0), (1031.0, -2057.0)]
14:45:15 [(-3169.0, 3678.0), (1135.0, -2079.0)]
14:45:15 [(-3169.0, 3678.0), (1237.0, -2101.0)]
14:45:15 [(-3169.0, 3678.0), (1333.0, -2120.0)]
14:45:15 [(-3169.0, 3678.0), (1413.0, -2097.0)]
14:45:15 [(-3169.0, 3678.0), (1485.0, -2065.0)]
14:45:15 [(-3169.0, 3678.0), (1533.0, -1998.0)]
14:45:15 [(-3169.0, 3678.0), (1570.0, -1935.0)]
14:45:15 [(-3169.0, 3678.0), (1609.0, -1891.0)]
14:45:15 [(-3169.0, 3678.0), (1666.0, -1866.0)]
14:45:15 [(-3169.0, 3678.0), (1741.0, -1841.0)]
14:45:16 [(-3169.0, 3678.0), (1843.0, -1812.0)]
14:45:16 [(-3169.0, 3678.0), (1931.0, -1774.0)]
14:45:16 [(-3169.0, 3678.0), (2001.0, -1764.0)]
14:45:16 [(-3169.0, 3678.0), (2037.0, -1749.0)]
14:45:16 [(-3169.0, 3678.0), (2065.0, -1737.0)]
14:45:16 [(-3169.0, 3678.0), (2074.0, -1697.0)]
14:45:16 [(-3169.0, 3678.0), (2076.0, -1652.0)]
14:45:16 [(-3169.0, 3678.0), (2074.0, -1607.0)]
14:45:16 [(-3169.0, 3678.0), (2069.0, -1565.0)]
14:45:16 [(-3169.0, 3678.0), (2063.0, -1526.0)]
14:45:16 [(-3169.0, 3678.0), (2060.0, -1508.0)]
14:45:17 [(-3169.0, 3678.0), (2057.0, -1492.0)]
14:45:17 [(-3169.0, 3678.0), (2055.0, -1477.0)]
14:45:17 [(-3169.0, 3678.0), (2052.0, -1464.0)]
14:45:17 [(-3169.0, 3678.0), (2050.0, -1452.0)]
14:45:17 [(-3169.0, 3678.0), (2065.0, -1448.0)]
14:45:17 [(-3169.0, 3678.0), (2084.0, -1448.0)]
14:45:17 [(-3169.0, 3678.0), (2101.0, -1447.0)]
14:45:17 [(-3169.0, 3678.0), (2116.0, -1429.0)]
14:45:17 [(-3169.0, 3678.0), (2122.0, -1380.0)]
14:45:17 [(-3169.0, 3678.0), (2128.0, -1269.0)]
14:45:17 [(-3169.0, 3678.0), (2159.0, -1148.0)]
14:45:18 [(-3169.0, 3678.0), (2223.0, -1001.0)]
14:45:18 [(-3169.0, 3678.0), (2268.0, -868.0)]
14:45:18 [(-3169.0, 3678.0), (2296.0, -797.0)]
14:45:18 [(-3169.0, 3678.0), (2318.0, -763.0)]
14:45:18 [(-3169.0, 3678.0), (2330.0, -746.0)]
14:45:18 [(-3169.0, 3678.0), (2359.0, -747.0)]
14:45:18 [(-3169.0, 3678.0), (2383.0, -742.0)]
14:45:18 [(-3169.0, 3678.0), (2397.0, -726.0)]
14:45:18 [(-3169.0, 3678.0), (2430.0, -708.0)]
14:45:18 [(-3169.0, 3678.0), (2483.0, -653.0)]
14:45:18 [(-3169.0, 3678.0), (2563.0, -579.0)]
14:45:19 [(-3169.0, 3678.0), (2664.0, -483.0)]
14:45:19 [(-3169.0, 3678.0), (2743.0, -395.0)]
14:45:19 [(-3169.0, 3678.0), (2842.0, -320.0)]
14:45:19 [(-3169.0, 3678.0), (2923.0, -238.0)]
14:45:19 [(-3169.0, 3678.0), (2972.0, -160.0)]
14:45:19 [(-3169.0, 3678.0), (2996.0, -73.0)]
14:45:19 [(-3169.0, 3678.0), (2996.0, -6.0)]
14:45:19 [(-3169.0, 3678.0), (3000.0, 67.0)]
14:45:19 [(-3169.0, 3678.0), (2997.0, 148.0)]
14:45:19 [(-3169.0, 3678.0), (3005.0, 243.0)]
14:45:19 [(-3169.0, 3678.0), (2995.0, 359.0)]
14:45:19 [(-3169.0, 3678.0), (2957.0, 474.0)]
14:45:20 [(-3169.0, 3678.0), (2880.0, 580.0)]
14:45:20 [(-3169.0, 3678.0), (2812.0, 681.0)]
14:45:20 [(-3169.0, 3678.0), (2790.0, 771.0)]
14:45:20 [(-3169.0, 3678.0), (2813.0, 844.0)]
14:45:20 [(-3169.0, 3678.0), (2830.0, 890.0)]
14:45:20 [(-3169.0, 3678.0), (2874.0, 932.0)]
14:45:20 [(-3169.0, 3678.0), (2932.0, 1001.0)]
14:45:20 [(-3169.0, 3678.0), (2978.0, 1078.0)]
14:45:20 [(-3169.0, 3678.0), (2908.0, 1196.0)]
14:45:20 [(-3169.0, 3678.0), (2836.0, 1320.0)]
14:45:20 [(-3169.0, 3678.0), (2752.0, 1422.0)]
14:45:21 [(-3169.0, 3678.0), (2630.0, 1515.0)]
14:45:21 [(-3169.0, 3678.0), (2532.0, 1594.0)]
14:45:21 [(-3169.0, 3678.0), (2449.0, 1658.0)]
14:45:21 [(-3169.0, 3678.0), (2400.0, 1705.0)]
14:45:21 [(-3169.0, 3678.0), (2378.0, 1737.0)]
14:45:21 [(-3169.0, 3678.0), (2389.0, 1786.0)]
14:45:21 [(-3169.0, 3678.0), (2389.0, 1819.0)]
14:45:21 [(-3169.0, 3678.0), (2313.0, 1841.0)]
14:45:21 [(-3169.0, 3678.0), (2231.0, 1858.0)]
14:45:21 [(-3169.0, 3678.0), (2164.0, 1861.0)]
14:45:21 [(-3169.0, 3678.0), (2101.0, 1861.0)]
14:45:22 [(-3169.0, 3678.0), (2022.0, 1880.0)]
14:45:22 [(-3169.0, 3678.0), (1960.0, 1897.0)]
14:45:22 [(-3169.0, 3678.0), (1931.0, 1939.0)]
14:45:22 [(-3169.0, 3678.0), (1904.0, 1956.0)]
14:45:22 [(-3169.0, 3678.0), (1881.0, 1972.0)]
14:45:22 [(-3169.0, 3678.0), (1887.0, 1962.0)]
14:45:22 [(-3169.0, 3678.0), (1889.0, 1948.0)]
14:45:22 [(-3169.0, 3678.0), (1889.0, 1942.0)]
14:45:22 [(-3169.0, 3678.0), (1884.0, 1935.0)]
14:45:22 [(-3169.0, 3678.0), (1876.0, 1923.0)]
14:45:22 [(-3169.0, 3678.0), (1864.0, 1910.0)]
14:45:23 [(-3169.0, 3678.0), (1822.0, 1868.0)]
14:45:23 [(-3169.0, 3678.0), (1772.0, 1841.0)]
14:45:23 [(-3169.0, 3678.0), (1722.0, 1819.0)]
14:45:23 [(-3169.0, 3678.0), (1658.0, 1799.0)]
14:45:23 [(-3169.0, 3678.0), (1608.0, 1777.0)]
14:45:23 [(-3169.0, 3678.0), (1574.0, 1750.0)]
14:45:23 [(-3169.0, 3678.0), (1525.0, 1721.0)]
14:45:23 [(-3169.0, 3678.0), (1460.0, 1675.0)]
14:45:23 [(-3169.0, 3678.0), (1361.0, 1586.0)]
14:45:23 [(-3169.0, 3678.0), (1270.0, 1515.0)]
14:45:23 [(-3169.0, 3678.0), (1166.0, 1439.0)]
14:45:24 [(-3169.0, 3678.0), (1079.0, 1353.0)]
14:45:24 [(-3169.0, 3678.0), (1025.0, 1263.0)]
14:45:24 [(-3169.0, 3678.0), (958.0, 1180.0)]
14:45:24 [(-3169.0, 3678.0), (877.0, 1098.0)]
14:45:24 [(-3169.0, 3678.0), (781.0, 1028.0)]
14:45:24 [(-3169.0, 3678.0), (705.0, 955.0)]
14:45:24 [(-3169.0, 3678.0), (673.0, 879.0)]
14:45:24 [(-3169.0, 3678.0), (664.0, 795.0)]
14:45:24 [(-3169.0, 3678.0), (667.0, 708.0)]
14:45:24 [(-3169.0, 3678.0), (653.0, 629.0)]
14:45:24 [(-3169.0, 3678.0), (578.0, 552.0)]
14:45:24 [(-3169.0, 3678.0), (493.0, 479.0)]
14:45:25 [(-3169.0, 3678.0), (408.0, 411.0)]
14:45:25 [(-3169.0, 3678.0), (298.0, 343.0)]
14:45:25 [(-3169.0, 3678.0), (213.0, 267.0)]
14:45:25 [(-3169.0, 3678.0), (115.0, 193.0)]
14:45:25 [(-3169.0, 3678.0), (17.0, 121.0)]
14:45:25 [(-3169.0, 3678.0), (-105.0, 49.0)]
14:45:25 [(-3118.0, 3668.0), (-230.0, -20.0)]
14:45:25 [(-3062.0, 3670.0), (-349.0, -84.0)]
14:45:25 [(-3007.0, 3668.0), (-485.0, -157.0)]
14:45:25 [(-2951.0, 3664.0), (-614.0, -221.0)]
14:45:25 [(-2897.0, 3661.0), (-703.0, -279.0)]
14:45:26 [(-2844.0, 3657.0), (-768.0, -343.0)]
14:45:26 [(-2794.0, 3654.0), (-825.0, -404.0)]
14:45:26 [(-2746.0, 3650.0), (-879.0, -457.0)]
14:45:26 [(-2699.0, 3647.0), (-935.0, -511.0)]
14:45:26 [(-2657.0, 3643.0), (-1006.0, -565.0)]
14:45:26 [(-2618.0, 3639.0), (-1087.0, -595.0)]
14:45:26 [(-2600.0, 3639.0), (-1193.0, -605.0)]
14:45:26 [(-2587.0, 3641.0), (-1314.0, -630.0)]
14:45:26 [(-2585.0, 3638.0), (-1440.0, -653.0)]
14:45:26 [(-2585.0, 3637.0), (-1560.0, -693.0)]
14:45:26 [(-2588.0, 3636.0), (-1669.0, -735.0)]
14:45:27 [(-2590.0, 3634.0), (-1772.0, -780.0)]
14:45:27 [(-2598.0, 3636.0), (-1889.0, -838.0)]
14:45:27 [(-2624.0, 3643.0), (-2013.0, -888.0)]
14:45:27 [(-2633.0, 3645.0), (-2137.0, -939.0)]
14:45:27 [(-2641.0, 3647.0), (-2241.0, -965.0)]
14:45:27 [(-2649.0, 3649.0), (-2337.0, -984.0)]
14:45:27 [(-2657.0, 3651.0), (-2410.0, -949.0)]
14:45:27 [(-2664.0, 3653.0), (-2450.0, -878.0)]
14:45:27 [(-2672.0, 3654.0), (-2480.0, -797.0)]
14:45:27 [(-2679.0, 3656.0), (-2525.0, -717.0)]
14:45:27 [(-2685.0, 3658.0), (-2598.0, -641.0)]
14:45:27 [(-2692.0, 3659.0), (-2677.0, -565.0)]
14:45:28 [(-2698.0, 3661.0), (-2755.0, -491.0)]
14:45:28 [(-2704.0, 3662.0), (-2828.0, -423.0)]
14:45:28 [(-2710.0, 3664.0), (-2894.0, -363.0)]
14:45:28 [(-2716.0, 3665.0), (-2953.0, -310.0)]
14:45:28 [(-2721.0, 3667.0), (-3004.0, -264.0)]
14:45:28 [(-3048.0, -225.0)]
14:45:28 [(-3085.0, -192.0)]
14:45:28 [(-3117.0, -164.0)]
14:45:28 [(-3143.0, -141.0)]
14:45:28 [(-3155.0, -130.0)]
14:45:28 [(-3166.0, -121.0)]
14:45:29 [(-3175.0, -113.0)]
14:45:29 [(-3184.0, -105.0)]
14:45:29 [(-3191.0, -98.0)]
14:46:06 [(-2664.0, -111.0)]
14:46:06 [(-2649.0, -39.0)]
14:46:06 [(-2649.0, 46.0)]
14:46:06 [(-2673.0, 118.0)]
14:46:06 [(-2682.0, 195.0)]
14:46:06 [(-2615.0, 291.0)]
14:46:07 [(-2565.0, 388.0)]
14:46:07 [(-2553.0, 451.0)]
14:46:07 [(-2529.0, 501.0)]
14:46:07 [(-2500.0, 566.0)]
14:46:07 [(-2495.0, 632.0)]
14:46:07 [(-2487.0, 698.0)]
14:46:07 [(-2488.0, 768.0)]
14:46:07 [(-2516.0, 838.0)]
14:46:07 [(-2576.0, 890.0)]
14:46:07 [(-2647.0, 938.0)]
14:46:07 [(-2699.0, 984.0)]
14:46:08 [(-2691.0, 1034.0)]
14:46:08 [(-2670.0, 1086.0)]
14:46:08 [(-2649.0, 1147.0)]
14:46:08 [(-2633.0, 1210.0)]
14:46:08 [(-2643.0, 1268.0)]
14:46:08 [(-2683.0, 1310.0)]
14:46:08 [(-2717.0, 1361.0)]
14:46:08 [(-2726.0, 1453.0)]
14:46:08 [(-2721.0, 1531.0)]
14:46:08 [(-2737.0, 1600.0)]
14:46:08 [(-2742.0, 1645.0)]
14:46:09 [(-2752.0, 1664.0)]
14:46:09 [(-2738.0, 1674.0)]
14:46:09 [(-2702.0, 1701.0)]
14:46:09 [(-2672.0, 1740.0)]
14:46:09 [(-2659.0, 1806.0)]
14:46:09 [(-2656.0, 1852.0)]
14:46:09 [(-2631.0, 1898.0)]
14:46:09 [(-2628.0, 1939.0)]
14:46:09 [(-2629.0, 1962.0)]
14:46:09 [(-2649.0, 1971.0)]
14:46:09 [(-2653.0, 1985.0)]
14:46:10 [(-2656.0, 1996.0)]
14:46:10 [(-2668.0, 2000.0)]
14:46:10 [(-2693.0, 1996.0)]
14:46:10 [(-2724.0, 1984.0)]
14:46:10 [(-2749.0, 1972.0)]
14:46:10 [(-2730.0, 1974.0)]
14:46:10 [(-2719.0, 1973.0)]
14:46:10 [(-2709.0, 1969.0)]
14:46:10 [(-2700.0, 1962.0)]
14:46:10 [(-2695.0, 1952.0)]
14:46:10 [(-2687.0, 1941.0)]
14:46:10 [(-2682.0, 1927.0)]
14:46:11 [(-2674.0, 1912.0)]
14:46:11 [(-2659.0, 1900.0)]
14:46:11 [(-2640.0, 1890.0)]
14:46:11 [(-2580.0, 1859.0)]
14:46:11 [(-2528.0, 1818.0)]
14:46:11 [(-2481.0, 1774.0)]
14:46:11 [(-2377.0, 1700.0)]
14:46:11 [(-2290.0, 1623.0)]
14:46:11 [(-2206.0, 1537.0)]
14:46:11 [(-2130.0, 1448.0)]
14:46:11 [(-2070.0, 1358.0)]
14:46:12 [(-2008.0, 1277.0)]
14:46:12 [(-1959.0, 1203.0)]
14:46:12 [(-1908.0, 1132.0)]
14:46:12 [(-1872.0, 1076.0)]
14:46:12 [(-1822.0, 1024.0)]
14:46:12 [(-1787.0, 964.0)]
14:46:12 [(-1734.0, 910.0)]
14:46:12 [(-1658.0, 877.0)]
14:46:12 [(-1584.0, 844.0)]
14:46:12 [(-1529.0, 790.0)]
14:46:12 [(-1501.0, 711.0)]
14:46:13 [(-1473.0, 637.0)]
14:46:13 [(-1448.0, 562.0)]
14:46:13 [(-1401.0, 495.0)]
14:46:13 [(-1356.0, 429.0)]
14:46:13 [(-1310.0, 365.0)]
14:46:13 [(-1266.0, 306.0)]
14:46:13 [(-1228.0, 266.0)]
14:46:13 [(-1168.0, 227.0)]
14:46:13 [(-1106.0, 193.0)]
14:46:13 [(-1016.0, 158.0)]
14:46:13 [(-937.0, 106.0)]
14:46:13 [(-834.0, 54.0)]
14:46:14 [(-725.0, 4.0)]
14:46:14 [(-600.0, -47.0)]
14:46:14 [(-448.0, -100.0)]
14:46:14 [(-269.0, -168.0)]
14:46:14 [(-128.0, -231.0)]
14:46:14 [(3.0, -295.0)]
14:46:14 [(66.0, -355.0)]
14:46:14 [(111.0, -401.0)]
14:46:14 [(163.0, -453.0)]
14:46:14 [(219.0, -506.0)]
14:46:14 [(289.0, -563.0)]
14:46:15 [(347.0, -616.0)]
14:46:15 [(390.0, -665.0)]
14:46:15 [(417.0, -708.0)]
14:46:15 [(452.0, -751.0)]
14:46:15 [(463.0, -785.0)]
14:46:15 [(473.0, -828.0)]
14:46:15 [(496.0, -877.0)]
14:46:15 [(587.0, -948.0)]
14:46:15 [(711.0, -1036.0)]
14:46:15 [(846.0, -1136.0)]
14:46:15 [(959.0, -1223.0)]
14:46:16 [(1063.0, -1323.0)]
14:46:16 [(1146.0, -1413.0)]
14:46:16 [(1208.0, -1474.0)]
14:46:16 [(1238.0, -1504.0)]
14:46:16 [(1275.0, -1532.0)]
14:46:16 [(1309.0, -1543.0)]
14:46:16 [(1351.0, -1568.0)]
14:46:16 [(1371.0, -1578.0)]
14:46:16 [(1397.0, -1608.0)]
14:46:16 [(1419.0, -1638.0)]
14:46:16 [(1481.0, -1707.0)]
14:46:17 [(1546.0, -1780.0)]
14:46:17 [(1610.0, -1853.0)]
14:46:17 [(1670.0, -1920.0)]
14:46:17 [(1723.0, -1981.0)]
14:46:20 [(2200.0, -966.0)]
14:46:20 [(2281.0, -953.0)]
14:46:20 [(2333.0, -935.0)]
14:46:21 [(2383.0, -917.0)]
14:46:21 [(2428.0, -901.0)]
14:46:21 [(2481.0, -881.0)]
14:46:21 [(2528.0, -848.0)]
14:46:21 [(2589.0, -827.0)]
14:46:21 [(2649.0, -779.0)]
14:46:21 [(2678.0, -716.0)]
14:46:21 [(2690.0, -679.0)]
14:46:21 [(2701.0, -627.0)]
14:46:21 [(2737.0, -475.0)]
14:46:21 [(2758.0, -343.0)]
14:46:22 [(2805.0, -207.0)]
14:46:22 [(2845.0, -93.0)]
14:46:22 [(2817.0, -55.0)]
14:46:22 [(2795.0, -26.0)]
14:46:22 [(2838.0, 44.0)]
14:46:22 [(2866.0, 111.0)]
14:46:22 [(2867.0, 200.0)]
14:46:22 [(2894.0, 287.0)]
14:46:22 [(2918.0, 337.0)]
14:46:22 [(2963.0, 395.0)]
14:46:22 [(3032.0, 455.0)]
14:46:22 [(3099.0, 517.0)]
14:46:23 [(3134.0, 594.0)]
14:46:23 [(3144.0, 709.0)]
14:46:23 [(3128.0, 799.0)]
14:46:23 [(3079.0, 892.0)]
14:46:23 [(3049.0, 974.0)]
14:46:23 [(3058.0, 1048.0)]
14:46:23 [(3044.0, 1142.0)]
14:46:23 [(3016.0, 1229.0)]
14:46:23 [(2986.0, 1316.0)]
14:46:23 [(2946.0, 1380.0)]
14:46:24 [(2901.0, 1440.0)]
14:46:24 [(2841.0, 1502.0)]
14:46:24 [(2723.0, 1596.0)]
14:46:24 [(2593.0, 1701.0)]
14:46:24 [(2459.0, 1811.0)]
14:46:24 [(2339.0, 1885.0)]
14:46:24 [(2244.0, 1948.0)]
14:46:24 [(2132.0, 2022.0)]
14:46:24 [(2024.0, 2093.0)]
14:46:24 [(1946.0, 2155.0)]
14:46:24 [(1962.0, 2223.0)]
14:46:24 [(1969.0, 2291.0)]
14:46:25 [(1972.0, 2326.0)]
14:46:25 [(1963.0, 2357.0)]
14:46:25 [(1956.0, 2378.0)]
14:46:25 [(1968.0, 2399.0)]
14:46:25 [(2031.0, 2413.0)]
14:46:25 [(2081.0, 2429.0)]
14:46:25 [(2068.0, 2433.0)]
14:46:25 [(2012.0, 2441.0)]
14:46:25 [(1998.0, 2435.0)]
14:46:25 [(1994.0, 2430.0)]
14:46:25 [(1999.0, 2426.0)]
14:46:26 [(1998.0, 2419.0)]
14:46:26 [(1989.0, 2409.0)]
14:46:26 [(1968.0, 2400.0)]
14:46:26 [(1947.0, 2387.0)]
14:46:26 [(1929.0, 2372.0)]
14:46:26 [(1910.0, 2358.0)]
14:46:26 [(1894.0, 2342.0)]
14:46:26 [(1852.0, 2290.0)]
14:46:26 [(1826.0, 2233.0)]
14:46:26 [(1795.0, 2176.0)]
14:46:26 [(1729.0, 2125.0)]
14:46:26 [(1604.0, 2026.0)]
14:46:27 [(1502.0, 1931.0)]
14:46:27 [(1407.0, 1842.0)]
14:46:27 [(1323.0, 1743.0)]
14:46:27 [(1232.0, 1655.0)]
14:46:27 [(1157.0, 1568.0)]
14:46:27 [(1113.0, 1490.0)]
14:46:27 [(1094.0, 1399.0)]
14:46:27 [(1060.0, 1308.0)]
14:46:27 [(1030.0, 1240.0)]
14:46:27 [(1003.0, 1175.0)]
14:46:27 [(951.0, 1109.0)]
14:46:28 [(883.0, 1034.0)]
14:46:28 [(824.0, 950.0)]
14:46:28 [(790.0, 865.0)]
14:46:28 [(757.0, 805.0)]
14:46:28 [(733.0, 736.0)]
14:46:28 [(697.0, 684.0)]
14:46:28 [(655.0, 617.0)]
14:46:28 [(611.0, 548.0)]
14:46:28 [(541.0, 481.0)]
14:46:28 [(482.0, 416.0)]
14:46:28 [(423.0, 353.0)]
14:46:29 [(363.0, 288.0)]
14:46:29 [(304.0, 227.0)]
14:46:29 [(249.0, 170.0)]
14:46:29 [(200.0, 120.0)]
14:46:29 [(183.0, 58.0)]
14:46:29 [(148.0, -1.0)]
14:46:29 [(69.0, -51.0)]
14:46:29 [(-38.0, -120.0)]
14:46:29 [(-165.0, -209.0)]
14:46:29 [(-273.0, -304.0)]
14:46:29 [(-370.0, -390.0)]
14:46:30 [(-462.0, -469.0)]
14:46:30 [(-550.0, -540.0)]
14:46:30 [(-617.0, -594.0)]
14:46:30 [(-676.0, -642.0)]
14:46:30 [(-726.0, -692.0)]
14:46:30 [(-764.0, -741.0)]
14:46:30 [(-803.0, -802.0)]
14:46:30 [(-841.0, -862.0)]
14:46:30 [(-882.0, -921.0)]
14:46:30 [(-935.0, -981.0)]
14:46:30 [(-966.0, -1038.0)]
14:46:31 [(-1014.0, -1102.0)]
14:46:31 [(-1066.0, -1165.0)]
14:46:31 [(-1108.0, -1221.0)]
14:46:31 [(-1151.0, -1266.0)]
14:46:31 [(-1200.0, -1320.0)]
14:46:31 [(-1261.0, -1388.0)]
14:46:31 [(-1323.0, -1449.0)]
14:46:31 [(-1358.0, -1490.0)]
14:46:31 [(-1399.0, -1543.0)]
14:46:31 [(-1447.0, -1583.0)]
14:46:31 [(-1508.0, -1640.0)]
14:46:32 [(-1576.0, -1709.0)]
14:46:32 [(-1624.0, -1763.0)]
14:46:32 [(-1669.0, -1815.0)]
14:46:32 [(-1709.0, -1864.0)]
14:46:32 [(-1745.0, -1908.0)]
14:46:32 [(-1776.0, -1946.0)]
14:46:32 [(-1803.0, -1980.0)]
Disconnected from MQTT broker, return code 0

Script done on 2024-04-29 14:47:19+08:00 [COMMAND_EXIT_CODE="0"]
