Script started on 2024-04-29 14:53:09+08:00 [TERM="xterm-256color" TTY="/dev/pts/0" COLUMNS="92" LINES="23"]
App start.
Config updated: {'brokeraddr': '10.42.0.1', 'brokerport': '1883', 'plot_xlims': '(-3500,3500)', 'plot_ylims': '(-3500,3500)', 'clusterrad': '500.0', 'clustersz': '2', 'radar1_en': 'True', 'radar2_en': 'True', 'radar3_en': 'True', 'radar4_en': 'True', 'radar1_x': '0.0', 'radar1_y': '-3000.0', 'radar1_a': '0.0', 'radar2_x': '-3000.0', 'radar2_y': '0.0', 'radar2_a': '-90.0', 'radar3_x': '0.0', 'radar3_y': '3000.0', 'radar3_a': '180.0', 'radar4_x': '3000.0', 'radar4_y': '0.0', 'radar4_a': '90.0', 'default': '<Section: DEFAULT>'}
Connected to MQTT broker.
14:53:43 []
14:53:43 []
14:53:43 []
14:53:43 []
14:53:43 []
14:53:43 []
14:53:43 []
14:53:43 []
14:53:43 []
14:53:43 []
14:53:43 []
14:53:44 []
14:53:44 []
14:53:44 []
14:53:44 []
14:53:44 []
14:53:44 []
14:53:44 []
14:53:44 []
14:53:44 []
14:53:44 []
14:53:44 []
14:53:45 []
14:53:45 []
14:53:45 []
14:53:45 []
14:53:45 []
14:53:45 []
14:53:45 []
14:53:45 []
14:53:45 []
14:53:45 []
14:53:45 []
14:53:46 []
14:53:46 [(-2565.0, -463.5)]
14:53:46 [(-2507.5, -392.0)]
14:53:46 [(-2441.5, -338.5)]
14:53:46 [(-2330.5, -290.0)]
14:53:46 [(-2309.25, -259.0)]
14:53:46 [(-2216.0, -250.75)]
14:53:46 [(-2116.25, -238.0)]
14:53:46 [(-2019.5, -222.75)]
14:53:46 [(-1930.75, -195.0)]
14:53:46 [(-1850.75, -164.5)]
14:53:46 [(-1776.75, -130.25)]
14:53:47 [(-1720.0, -94.0)]
14:53:47 [(-1653.25, -66.0)]
14:53:47 [(-1592.75, -47.75)]
14:53:47 [(-1547.25, -36.25)]
14:53:47 [(-1495.0, -33.75)]
14:53:47 [(-1447.5, -20.0)]
14:53:47 [(-1404.75, -6.25)]
14:53:47 [(-1369.0, 5.5)]
14:53:47 [(-1342.0, 10.5)]
14:53:47 [(-1326.75, 11.25)]
14:53:47 [(-1319.25, 5.5)]
14:53:48 [(-1316.25, -3.5)]
14:53:48 [(-1325.5, -14.75)]
14:53:48 [(-1337.75, -24.75)]
14:53:48 [(-1355.75, -40.5)]
14:53:48 [(-1371.5, -60.5)]
14:53:48 [(-1382.0, -78.75)]
14:53:48 [(-1405.0, -102.75)]
14:53:48 [(-1438.0, -129.75)]
14:53:48 [(-1485.25, -159.75)]
14:53:48 [(-1561.0, -187.25)]
14:53:48 [(-1660.25, -220.0)]
14:53:49 [(-1773.0, -261.5)]
14:53:49 [(-1887.0, -309.75)]
14:53:49 [(-1997.5, -352.75)]
14:53:49 [(-2102.75, -386.75)]
14:53:49 [(-2204.0, -427.25)]
14:53:49 [(-2303.25, -465.25)]
14:53:49 [(-2400.5, -502.5)]
14:53:49 [(-2661.33, -546.67)]
14:53:49 [(-2578.5, -706.0)]
14:53:49 [(-2645.0, -717.5)]
14:53:49 [(-2505.0, -647.33)]
14:53:50 [(-2374.5, -461.0)]
14:53:50 [(-2364.0, -405.0)]
14:53:50 [(-2328.5, -307.0)]
14:53:50 [(-2291.5, -214.0), (-3297.0, -772.0)]
14:53:50 [(-3365.5, -791.5)]
14:53:50 [(-3431.5, -843.0)]
14:53:50 [(-3494.0, -886.0)]
14:53:50 []
14:53:50 []
14:53:50 []
14:53:50 []
14:53:51 []
14:53:51 []
14:53:51 []
14:53:51 []
14:53:51 []
14:53:51 []
14:53:51 []
14:53:51 []
14:53:56 []
14:53:56 []
14:53:56 []
14:53:56 []
14:53:56 []
14:53:56 []
14:53:56 []
14:53:56 []
14:53:56 []
14:53:56 []
14:53:57 []
14:53:57 []
14:53:57 []
14:53:57 []
14:53:57 []
14:53:57 []
14:53:57 []
14:53:57 []
14:53:57 []
14:53:57 []
14:53:57 []
14:53:58 []
14:53:58 []
14:53:58 []
14:53:58 []
14:53:58 []
14:53:58 []
14:53:58 []
14:53:58 [(-2599.0, -2226.0)]
14:53:58 [(-2552.5, -2269.5)]
14:53:58 [(-2523.0, -2312.0)]
14:53:58 [(-2497.5, -2355.5)]
14:53:59 [(-2487.5, -2391.5)]
14:53:59 [(-2489.0, -2418.0)]
14:53:59 [(-2492.5, -2438.5)]
14:53:59 [(-2484.5, -2446.0)]
Connected to MQTT broker.
14:54:12 [(-2494.0, 2045.5)]
14:54:12 [(-2514.5, 1966.0)]
14:54:12 [(-2537.5, 1877.5)]
14:54:12 [(-2536.5, 1738.0)]
14:54:12 [(-2530.0, 1610.0)]
14:54:12 [(-2501.0, 1524.0)]
14:54:12 [(-2447.5, 1444.5)]
14:54:13 [(-2393.0, 1360.5)]
14:54:13 [(-2318.0, 1273.5)]
14:54:13 [(-2263.5, 1187.0)]
14:54:13 [(-2237.33, 1216.33)]
14:54:13 [(-2056.67, 1120.67)]
14:54:13 [(-2139.0, 1110.75)]
14:54:13 [(-2155.25, 1017.5)]
14:54:13 [(-2166.0, 927.75)]
14:54:13 [(-2176.0, 835.5)]
14:54:13 [(-2177.5, 744.25)]
14:54:13 [(-2170.0, 659.0)]
14:54:14 [(-2160.5, 579.0)]
14:54:14 [(-2151.5, 496.25)]
14:54:14 [(-2139.0, 413.0)]
14:54:14 [(-2118.75, 332.5)]
14:54:14 [(-2104.5, 244.75)]
14:54:14 [(-2096.5, 152.0)]
14:54:14 [(-2107.5, 52.25)]
14:54:14 [(-2123.25, -53.0)]
14:54:14 [(-2147.0, -168.5)]
14:54:14 [(-2162.5, -287.25)]
14:54:14 [(-2176.75, -413.5)]
14:54:15 [(-2188.0, -577.75)]
14:54:15 [(-2189.25, -760.5)]
14:54:15 [(-2192.75, -921.25)]
14:54:15 [(-2189.75, -1059.0)]
14:54:15 [(-2186.25, -1183.5)]
14:54:15 [(-2187.75, -1293.75)]
14:54:15 [(-2159.33, -1429.33)]
14:54:15 [(-2036.0, -1587.0)]
14:54:15 [(-2051.5, -1657.0)]
14:54:15 [(-2067.5, -1725.5)]
14:54:15 [(-2070.5, -1788.5)]
14:54:15 []
14:54:16 []
14:54:16 []
14:54:16 []
14:54:16 []
14:54:16 []
14:54:16 []
14:54:16 [(-2465.5, -2379.5)]
14:54:16 [(-2456.5, -2410.0)]
14:54:16 [(-2433.5, -2432.5)]
14:54:16 [(-2417.0, -2454.0)]
14:54:16 [(-2397.5, -2484.5)]
14:54:17 [(-2379.0, -2505.0)]
14:54:17 [(-2364.5, -2522.5)]
14:54:17 [(-2363.5, -2546.5)]
14:54:17 [(-2372.0, -2565.0)]
14:54:17 [(-2402.5, -2554.5)]
14:54:17 [(-2416.5, -2554.0)]
14:54:17 [(-2431.5, -2548.5)]
14:54:17 [(-2442.0, -2547.0)]
14:54:17 [(-2448.0, -2546.0)]
14:54:17 [(-2459.0, -2542.5)]
14:54:17 [(-2470.5, -2536.5)]
14:54:18 [(-2488.5, -2523.0)]
14:54:18 [(-2519.0, -2497.0)]
14:54:18 [(-2533.0, -2478.5)]
14:54:18 []
14:54:18 []
14:54:18 [(-2543.5, -2461.0)]
14:54:18 [(-2544.5, -2463.0)]
14:54:18 [(-2547.5, -2465.0)]
14:54:18 [(-2550.0, -2467.5)]
14:54:18 []
14:54:18 []
14:54:19 []
14:54:19 []
14:54:19 []
14:54:19 []
14:54:19 []
14:54:19 []
14:54:19 []
14:54:19 []
14:54:19 [(-2537.0, -2461.0)]
14:54:19 [(-2530.5, -2450.5)]
14:54:19 []
14:54:20 []
14:54:20 []
14:54:20 []
14:54:20 []
14:54:20 []
14:54:20 []
14:54:20 []
14:54:20 []
14:54:20 []
14:54:20 []
14:54:20 []
14:54:21 []
14:54:21 []
14:54:21 []
14:54:21 []
14:54:21 []
14:54:21 [(-2588.0, -816.5)]
14:54:21 [(-2601.5, -766.0)]
14:54:21 [(-2608.5, -720.0)]
14:54:21 []
14:54:21 [(-2448.67, -978.0)]
14:54:21 [(-2558.0, -891.67)]
14:54:22 [(-2658.67, -812.33)]
14:54:22 [(-2504.5, -649.0)]
14:54:22 [(-2487.5, -545.5)]
14:54:22 [(-2479.5, -446.5)]
14:54:22 [(-2485.5, -351.0)]
14:54:22 [(-2570.67, -99.33)]
14:54:22 [(-2559.67, -9.0)]
14:54:22 [(-2547.67, 106.67)]
14:54:22 [(-2536.0, 221.67)]
14:54:22 [(-2531.67, 316.0)]
14:54:22 [(-2538.67, 402.33)]
14:54:23 [(-2539.33, 481.67)]
14:54:23 [(-2533.67, 567.67)]
14:54:23 [(-2538.0, 655.33)]
14:54:23 [(-2534.0, 741.0)]
14:54:23 [(-2519.33, 813.0)]
14:54:23 [(-2506.67, 884.0)]
14:54:23 [(-2485.33, 951.67)]
14:54:23 [(-2471.33, 1009.33)]
14:54:23 [(-2455.67, 1068.0)]
14:54:23 [(-2440.0, 1126.0)]
14:54:23 [(-2432.0, 1197.67)]
14:54:24 [(-2416.5, 1151.5)]
14:54:24 [(-2406.5, 1210.75)]
14:54:24 [(-2396.25, 1253.5)]
14:54:24 [(-2385.5, 1291.5)]
14:54:24 [(-2372.0, 1334.25)]
14:54:24 [(-2359.25, 1381.0)]
14:54:24 [(-2354.25, 1455.75)]
14:54:24 [(-2343.25, 1515.75)]
14:54:24 [(-2332.25, 1569.75)]
14:54:24 [(-2486.0, 1607.0)]
14:54:24 [(-2486.67, 1650.33)]
14:54:25 [(-2495.0, 1686.67)]
14:54:25 [(-2501.67, 1728.67)]
14:54:25 [(-2600.5, 1915.5)]
14:54:25 [(-2588.5, 2001.5)]
14:54:25 [(-2589.5, 2063.0)]
14:54:25 [(-2592.0, 2121.0)]
14:54:25 [(-2593.5, 2195.5)]
14:54:25 [(-2574.5, 2271.0)]
14:54:25 [(-2545.5, 2345.0)]
14:54:25 [(-2514.0, 2406.5)]
14:54:25 [(-2483.5, 2435.5)]
14:54:26 [(-2479.0, 2423.5)]
14:54:26 [(-2469.0, 2423.5)]
14:54:26 [(-2467.0, 2402.0)]
14:54:26 [(-2469.5, 2363.0)]
14:54:26 [(-2470.5, 2323.0)]
14:54:26 [(-2444.0, 2264.5)]
14:54:26 [(-2412.0, 2211.0)]
14:54:26 []
14:54:26 []
14:54:26 []
14:54:26 []
14:54:26 []
14:54:27 []
14:54:27 [(-1775.0, 1799.5)]
14:54:27 [(-1739.5, 1755.5)]
14:54:27 [(-1697.0, 1710.5)]
14:54:27 [(-1793.0, 1659.25)]
14:54:27 [(-1760.25, 1606.25)]
14:54:27 [(-1731.75, 1544.75)]
14:54:27 [(-1679.5, 1460.0)]
14:54:27 [(-1625.75, 1396.0)]
14:54:27 [(-1565.5, 1326.0)]
14:54:27 [(-1508.25, 1249.0)]
14:54:28 [(-1449.75, 1176.75)]
14:54:28 [(-1381.75, 1104.25)]
14:54:28 [(-1210.67, 1152.33)]
14:54:28 [(-1136.67, 1093.0)]
14:54:28 [(-1074.0, 1024.33)]
14:54:28 [(-1024.67, 955.0)]
14:54:28 [(-975.33, 891.0)]
14:54:28 [(-910.0, 819.0)]
14:54:28 [(-840.0, 749.67)]
14:54:28 [(-769.0, 681.0)]
14:54:28 [(-692.67, 614.0)]
14:54:29 [(-616.33, 550.67)]
14:54:29 [(-546.0, 484.33)]
14:54:29 [(-476.0, 417.0)]
14:54:29 [(-406.33, 354.0)]
14:54:29 [(-337.33, 297.33)]
14:54:29 [(-348.75, 159.0)]
14:54:29 [(-250.75, 113.75)]
14:54:29 [(-159.25, 70.0)]
14:54:29 [(-74.5, 21.75)]
14:54:29 [(89.67, -147.67)]
14:54:29 [(208.67, -237.67)]
14:54:30 [(286.33, -307.33)]
14:54:30 [(343.0, -379.33)]
14:54:30 [(399.67, -449.33)]
14:54:30 [(464.33, -511.67)]
14:54:30 [(529.67, -568.67)]
14:54:30 [(547.25, -545.5)]
14:54:30 [(641.0, -629.0)]
14:54:30 [(727.5, -704.75)]
14:54:30 [(836.25, -797.5)]
14:54:30 [(923.0, -878.75)]
14:54:31 [(1009.75, -961.0)]
14:54:31 [(1108.0, -1063.0)]
14:54:31 [(1171.25, -1133.75)]
14:54:31 [(1231.5, -1204.0)]
14:54:31 [(1288.0, -1277.0)]
14:54:31 [(1342.0, -1351.25)]
14:54:31 [(1392.75, -1424.5)]
14:54:31 [(1449.5, -1489.75)]
14:54:31 [(1514.0, -1542.5)]
14:54:31 [(1581.0, -1586.0)]
14:54:31 [(1640.0, -1638.25)]
14:54:31 [(1699.75, -1692.0)]
14:54:32 [(1759.5, -1752.5)]
14:54:32 [(1799.0, -1818.75)]
14:54:32 [(1836.25, -1887.75)]
14:54:32 [(1888.33, -1933.67)]
14:54:32 [(1919.33, -2007.0)]
14:54:32 [(1958.33, -2067.33)]
14:54:32 [(2007.0, -2105.33)]
14:54:32 [(2032.0, -2129.0)]
14:54:32 [(2052.33, -2148.33)]
14:54:32 [(2068.67, -2181.33)]
14:54:32 [(2093.0, -2205.0)]
14:54:33 [(2147.33, -2212.67)]
14:54:33 [(2417.0, -2244.5)]
14:54:33 [(2501.0, -2240.0)]
14:54:33 [(2550.5, -2222.5)]
14:54:33 []
14:54:33 []
14:54:33 []
14:54:33 []
14:54:33 []
14:54:33 []
14:54:33 []
14:54:34 []
14:54:34 []
14:54:34 [(2695.0, -2160.0)]
14:54:34 [(2721.0, -2120.5)]
14:54:34 [(2741.0, -2061.5)]
14:54:34 [(2752.5, -2006.5)]
14:54:34 [(2775.5, -1960.0)]
14:54:34 [(2802.5, -1905.0)]
14:54:34 [(2810.0, -1834.0)]
14:54:34 [(2832.0, -1757.5)]
14:54:34 [(2858.5, -1649.5)]
14:54:35 [(2846.0, -1562.0)]
14:54:35 [(2834.0, -1468.0)]
14:54:35 [(2839.5, -1371.0)]
14:54:35 [(2824.5, -1278.0)]
14:54:35 [(2807.0, -1204.0)]
14:54:35 [(2803.0, -1128.0)]
14:54:35 [(2811.0, -1032.0)]
14:54:35 [(2091.0, -999.0), (2820.0, -926.5)]
14:54:35 [(2159.5, -924.5), (2876.0, -722.5)]
14:54:35 [(2214.5, -842.5), (2887.5, -598.0)]
14:54:35 [(2246.5, -767.5), (2879.5, -491.0)]
14:54:36 [(2562.25, -555.5)]
14:54:36 [(2562.5, -480.5)]
14:54:36 [(2575.75, -408.25)]
14:54:36 [(2591.5, -333.25)]
14:54:36 [(2600.5, -263.5)]
14:54:36 [(2704.33, -32.33)]
14:54:36 [(2702.0, 67.0)]
14:54:36 [(2692.67, 167.33)]
14:54:36 [(2672.33, 278.0)]
14:54:36 [(2647.0, 389.67)]
14:54:36 [(2597.0, 502.33)]
14:54:37 [(2558.67, 616.33)]
14:54:37 [(2552.67, 717.0)]
14:54:37 [(2560.33, 860.33)]
14:54:37 [(2575.67, 967.33)]
14:54:37 [(2628.25, 914.5)]
14:54:37 [(2632.0, 1280.5)]
14:54:37 [(2636.5, 1356.0)]
14:54:37 [(2704.67, 1207.33)]
14:54:37 [(2839.5, 1101.5)]
14:54:37 [(2827.5, 1164.5)]
14:54:37 [(2823.5, 1232.5)]
14:54:38 [(2818.5, 1325.5)]
14:54:38 [(2819.5, 1367.0)]
14:54:38 [(2812.0, 1411.5)]
14:54:38 [(2480.0, 1798.0)]
14:54:38 [(2446.5, 1888.0)]
14:54:38 [(2434.0, 1971.0)]
14:54:38 [(2423.0, 2062.0)]
14:54:38 [(2410.5, 2143.0)]
14:54:38 [(2404.5, 2206.5)]
14:54:38 [(2387.0, 2265.5)]
14:54:38 [(2374.0, 2313.0)]
14:54:39 [(2343.5, 2358.5)]
14:54:39 [(2274.0, 2412.0)]
14:54:39 [(2228.5, 2462.5)]
14:54:39 [(2209.5, 2494.5)]
14:54:39 [(2207.0, 2545.5)]
14:54:39 [(2190.0, 2590.5)]
14:54:39 [(2159.0, 2623.5)]
14:54:39 []
14:54:39 []
14:54:39 []
14:54:39 []
14:54:40 []
14:54:40 [(2109.5, 2608.5)]
14:54:40 [(2109.0, 2607.5)]
14:54:40 [(2103.0, 2607.0)]
14:54:40 [(2093.0, 2602.0)]
14:54:40 [(2074.5, 2585.5)]
14:54:40 [(2059.0, 2559.0)]
14:54:40 [(2046.5, 2532.0)]
14:54:40 [(2028.5, 2502.5)]
14:54:40 [(1966.0, 2442.5)]
14:54:40 [(1906.5, 2399.5)]
14:54:40 [(1867.0, 2357.0)]
14:54:41 [(1833.0, 2317.0)]
14:54:41 [(1803.5, 2276.5)]
14:54:41 [(1770.5, 2228.0)]
14:54:41 [(1763.0, 2176.5)]
14:54:41 [(1791.0, 2088.5)]
14:54:41 [(1816.5, 2008.0)]
14:54:41 []
14:54:41 []
14:54:41 []
14:54:41 []
14:54:41 [(1501.67, 1660.67)]
14:54:42 [(1332.25, 1553.0)]
14:54:42 [(1296.5, 1516.0)]
14:54:42 [(1251.75, 1473.0)]
14:54:42 [(1188.75, 1411.25)]
14:54:42 [(1130.5, 1347.75)]
14:54:42 [(1073.75, 1274.5)]
14:54:42 [(1004.0, 1189.25)]
14:54:42 [(933.0, 1108.0)]
14:54:43 [(859.5, 1034.0)]
14:54:43 [(668.0, 846.75)]
14:54:43 [(550.5, 686.0)]
14:54:43 [(501.75, 615.5)]
14:54:43 [(457.5, 544.5)]
14:54:43 [(410.0, 470.25)]
14:54:43 [(358.5, 393.5)]
14:54:43 [(291.0, 320.0)]
14:54:43 [(221.25, 253.75)]
14:54:43 [(151.25, 187.0)]
14:54:43 [(81.0, 125.5)]
14:54:44 [(11.25, 57.5)]
14:54:44 [(-65.25, -14.25)]
14:54:44 [(-136.75, -87.75)]
14:54:44 [(-206.25, -149.25)]
14:54:44 [(-283.5, -202.0)]
14:54:44 [(-362.0, -259.5)]
14:54:44 [(-437.5, -321.75)]
14:54:44 [(-511.75, -388.25)]
14:54:44 [(-573.0, -469.5)]
14:54:44 [(-617.75, -556.25)]
14:54:44 [(-666.75, -643.0)]
14:54:45 [(-715.25, -718.25)]
14:54:45 [(-770.75, -787.0)]
14:54:45 [(-832.75, -849.75)]
14:54:45 [(-892.75, -918.75)]
14:54:45 [(-956.0, -996.75)]
14:54:45 [(-1027.25, -1072.0)]
14:54:45 [(-1095.5, -1129.5)]
14:54:45 [(-1180.5, -1201.0)]
14:54:45 [(-1250.75, -1262.0)]
14:54:45 [(-1323.0, -1324.5)]
14:54:45 [(-1382.5, -1393.25)]
14:54:46 [(-1435.75, -1461.25)]
14:54:46 [(-1493.5, -1519.5)]
14:54:46 [(-1542.75, -1570.5)]
14:54:46 [(-1606.5, -1625.5)]
14:54:46 [(-1657.25, -1677.5)]
14:54:46 [(-1705.25, -1726.25)]
14:54:46 [(-1735.5, -1769.5)]
14:54:46 [(-1766.0, -1801.75)]
14:54:46 [(-1798.25, -1833.75)]
14:54:46 [(-1832.0, -1863.75)]
14:54:46 [(-1878.25, -1908.5)]
14:54:46 [(-1913.5, -1933.5)]
14:54:47 [(-1938.5, -1964.5)]
14:54:47 [(-1968.5, -1991.25)]
14:54:47 [(-1991.5, -2020.5)]
14:54:47 [(-2013.75, -2050.0)]
14:54:47 [(-2044.25, -2069.0)]
14:54:47 [(-1895.0, -1876.0), (-2252.0, -2294.0)]
14:54:47 [(-1900.0, -1869.0), (-2291.5, -2307.5)]
14:54:47 [(-1904.5, -1860.0), (-2342.5, -2323.5)]
14:54:47 [(-1908.5, -1852.0), (-2409.5, -2366.0)]
14:54:47 [(-1909.5, -1849.5), (-2422.5, -2394.5)]
14:54:48 [(-2425.0, -2428.0)]
14:54:48 [(-2408.5, -2474.5)]
14:54:48 [(-2381.0, -2528.0)]
14:54:48 [(-2345.0, -2607.0)]
14:54:48 [(-2311.0, -2700.0)]
14:54:48 [(-2298.0, -2749.5)]
14:54:48 [(-2296.5, -2807.5)]
14:54:48 [(-2288.5, -2930.5)]
14:54:48 [(-2318.5, -2871.5)]
14:54:48 [(-2333.0, -2842.0)]
14:54:48 [(-2358.0, -2812.0)]
14:54:49 [(-2391.5, -2755.5)]
14:54:49 [(-2413.5, -2708.0)]
14:54:49 [(-2420.0, -2677.5)]
14:54:49 [(-2428.5, -2642.0)]
14:54:49 [(-2443.5, -2610.5)]
14:54:49 [(-2450.0, -2594.0)]
14:54:49 [(-2450.0, -2600.0)]
14:54:49 [(-2462.5, -2601.0)]
14:54:49 [(-2483.5, -2601.0)]
14:54:49 [(-2510.0, -2594.0)]
14:54:49 [(-2551.5, -2558.0)]
14:54:50 [(-2614.5, -2495.5)]
Disconnected from MQTT broker, return code 0

Script done on 2024-04-29 14:55:08+08:00 [COMMAND_EXIT_CODE="0"]
