Script started on 2024-04-29 14:55:11+08:00 [TERM="xterm-256color" TTY="/dev/pts/0" COLUMNS="92" LINES="23"]
App start.
^[[B^[[DConfig updated: {'brokeraddr': '10.42.0.1', 'brokerport': '1883', 'plot_xlims': '(-3500,3500)', 'plot_ylims': '(-3500,3500)', 'clusterrad': '500.0', 'clustersz': '2', 'radar1_en': 'True', 'radar2_en': 'True', 'radar3_en': 'True', 'radar4_en': 'True', 'radar1_x': '0.0', 'radar1_y': '-3000.0', 'radar1_a': '0.0', 'radar2_x': '-3000.0', 'radar2_y': '0.0', 'radar2_a': '-90.0', 'radar3_x': '0.0', 'radar3_y': '3000.0', 'radar3_a': '180.0', 'radar4_x': '3000.0', 'radar4_y': '0.0', 'radar4_a': '90.0', 'default': '<Section: DEFAULT>'}
Connected to MQTT broker.
14:55:41 [(-1283.0, -822.75)]
14:55:41 [(-1196.5, -796.75)]
14:55:41 [(-1107.5, -768.25)]
14:55:41 [(-1021.75, -733.25)]
14:55:41 [(-937.75, -691.0)]
14:55:41 [(-860.25, -650.25)]
14:55:41 [(-790.75, -598.0)]
14:55:42 [(-733.0, -545.0)]
14:55:42 [(-677.25, -494.0)]
14:55:42 [(-618.75, -446.5)]
14:55:42 [(-562.0, -399.25)]
14:55:42 [(-505.5, -351.0)]
14:55:42 [(-448.25, -308.0)]
14:55:42 [(-392.0, -275.75)]
14:55:42 [(-321.75, -241.75)]
14:55:42 [(-269.5, -213.0)]
14:55:42 [(-222.0, -185.75)]
14:55:42 [(-175.75, -162.75)]
14:55:43 [(-134.75, -141.25)]
14:55:43 [(-106.75, -129.0)]
14:55:43 [(-80.0, -122.25)]
14:55:43 [(-60.25, -119.0)]
14:55:43 [(-8.75, -87.25)]
14:55:43 [(2.25, -78.5)]
14:55:43 [(10.25, -71.5)]
14:55:43 [(13.25, -67.0)]
14:55:44 [(10.5, -64.5)]
14:55:44 [(5.0, -64.75)]
14:55:44 [(6.25, -66.5)]
14:55:44 [(7.25, -68.0)]
14:55:44 [(8.0, -70.75)]
14:55:44 [(5.5, -74.5)]
14:55:44 [(0.25, -76.0)]
14:55:44 [(-2.0, -76.75)]
14:55:44 [(-2.75, -77.5)]
14:55:45 [(-1.5, -77.0)]
14:55:45 [(-0.75, -75.0)]
14:55:45 [(2.0, -71.5)]
14:55:45 [(3.75, -70.25)]
14:55:45 [(5.5, -69.25)]
14:55:45 [(8.5, -68.25)]
14:55:45 [(11.75, -66.75)]
14:55:45 [(17.5, -63.5)]
14:55:45 [(20.25, -63.0)]
14:55:45 [(21.0, -61.0)]
14:55:45 [(20.5, -58.25)]
14:55:46 [(18.75, -59.0)]
14:55:46 [(17.75, -60.5)]
14:55:46 [(18.75, -61.0)]
14:55:46 [(19.75, -60.75)]
14:55:46 [(21.75, -57.0)]
14:55:46 [(24.25, -52.5)]
14:55:46 [(27.5, -48.25)]
14:55:46 [(33.0, -45.25)]
14:55:46 [(38.75, -42.5)]
14:55:46 [(47.25, -42.5)]
14:55:46 [(58.75, -44.25)]
14:55:47 [(72.5, -47.75)]
14:55:47 [(263.5, -53.5)]
14:55:47 [(329.0, -62.25)]
14:55:47 [(345.75, -55.5)]
14:55:48 [(363.0, -46.0)]
14:55:48 [(375.25, -34.75)]
14:55:48 [(387.75, -20.25)]
14:55:48 [(392.75, -9.75)]
14:55:48 [(396.25, 1.25)]
14:55:48 [(397.0, 24.0)]
14:55:48 [(405.25, 52.0)]
14:55:48 [(416.25, 81.5)]
14:55:48 [(425.75, 121.75)]
14:55:48 [(431.5, 185.75)]
14:55:48 [(431.75, 251.25)]
14:55:49 [(424.25, 340.75)]
14:55:49 [(411.75, 439.25)]
14:55:49 [(417.0, 568.0)]
14:55:49 [(429.0, 660.75)]
14:55:49 [(438.0, 717.5)]
14:55:49 [(452.75, 770.5)]
14:55:49 [(467.25, 823.75)]
14:55:49 [(491.5, 870.75)]
14:55:49 [(510.25, 916.5)]
14:55:49 [(533.25, 956.25)]
14:55:50 [(556.25, 995.25)]
14:55:50 [(567.5, 1017.25)]
14:55:50 [(568.0, 1028.0)]
14:55:50 [(557.0, 1037.5)]
14:55:50 [(549.25, 1043.25)]
14:55:50 [(536.0, 1046.5)]
14:55:50 [(518.0, 1049.25)]
14:55:50 [(492.25, 1047.0)]
14:55:50 [(457.5, 1049.0)]
14:55:50 [(424.0, 1051.5)]
14:55:50 [(390.75, 1051.25)]
14:55:50 [(352.25, 1052.75)]
14:55:51 [(297.5, 1049.25)]
14:55:51 [(211.5, 1048.75)]
14:55:51 [(128.75, 1037.25)]
14:55:51 [(62.0, 1027.25)]
14:55:51 [(-5.75, 1023.5)]
14:55:51 [(-80.5, 1019.25)]
14:55:51 [(-146.75, 1016.5)]
14:55:51 [(-228.25, 1011.0)]
14:55:51 [(-342.75, 998.0)]
14:55:51 [(-445.5, 986.5)]
14:55:51 [(-542.75, 968.25)]
14:55:52 [(-636.0, 948.75)]
14:55:52 [(-725.25, 930.5)]
14:55:52 [(-799.75, 924.25)]
14:55:52 [(-870.5, 924.0)]
14:55:52 [(-938.75, 926.5)]
14:55:52 [(-990.25, 931.75)]
14:55:52 [(-1024.5, 926.75)]
14:55:52 [(-952.0, 994.33)]
14:55:53 [(-964.33, 989.33)]
Connected to MQTT broker.
14:56:00 [(1578.25, -770.5)]
14:56:00 [(1559.25, -627.5)]
14:56:00 [(1584.0, -557.0)]
14:56:00 [(1633.0, -507.0)]
14:56:01 [(1540.67, -448.67)]
14:56:01 [(1525.33, -357.0)]
14:56:01 [(1509.67, -270.0)]
14:56:01 [(1486.0, -181.0)]
14:56:01 [(1461.67, -102.67)]
14:56:01 [(1443.67, -23.67)]
14:56:01 [(1433.33, 59.67)]
14:56:01 [(1425.33, 367.0)]
14:56:02 [(1436.33, 532.33)]
14:56:02 [(1439.67, 622.67)]
14:56:02 [(1437.0, 713.0)]
14:56:02 [(1441.0, 1040.67)]
14:56:02 [(1433.0, 1223.33)]
14:56:02 [(1598.75, 1350.25)]
14:56:02 [(1552.5, 1417.25)]
14:56:02 [(1531.75, 1469.0)]
14:56:03 [(1518.25, 1522.25)]
14:56:03 [(1515.0, 1577.5)]
14:56:03 [(1520.75, 1631.25)]
14:56:03 [(1524.0, 1679.75)]
14:56:03 [(1520.25, 1731.5)]
14:56:03 [(1533.5, 1792.25)]
14:56:03 [(1540.75, 1844.0)]
14:56:03 [(1552.0, 1865.25)]
14:56:03 [(1572.25, 1899.0)]
14:56:03 [(1599.75, 1939.0)]
14:56:03 [(1486.0, 1920.0)]
14:56:04 [(1489.67, 1947.0)]
14:56:04 [(1480.67, 1967.33)]
14:56:04 [(889.0, 1914.67)]
14:56:05 [(898.75, 1961.75)]
14:56:05 [(803.5, 1995.0)]
14:56:05 [(714.5, 2009.5)]
14:56:05 [(633.0, 2008.25)]
14:56:05 [(563.5, 2022.75)]
14:56:05 [(495.25, 2029.25)]
14:56:05 [(424.0, 2031.25)]
14:56:05 [(354.5, 2026.75)]
14:56:05 [(279.0, 2018.75)]
14:56:05 [(85.67, 1914.33)]
14:56:05 [(6.0, 1896.67)]
14:56:06 [(12.5, 1988.0)]
14:56:06 [(-61.0, 1991.75)]
14:56:06 [(-211.0, 1869.67)]
14:56:06 [(-467.5, 2024.5)]
14:56:06 [(-552.0, 2032.0)]
14:56:06 [(-490.67, 2147.33)]
14:56:06 [(-590.67, 2146.67)]
14:56:06 [(-699.67, 2145.67)]
14:56:06 [(-814.0, 2127.67)]
14:56:06 [(-928.33, 2110.67)]
14:56:07 [(-1024.67, 2098.33)]
14:56:07 [(-1100.67, 2100.67)]
14:56:07 [(-1160.33, 2095.33)]
14:56:07 [(-1209.33, 2082.67)]
14:56:07 [(-1271.0, 2045.67)]
Connected to MQTT broker.
14:56:13 [(-1964.75, -1737.5)]
14:56:13 [(-1963.5, -1794.25)]
14:56:13 [(-1959.5, -1854.75)]
14:56:13 [(-1949.75, -1871.75)]
14:56:13 [(-1941.75, -1874.5)]
14:56:13 [(-1934.5, -1872.5)]
14:56:13 [(-1928.5, -1876.75)]
14:56:13 [(-1925.25, -1874.75)]
14:56:13 [(-1925.25, -1878.25)]
14:56:13 [(-1921.25, -1884.0)]
14:56:14 [(-1912.25, -1887.5)]
14:56:14 [(-1854.5, -1900.75)]
14:56:14 [(-1819.25, -1905.25)]
14:56:14 [(-1505.0, -2027.5)]
14:56:15 [(-1280.0, -2023.0)]
14:56:15 [(-1194.0, -2018.0)]
14:56:15 [(-1085.75, -1997.5)]
14:56:15 [(-997.75, -1987.75)]
14:56:15 [(-909.75, -1994.75)]
14:56:15 [(-816.25, -2007.5)]
14:56:15 [(-729.5, -2020.25)]
14:56:15 [(-631.5, -2037.25)]
14:56:15 [(-550.75, -2042.75)]
14:56:15 [(-473.0, -2049.25)]
14:56:15 [(-386.5, -2057.25)]
14:56:16 [(-256.5, -2097.0)]
14:56:16 [(-139.75, -2140.75)]
14:56:16 [(-23.0, -2178.0)]
14:56:16 [(93.75, -2208.25)]
14:56:16 [(206.25, -2207.0)]
14:56:16 [(319.0, -2179.25)]
14:56:16 [(428.75, -2146.25)]
14:56:16 [(563.25, -2131.75)]
14:56:16 [(664.25, -2095.5)]
14:56:17 [(757.5, -2057.25)]
Connected to MQTT broker.
14:56:22 [(2561.67, 907.33)]
14:56:22 [(2554.67, 1015.33)]
14:56:22 [(2541.67, 1124.33)]
14:56:22 [(2618.25, 1081.5)]
14:56:22 [(2608.75, 1157.25)]
14:56:22 [(2587.5, 1221.0)]
14:56:22 [(2565.25, 1276.5)]
14:56:22 [(2525.0, 1322.25)]
14:56:22 [(2480.5, 1360.0)]
14:56:23 [(2427.25, 1402.0)]
14:56:23 [(2387.5, 1434.75)]
14:56:23 [(2388.0, 1622.67)]
14:56:23 [(2432.67, 1680.67)]
14:56:23 [(2429.0, 1553.5)]
14:56:23 [(2389.5, 1579.0)]
14:56:23 [(2284.5, 1638.5)]
14:56:23 [(2248.5, 1663.0)]
14:56:23 [(2252.0, 1677.0)]
14:56:23 [(2250.5, 1682.5)]
14:56:23 []
14:56:24 []
14:56:24 [(2200.5, 1726.0)]
14:56:24 [(2138.5, 1774.5)]
14:56:24 [(2074.0, 1824.5)]
14:56:24 [(2012.0, 1872.0)]
14:56:24 [(1954.5, 1916.5)]
14:56:24 [(1932.0, 1951.0)]
14:56:24 [(1947.0, 1962.0)]
14:56:24 [(1957.0, 1965.0)]
14:56:24 [(1963.0, 1961.0)]
14:56:24 [(1977.5, 1956.0)]
14:56:25 [(1992.0, 1954.0)]
14:56:25 [(1996.0, 1952.5)]
14:56:25 [(2000.5, 1950.0)]
14:56:25 [(2000.0, 1944.5)]
14:56:25 [(1997.5, 1938.5)]
14:56:25 [(2102.33, 2045.67)]
14:56:25 [(2085.0, 2039.0)]
14:56:25 [(2068.67, 2031.33)]
14:56:25 [(2059.0, 2029.33)]
14:56:25 [(2047.67, 2029.0)]
14:56:25 [(2027.67, 2026.67)]
14:56:26 [(1991.33, 2013.33)]
14:56:26 [(1955.33, 1998.67)]
14:56:26 [(1899.67, 1983.0)]
14:56:26 [(1849.67, 1973.0)]
14:56:26 [(1791.0, 1970.33)]
14:56:26 [(1741.25, 1944.5)]
14:56:26 [(1707.25, 1930.25)]
14:56:26 [(1672.0, 1916.75)]
14:56:26 [(1638.75, 1893.0)]
14:56:26 [(1609.75, 1862.75)]
14:56:26 [(1578.5, 1828.5)]
14:56:26 [(1372.8, 1717.6)]
14:56:27 [(1144.0, 1567.0)]
14:56:27 [(1074.5, 1488.25)]
14:56:27 [(1008.5, 1410.25)]
14:56:27 [(948.75, 1334.5)]
14:56:27 [(881.75, 1248.25)]
14:56:27 [(823.5, 1160.75)]
14:56:27 [(765.5, 1079.5)]
14:56:27 [(699.5, 997.25)]
14:56:27 [(616.25, 916.5)]
14:56:27 [(533.5, 842.5)]
14:56:27 [(455.75, 768.25)]
14:56:28 [(417.33, 564.0)]
14:56:28 [(254.0, 621.75)]
14:56:28 [(142.5, 541.5)]
14:56:28 [(5.5, 431.0)]
14:56:28 [(-113.0, 345.0)]
14:56:28 [(-234.0, 260.0)]
14:56:28 [(-350.5, 180.0)]
14:56:28 [(-462.0, 106.25)]
14:56:28 [(-560.75, 43.25)]
14:56:28 [(-648.25, -19.75)]
14:56:28 [(-715.0, -71.25)]
14:56:29 [(-763.5, -113.25)]
14:56:29 [(-809.0, -155.0)]
14:56:29 [(-852.75, -180.25)]
14:56:29 [(-893.5, -198.25)]
14:56:29 [(-925.25, -219.5)]
14:56:29 [(-939.5, -261.5)]
14:56:29 [(-949.25, -311.0)]
14:56:29 [(-953.0, -343.0)]
14:56:29 [(-956.25, -363.75)]
14:56:29 [(-960.75, -382.25)]
14:56:29 [(-960.25, -396.75)]
14:56:30 [(-953.25, -415.75)]
14:56:30 [(-950.0, -428.5)]
14:56:30 [(-941.5, -431.75)]
14:56:30 [(-926.5, -438.5)]
14:56:30 [(-908.75, -445.0)]
14:56:30 [(-890.0, -448.75)]
14:56:30 [(-874.25, -446.25)]
14:56:30 [(-850.75, -437.0)]
14:56:30 [(-824.25, -426.75)]
14:56:30 [(-784.5, -416.25)]
14:56:30 [(-750.5, -407.75)]
14:56:31 [(-707.5, -397.75)]
14:56:31 [(-660.5, -373.25)]
14:56:31 [(-565.0, -319.0)]
14:56:31 [(-502.25, -290.5)]
14:56:31 [(-435.0, -265.5)]
14:56:31 [(-369.75, -243.0)]
14:56:31 [(-310.25, -222.5)]
14:56:31 [(-262.75, -198.25)]
14:56:31 [(-219.75, -182.5)]
14:56:31 [(-190.0, -174.0)]
14:56:31 [(-158.75, -166.0)]
14:56:32 [(-143.0, -164.25)]
14:56:32 [(-126.75, -162.25)]
14:56:32 [(-113.75, -163.0)]
14:56:32 [(-107.0, -166.0)]
14:56:32 [(-101.5, -166.5)]
14:56:32 [(-97.25, -165.5)]
14:56:32 [(-91.25, -159.25)]
14:56:32 [(-84.5, -152.25)]
14:56:32 [(-80.25, -146.75)]
14:56:32 [(-76.5, -143.75)]
14:56:32 [(-73.0, -139.0)]
14:56:33 [(-71.25, -133.5)]
14:56:33 [(-72.25, -131.75)]
14:56:33 [(-70.5, -131.25)]
14:56:33 [(-69.25, -128.25)]
14:56:33 [(-68.25, -126.5)]
14:56:33 [(-68.0, -122.5)]
14:56:33 [(-69.5, -118.75)]
14:56:33 [(-69.75, -116.5)]
14:56:33 [(-68.25, -115.25)]
14:56:33 [(-64.5, -113.75)]
14:56:33 [(-53.5, -110.5)]
14:56:34 [(-46.25, -109.75)]
14:56:34 [(-41.5, -108.25)]
14:56:34 [(-40.5, -107.25)]
14:56:34 [(-38.75, -106.75)]
14:56:34 [(-38.5, -105.75)]
14:56:34 [(-35.0, -105.25)]
14:56:34 [(-33.0, -104.75)]
14:56:34 [(-30.5, -103.5)]
14:56:34 [(-29.25, -99.75)]
14:56:34 [(-28.25, -97.0)]
14:56:34 [(-27.75, -95.25)]
14:56:35 [(-27.25, -95.0)]
14:56:35 [(-27.0, -95.25)]
14:56:35 [(-26.75, -94.75)]
14:56:35 [(-26.25, -94.75)]
14:56:35 [(-26.5, -95.0)]
14:56:35 [(-26.0, -93.0)]
14:56:35 [(-26.5, -90.25)]
14:56:35 [(-26.25, -89.0)]
14:56:35 [(-23.25, -87.25)]
14:56:35 [(-18.5, -85.5)]
14:56:35 [(-10.5, -83.5)]
14:56:36 [(-1.5, -82.5)]
14:56:36 [(9.0, -83.0)]
14:56:36 [(21.0, -84.75)]
14:56:36 [(34.75, -85.75)]
14:56:36 [(48.75, -87.5)]
14:56:36 [(68.0, -91.0)]
14:56:36 [(88.0, -94.0)]
14:56:36 [(106.75, -95.0)]
14:56:36 [(133.75, -96.0)]
14:56:36 [(162.25, -95.25)]
14:56:36 [(196.25, -94.5)]
14:56:37 [(208.75, -91.5)]
14:56:37 [(220.75, -87.5)]
14:56:37 [(233.75, -79.0)]
14:56:37 [(252.25, -65.25)]
14:56:37 [(268.5, -56.0)]
14:56:37 [(286.0, -50.25)]
14:56:37 [(295.0, -44.5)]
14:56:37 [(300.75, -32.75)]
14:56:37 [(306.0, -21.25)]
14:56:37 [(311.5, -9.0)]
14:56:37 [(327.5, 10.0)]
14:56:38 [(343.25, 31.5)]
14:56:38 [(354.0, 57.75)]
14:56:38 [(364.75, 105.75)]
14:56:38 [(372.5, 166.75)]
14:56:38 [(377.0, 253.25)]
14:56:38 [(393.5, 350.25)]
14:56:38 [(410.5, 440.25)]
14:56:38 [(483.0, 635.0)]
14:56:38 [(509.67, 712.33)]
14:56:38 [(453.5, 705.25)]
14:56:38 [(468.0, 774.75)]
14:56:39 [(471.25, 824.75)]
14:56:39 [(474.5, 886.5)]
14:56:39 [(475.75, 918.75)]
14:56:39 [(481.75, 939.75)]
14:56:39 [(484.5, 956.0)]
14:56:39 [(484.75, 972.0)]
14:56:39 [(476.5, 987.0)]
14:56:39 [(466.25, 996.25)]
14:56:39 [(453.0, 1006.75)]
14:56:39 [(439.25, 1011.0)]
14:56:39 [(420.25, 1015.0)]
14:56:40 [(391.75, 1012.5)]
14:56:40 [(352.25, 1006.25)]
14:56:40 [(311.25, 998.0)]
14:56:40 [(264.5, 986.5)]
14:56:40 [(213.5, 978.0)]
14:56:40 [(149.0, 973.75)]
14:56:40 [(89.5, 971.25)]
14:56:40 [(13.0, 964.75)]
14:56:40 [(-50.75, 962.0)]
14:56:40 [(-116.0, 963.5)]
14:56:40 [(-186.0, 965.0)]
14:56:41 [(-248.5, 968.0)]
14:56:41 [(-311.0, 970.5)]
14:56:41 [(-371.75, 964.75)]
14:56:41 [(-428.0, 957.75)]
14:56:41 [(-628.67, 985.0)]
14:56:41 [(-697.67, 980.67)]
14:56:41 [(-626.0, 929.75)]
14:56:41 [(-724.0, 921.5)]
14:56:41 [(-817.25, 925.25)]
14:56:41 [(-889.5, 928.25)]
14:56:41 [(-958.5, 931.25)]
14:56:42 [(-1009.25, 926.0)]
14:56:42 [(-1053.25, 935.75)]
14:56:42 [(-1077.75, 935.5)]
14:56:42 [(-1085.0, 927.5)]
14:56:42 [(-1090.25, 923.25)]
14:56:42 [(-1091.0, 909.0)]
14:56:42 [(-1097.0, 895.5)]
14:56:42 [(-1104.75, 880.5)]
14:56:42 [(-1108.75, 859.5)]
14:56:42 [(-1109.0, 832.25)]
14:56:42 [(-1109.75, 802.25)]
14:56:43 [(-1107.5, 764.5)]
14:56:43 [(-1103.25, 726.0)]
14:56:43 [(-1100.75, 676.5)]
14:56:43 [(-1102.5, 619.5)]
14:56:43 [(-1101.5, 537.75)]
14:56:43 [(-1109.0, 473.5)]
14:56:43 [(-1111.0, 413.75)]
14:56:43 [(-1110.0, 358.25)]
14:56:43 [(-1106.5, 291.75)]
14:56:43 [(-1099.25, 231.0)]
14:56:43 [(-1088.0, 168.5)]
14:56:44 [(-1076.75, 105.0)]
14:56:44 [(-1071.0, 40.25)]
14:56:44 [(-1126.0, -184.67)]
14:56:44 [(-1128.67, -287.0)]
14:56:44 [(-1140.33, -360.67)]
14:56:44 [(-1142.67, -430.0)]
14:56:44 [(-1146.33, -499.0)]
14:56:44 [(-1150.33, -565.0)]
14:56:44 [(-1101.5, -526.25)]
14:56:44 [(-1105.75, -612.0)]
14:56:44 [(-1110.0, -696.0)]
14:56:45 [(-1116.0, -768.5)]
14:56:45 [(-1120.0, -837.0)]
14:56:45 [(-1114.75, -892.75)]
14:56:45 [(-1091.0, -930.75)]
14:56:46 [(-1062.25, -967.0)]
Connected to MQTT broker.
14:56:49 [(1353.75, -1069.75)]
14:56:49 [(1386.75, -1056.25)]
14:56:49 [(1422.5, -1039.5)]
14:56:49 [(1445.25, -1022.25)]
14:56:49 [(1461.75, -1014.5)]
14:56:49 [(1486.75, -1014.5)]
14:56:49 [(1505.0, -1008.0)]
14:56:49 [(1510.75, -999.25)]
14:56:49 [(1516.5, -992.0)]
14:56:49 [(1521.0, -983.25)]
14:56:49 [(1533.0, -970.75)]
14:56:50 [(1543.5, -962.75)]
14:56:50 [(1553.25, -947.0)]
14:56:50 [(1565.0, -911.5)]
14:56:50 [(1574.25, -874.25)]
14:56:50 [(1577.25, -822.5)]
14:56:50 [(1573.25, -772.25)]
14:56:50 [(1555.5, -720.0)]
14:56:50 [(1542.25, -660.75)]
14:56:50 [(1531.75, -599.25)]
14:56:50 [(1524.75, -537.25)]
14:56:50 [(1518.25, -471.25)]
14:56:51 [(1565.0, -245.67)]
14:56:51 [(1549.67, -151.67)]
14:56:51 [(1522.67, -39.67)]
14:56:51 [(1488.67, 42.0)]
14:56:51 [(1460.0, 128.67)]
14:56:51 [(1431.0, 220.67)]
14:56:51 [(1409.33, 315.67)]
14:56:51 [(1392.33, 413.67)]
14:56:51 [(1385.0, 505.67)]
14:56:51 [(1383.0, 602.0)]
14:56:51 [(1398.0, 695.33)]
14:56:52 [(1400.67, 778.67)]
14:56:52 [(1406.0, 855.0)]
14:56:52 [(1419.67, 932.0)]
14:56:52 [(1464.33, 1024.67)]
14:56:52 [(1428.75, 989.25)]
14:56:52 [(1441.0, 1085.25)]
14:56:52 [(1443.0, 1175.5)]
14:56:52 [(1431.75, 1246.5)]
14:56:52 [(1414.5, 1314.5)]
14:56:52 [(1395.75, 1378.25)]
14:56:52 [(1398.25, 1440.0)]
14:56:53 [(1405.5, 1514.75)]
14:56:53 [(1416.25, 1576.75)]
14:56:53 [(1435.5, 1639.75)]
14:56:53 [(1454.75, 1708.5)]
14:56:53 [(1441.75, 1751.25)]
14:56:53 [(1425.75, 1791.75)]
14:56:53 [(1417.75, 1832.5)]
14:56:53 [(1409.75, 1865.5)]
14:56:53 [(1396.0, 1885.5)]
14:56:53 [(1384.5, 1902.75)]
14:56:53 [(1377.25, 1913.75)]
14:56:54 [(1378.75, 1926.5)]
14:56:54 [(1385.5, 1940.25)]
14:56:54 [(1389.75, 1949.0)]
14:56:54 [(1395.25, 1950.0)]
14:56:54 [(1399.75, 1955.5)]
14:56:54 [(1404.25, 1956.75)]
14:56:54 [(1423.25, 1958.5)]
14:56:54 [(1455.25, 1961.0)]
14:56:54 [(1495.25, 1960.5)]
14:56:54 [(1533.0, 1960.5)]
14:56:54 [(1406.33, 1978.33)]
14:56:55 [(1394.67, 1996.33)]
14:56:55 [(1380.0, 2011.33)]
14:56:55 [(1358.67, 2022.67)]
14:56:55 [(1332.33, 2030.33)]
14:56:55 [(1291.0, 2044.67)]
14:56:55 [(1247.33, 2056.0)]
14:56:55 [(1345.5, 2014.0)]
14:56:55 [(1197.75, 2009.25)]
14:56:55 [(1116.5, 2003.75)]
14:56:55 [(1039.5, 1997.75)]
14:56:55 [(953.25, 1998.25)]
14:56:56 [(872.5, 1997.75)]
14:56:56 [(809.5, 2055.75)]
14:56:56 [(751.75, 2135.75)]
14:56:56 [(750.0, 2082.0)]
14:56:56 [(692.0, 2087.67)]
14:56:56 [(629.67, 2100.33)]
14:56:56 [(562.67, 2099.67)]
14:56:56 [(493.33, 2084.67)]
14:56:56 [(429.0, 2077.67)]
14:56:56 [(361.67, 2076.67)]
14:56:56 [(274.0, 2090.0)]
14:56:57 [(214.0, 2086.33)]
14:56:57 [(149.67, 2084.67)]
14:56:57 [(76.33, 2089.0)]
14:56:57 [(-8.67, 2092.33)]
14:56:57 [(-85.0, 2094.0)]
14:56:57 [(-164.33, 2088.0)]
14:56:57 [(-248.67, 2088.67)]
14:56:57 [(-324.33, 2089.67)]
14:56:57 [(-393.67, 2095.33)]
14:56:57 [(-466.0, 2106.67)]
14:56:57 [(-546.33, 2113.0)]
14:56:58 [(-631.33, 2110.33)]
14:56:58 [(-718.33, 2117.67)]
14:56:58 [(-856.33, 2135.67)]
14:56:58 [(-934.0, 2138.0)]
14:56:58 [(-1010.67, 2130.0)]
14:56:58 [(-1094.67, 2110.67)]
14:56:58 [(-1181.0, 2076.0)]
14:56:58 [(-1258.67, 2044.33)]
14:56:58 [(-1322.0, 2009.0)]
14:56:58 [(-1365.67, 1968.67)]
14:56:58 [(-1413.67, 1936.33)]
14:56:59 [(-1453.67, 1911.0)]
14:56:59 [(-1476.33, 1879.0)]
14:56:59 [(-1496.0, 1852.0)]
14:56:59 [(-1537.0, 1834.33)]
14:56:59 [(-1578.0, 1815.0)]
14:56:59 [(-1617.67, 1808.33)]
14:56:59 [(-1655.67, 1805.0)]
14:56:59 [(-1619.5, 1720.5)]
14:56:59 [(-1641.0, 1721.5)]
14:56:59 [(-1671.0, 1714.5)]
14:56:59 [(-1698.0, 1704.0)]
14:57:00 [(-1722.5, 1703.0)]
14:57:00 [(-1715.5, 1718.5)]
14:57:00 [(-1730.5, 1721.5)]
14:57:00 [(-1759.0, 1713.5)]
14:57:00 [(-1781.0, 1685.5)]
14:57:00 [(-1972.67, 1686.33)]
14:57:00 [(-1972.67, 1627.0)]
14:57:00 [(-1979.67, 1568.33)]
14:57:00 [(-1989.5, 1522.0)]
14:57:00 [(-2016.25, 1458.5)]
14:57:00 [(-2036.25, 1398.75)]
14:57:01 [(-2050.75, 1326.25)]
14:57:01 [(-2053.75, 1256.25)]
14:57:01 [(-2044.5, 1193.0)]
14:57:01 [(-2037.75, 1128.25)]
14:57:01 [(-2053.5, 1037.5)]
14:57:01 [(-2067.75, 970.75)]
14:57:01 [(-2072.5, 914.5)]
14:57:01 [(-2071.25, 851.75)]
14:57:01 [(-2070.5, 786.75)]
14:57:01 [(-2068.5, 722.5)]
14:57:01 [(-2066.75, 669.0)]
14:57:02 [(-2063.25, 612.25)]
14:57:02 [(-2059.5, 550.0)]
14:57:02 [(-2058.0, 485.5)]
14:57:02 [(-2055.75, 421.75)]
14:57:02 [(-2056.0, 349.75)]
14:57:02 [(-2053.75, 278.0)]
14:57:02 [(-2050.75, 199.5)]
14:57:02 [(-2041.5, 99.75)]
14:57:02 [(-2035.5, -6.0)]
14:57:02 [(-2036.25, -119.75)]
14:57:02 [(-2038.25, -237.25)]
14:57:03 [(-2031.25, -357.5)]
14:57:03 [(-2019.25, -520.75)]
14:57:03 [(-2013.25, -638.0)]
14:57:03 [(-2003.75, -757.75)]
14:57:03 [(-1995.5, -864.25)]
14:57:03 [(-2004.5, -958.5)]
14:57:03 [(-2014.5, -1051.0)]
14:57:03 [(-2021.5, -1142.75)]
14:57:03 [(-2017.75, -1228.0)]
14:57:03 [(-2011.25, -1305.5)]
14:57:03 [(-2000.0, -1372.25)]
14:57:04 [(-1987.25, -1428.75)]
14:57:04 [(-1980.5, -1490.25)]
14:57:04 [(-1976.5, -1528.25)]
14:57:04 [(-1963.25, -1559.0)]
14:57:04 [(-1948.0, -1576.5)]
14:57:04 [(-1935.75, -1598.75)]
14:57:04 [(-1937.0, -1626.75)]
14:57:04 [(-1933.25, -1671.25)]
14:57:04 [(-1947.5, -1716.25)]
14:57:04 [(-1970.25, -1753.25)]
14:57:04 [(-1989.75, -1788.5)]
14:57:05 [(-1989.75, -1822.25)]
14:57:05 [(-1969.5, -1838.0)]
14:57:05 [(-1948.5, -1855.5)]
14:57:05 [(-1926.0, -1859.25)]
14:57:05 [(-1906.25, -1859.0)]
14:57:05 [(-1875.5, -1864.75)]
14:57:05 [(-1846.25, -1863.0)]
14:57:05 [(-1817.0, -1861.75)]
14:57:05 [(-1790.25, -1869.25)]
14:57:05 [(-1747.0, -1882.5)]
14:57:05 [(-1687.0, -1893.5)]
14:57:06 [(-1620.5, -1903.25)]
14:57:06 [(-1552.5, -1918.0)]
14:57:06 [(-1492.5, -1942.0)]
14:57:06 [(-1430.5, -1969.25)]
14:57:06 [(-1369.0, -1998.5)]
14:57:06 [(-1307.5, -2011.25)]
14:57:06 [(-1248.5, -2014.5)]
14:57:06 [(-1194.25, -2028.0)]
14:57:06 [(-1133.0, -2044.75)]
14:57:06 [(-1061.75, -2055.5)]
14:57:06 [(-992.75, -2067.25)]
14:57:06 [(-916.25, -2080.0)]
14:57:07 [(-841.75, -2093.75)]
14:57:07 [(-766.75, -2104.0)]
14:57:07 [(-682.5, -2109.75)]
14:57:07 [(-583.25, -2108.0)]
14:57:07 [(-484.75, -2106.75)]
14:57:07 [(-394.0, -2129.75)]
14:57:07 [(-310.5, -2157.25)]
14:57:07 [(-231.5, -2198.0)]
14:57:07 [(-157.5, -2235.0)]
14:57:07 [(-79.5, -2278.5)]
14:57:07 [(89.5, -2060.0)]
14:57:08 [(161.5, -2062.0)]
14:57:08 [(236.0, -2057.5)]
14:57:08 [(322.5, -2054.0)]
14:57:08 [(421.5, -2041.0)]
14:57:08 [(394.67, -2133.0)]
14:57:08 [(520.33, -2087.0)]
14:57:08 [(600.0, -2052.0)]
14:57:08 [(664.67, -2029.33)]
14:57:08 [(733.0, -2028.33)]
14:57:08 [(910.0, -1990.0)]
14:57:08 [(980.5, -1984.5)]
14:57:09 [(1044.0, -1977.5)]
14:57:09 [(1124.75, -1981.75)]
14:57:09 [(1193.25, -1982.5)]
14:57:09 [(1259.5, -1984.75)]
14:57:09 [(1335.0, -1975.75)]
14:57:09 [(1440.25, -1946.5)]
14:57:09 [(1562.75, -1906.75)]
14:57:09 [(1674.5, -1867.0)]
14:57:09 [(1594.0, -1842.0)]
14:57:09 [(1640.33, -1809.67)]
14:57:09 [(1685.33, -1788.33)]
14:57:10 [(1732.0, -1793.0)]
14:57:10 [(1782.33, -1810.67)]
14:57:10 [(1858.67, -1830.0)]
14:57:10 [(1937.0, -1846.0)]
14:57:10 [(2005.67, -1857.0)]
14:57:10 [(2196.5, -1821.25)]
14:57:10 [(2208.0, -1806.5)]
14:57:10 [(2225.0, -1789.75)]
14:57:10 [(2233.75, -1784.5)]
14:57:10 [(2240.5, -1781.75)]
14:57:10 [(2237.75, -1779.75)]
14:57:11 [(2229.75, -1763.5)]
14:57:11 [(2232.75, -1743.5)]
14:57:11 [(2379.33, -1741.67)]
14:57:11 [(2401.33, -1734.67)]
14:57:11 [(2430.67, -1720.33)]
14:57:11 [(2462.67, -1712.67)]
14:57:11 [(2488.67, -1703.67)]
14:57:11 [(2356.25, -1592.25)]
14:57:11 [(2405.25, -1571.75)]
14:57:11 [(2458.0, -1545.75)]
14:57:11 [(2510.75, -1509.25)]
14:57:12 [(2211.5, -1452.0), (2844.5, -1456.5)]
14:57:12 [(2218.0, -1355.5), (2843.0, -1353.5)]
14:57:12 [(2524.0, -1272.5)]
14:57:12 [(2514.0, -1175.25)]
14:57:12 [(2515.75, -1047.25)]
14:57:12 [(2527.0, -950.75)]
14:57:12 [(2538.0, -853.25)]
14:57:12 [(2561.75, -755.25)]
14:57:12 [(2578.5, -667.0)]
14:57:12 [(2578.0, -601.0)]
14:57:12 [(2586.25, -535.25)]
14:57:13 [(2606.75, -461.5)]
14:57:13 [(2634.75, -386.75)]
14:57:13 [(2676.75, -313.0)]
14:57:13 [(2713.25, -243.75)]
14:57:13 [(2731.0, -161.75)]
14:57:13 [(2748.25, -71.25)]
14:57:13 [(2763.25, 24.75)]
14:57:13 [(2768.5, 105.0)]
14:57:13 [(2767.5, 174.0)]
14:57:13 [(2764.5, 236.25)]
14:57:13 [(2756.0, 311.25)]
14:57:14 [(2744.25, 406.5)]
14:57:14 [(2732.25, 500.5)]
14:57:14 [(2718.25, 599.5)]
14:57:14 [(2707.0, 699.0)]
14:57:14 [(2685.5, 790.0)]
14:57:14 [(2540.0, 986.33)]
14:57:14 [(2517.0, 1100.0)]
14:57:14 [(2490.0, 1187.67)]
14:57:14 [(2446.33, 1252.33)]
14:57:14 [(2408.0, 1303.67)]
14:57:14 [(2382.0, 1341.0)]
14:57:15 [(2352.0, 1370.67)]
14:57:15 [(2334.33, 1394.0)]
14:57:15 [(2511.0, 1210.67)]
14:57:15 [(2464.33, 1245.67)]
14:57:15 [(2422.0, 1272.67)]
14:57:15 [(2373.67, 1302.0)]
14:57:15 [(2314.25, 1499.75)]
14:57:15 [(2284.5, 1534.25)]
14:57:15 [(2272.5, 1554.5)]
14:57:15 [(2258.0, 1568.75)]
14:57:15 [(2229.0, 1923.0), (2266.0, 1237.5)]
14:57:16 [(2203.5, 1949.5), (2264.0, 1239.5)]
14:57:16 [(2186.0, 1972.0), (2263.0, 1241.5)]
14:57:16 [(2174.0, 1995.0)]
14:57:16 [(2168.0, 2015.0)]
14:57:16 [(2175.0, 2024.0)]
14:57:16 [(2186.0, 2021.0)]
14:57:16 [(2192.5, 2019.5)]
14:57:16 [(2191.0, 2023.0)]
14:57:16 [(2182.0, 2024.5)]
14:57:16 [(2172.5, 2030.5)]
14:57:16 [(2169.5, 2033.0)]
14:57:16 [(2152.0, 2032.0)]
14:57:17 [(2140.0, 2035.5)]
14:57:17 [(2123.0, 2042.0)]
14:57:17 [(2103.5, 2046.5)]
14:57:17 [(2089.0, 2053.0)]
14:57:17 []
14:57:17 []
14:57:17 []
14:57:17 []
14:57:17 [(2050.0, 2067.5)]
14:57:17 [(2042.0, 2068.0)]
14:57:17 [(2031.0, 2069.0)]
14:57:18 [(2014.0, 2068.5)]
14:57:18 []
14:57:18 []
14:57:18 [(1803.67, 1940.67)]
14:57:18 [(1832.0, 1819.5)]
14:57:18 [(1763.0, 1824.0)]
14:57:18 [(1681.25, 1843.5)]
14:57:18 [(1600.25, 1866.25)]
14:57:18 [(1522.5, 1891.25)]
14:57:18 [(1418.75, 1910.0)]
14:57:18 [(1316.0, 1921.0)]
14:57:19 [(1226.0, 1923.5)]
14:57:19 [(1137.75, 1912.25)]
14:57:19 [(1045.0, 1889.5)]
14:57:19 [(947.25, 1871.25)]
14:57:19 [(855.5, 1857.5)]
14:57:19 [(772.0, 1839.75)]
14:57:19 [(692.5, 1827.0)]
Disconnected from MQTT broker, return code 0
Connected to MQTT broker.
14:57:42 [(-1616.5, -530.25)]
14:57:42 [(-1516.5, -492.75)]
14:57:42 [(-1424.75, -460.75)]
14:57:42 [(-1328.0, -432.5)]
14:57:42 [(-1237.0, -405.5)]
14:57:42 [(-1148.25, -381.5)]
14:57:42 [(-1055.5, -364.0)]
14:57:42 [(-966.0, -349.25)]
14:57:42 [(-875.75, -329.5)]
14:57:42 [(-785.75, -309.75)]
14:57:43 [(-702.5, -276.25)]
14:57:43 [(-623.0, -239.0)]
14:57:43 [(-548.5, -200.75)]
14:57:43 [(-473.75, -179.75)]
14:57:43 [(-402.5, -169.25)]
14:57:43 [(-341.5, -157.75)]
14:57:43 [(-293.0, -143.75)]
14:57:43 [(-252.0, -134.75)]
14:57:43 [(-206.0, -127.5)]
14:57:43 [(-177.5, -116.25)]
14:57:43 [(-151.25, -109.0)]
14:57:44 [(-131.25, -102.75)]
14:57:44 [(-111.75, -93.75)]
14:57:44 [(-105.0, -82.75)]
14:57:44 [(-100.25, -74.5)]
14:57:44 [(-94.25, -72.25)]
14:57:44 [(-87.5, -68.75)]
14:57:44 [(-80.0, -66.5)]
14:57:44 [(-75.75, -65.0)]
14:57:44 [(-71.5, -63.75)]
14:57:44 [(-61.25, -64.0)]
14:57:45 [(-49.0, -65.25)]
14:57:45 [(-32.75, -62.0)]
14:57:45 [(-25.0, -59.0)]
14:57:45 [(-18.75, -55.0)]
14:57:45 [(-17.0, -53.75)]
14:57:45 [(-17.75, -54.0)]
14:57:45 [(-19.0, -53.75)]
14:57:45 [(-20.0, -53.5)]
14:57:45 [(-21.0, -53.75)]
14:57:45 [(-21.0, -52.5)]
14:57:45 [(-22.25, -50.0)]
14:57:45 [(-21.0, -48.5)]
14:57:46 [(-17.0, -47.0)]
14:57:46 [(-16.75, -44.5)]
14:57:46 [(-15.75, -43.5)]
14:57:46 [(-13.25, -42.25)]
14:57:46 [(-12.25, -40.75)]
14:57:46 [(-7.75, -44.25)]
14:57:46 [(-6.25, -48.5)]
14:57:46 [(-6.5, -51.75)]
14:57:46 [(-6.25, -54.25)]
14:57:46 [(-7.0, -55.5)]
14:57:46 [(-9.5, -53.75)]
14:57:47 [(-11.5, -51.25)]
14:57:47 [(-12.75, -47.5)]
14:57:47 [(-13.5, -44.5)]
14:57:47 [(-13.0, -42.75)]
14:57:47 [(-13.0, -41.0)]
14:57:47 [(-13.5, -39.25)]
14:57:47 [(-14.75, -40.0)]
14:57:47 [(-17.25, -40.0)]
14:57:47 [(-18.75, -39.0)]
14:57:47 [(-21.0, -37.25)]
14:57:48 [(-26.5, -36.5)]
14:57:48 [(-29.75, -36.75)]
14:57:48 [(-31.0, -37.0)]
14:57:48 [(-30.5, -37.5)]
14:57:48 [(-28.75, -38.0)]
14:57:48 [(-27.0, -37.75)]
14:57:48 [(-26.75, -39.0)]
14:57:48 [(-25.0, -40.25)]
14:57:48 [(-23.25, -41.5)]
14:57:48 [(-21.5, -42.25)]
14:57:48 [(-22.5, -43.75)]
14:57:48 [(-23.25, -44.75)]
14:57:49 [(-21.75, -43.5)]
14:57:49 [(-19.25, -42.0)]
14:57:49 [(-13.25, -38.5)]
14:57:49 [(-7.25, -34.0)]
14:57:49 [(-6.25, -33.0)]
14:57:49 [(-8.5, -32.25)]
14:57:49 [(-11.75, -33.5)]
14:57:49 [(-14.0, -34.25)]
14:57:49 [(-17.0, -35.0)]
14:57:49 [(-19.75, -37.25)]
14:57:50 [(-22.75, -39.5)]
14:57:50 [(-24.5, -40.75)]
14:57:50 [(-23.5, -39.25)]
14:57:50 [(-20.5, -36.5)]
14:57:50 [(-17.75, -33.25)]
14:57:50 [(-16.75, -31.0)]
14:57:50 [(-16.5, -30.25)]
14:57:50 [(-16.25, -29.25)]
14:57:50 [(-16.0, -29.0)]
14:57:50 [(-14.25, -27.25)]
14:57:50 [(-13.25, -26.75)]
14:57:50 [(-11.75, -27.0)]
14:57:51 [(-12.0, -28.5)]
14:57:51 [(-13.75, -28.25)]
14:57:51 [(-14.75, -28.25)]
14:57:51 [(-16.5, -29.0)]
14:57:51 [(-18.0, -28.25)]
14:57:51 [(-20.5, -28.25)]
14:57:51 [(-22.25, -28.5)]
14:57:51 [(-21.5, -27.25)]
14:57:51 [(-21.0, -25.5)]
14:57:51 [(-22.25, -24.75)]
14:57:51 [(-23.75, -24.25)]
14:57:52 [(-25.75, -24.5)]
14:57:52 [(-25.0, -26.25)]
14:57:52 [(-24.25, -29.75)]
14:57:52 [(-22.5, -34.0)]
14:57:52 [(-21.0, -38.5)]
14:57:52 [(-20.25, -42.0)]
14:57:52 [(-19.25, -46.5)]
14:57:52 [(-19.75, -51.75)]
14:57:52 [(-21.5, -55.25)]
14:57:52 [(-25.75, -59.5)]
14:57:52 [(-31.25, -66.25)]
14:57:53 [(-36.75, -73.25)]
14:57:53 [(-47.25, -84.5)]
14:57:53 [(-55.25, -99.25)]
14:57:53 [(-65.0, -114.75)]
14:57:53 [(-84.75, -143.25)]
14:57:53 [(-102.25, -175.0)]
14:57:53 [(-130.5, -213.25)]
14:57:53 [(-151.25, -251.25)]
14:57:53 [(-164.75, -298.25)]
14:57:53 [(-171.5, -332.5)]
14:57:53 [(-183.0, -362.0)]
14:57:54 [(-196.75, -387.0)]
14:57:54 [(-207.75, -411.5)]
14:57:54 [(-221.75, -432.75)]
14:57:54 [(-235.75, -463.25)]
14:57:54 [(-239.5, -483.25)]
14:57:54 [(-246.0, -496.75)]
14:57:54 [(-251.5, -507.0)]
14:57:54 [(-251.0, -513.75)]
14:57:54 [(-248.5, -518.5)]
14:57:54 [(-249.25, -520.25)]
14:57:54 [(-252.5, -522.5)]
14:57:54 [(-255.5, -526.25)]
14:57:55 [(-260.25, -530.25)]
14:57:55 [(-263.25, -534.5)]
14:57:55 [(-265.25, -537.5)]
14:57:55 [(-267.0, -538.25)]
14:57:55 [(-268.25, -540.25)]
14:57:55 [(-267.5, -541.75)]
14:57:55 [(-156.33, -483.0)]
14:57:55 [(-157.67, -485.33)]
14:57:55 [(-157.33, -484.67)]
14:57:55 [(-157.67, -485.33)]
14:57:55 [(-157.0, -485.0)]
14:57:56 [(-158.0, -485.0)]
14:57:56 [(-161.33, -485.67)]
14:57:56 [(-165.33, -488.0)]
14:57:56 [(-170.67, -488.67)]
14:57:56 [(-176.0, -490.67)]
14:57:56 [(-180.0, -492.67)]
14:57:56 [(-182.0, -493.33)]
14:57:56 [(-182.67, -491.33)]
14:57:56 [(-184.67, -486.67)]
14:57:56 [(-185.33, -479.33)]
14:57:56 [(-182.33, -460.33)]
14:57:57 [(-178.0, -441.0)]
14:57:57 [(-286.25, -492.75)]
14:57:57 [(-270.5, -474.25)]
14:57:57 [(-253.75, -459.0)]
14:57:57 [(-235.25, -440.0)]
14:57:57 [(-218.0, -421.0)]
14:57:57 [(-197.25, -407.25)]
14:57:57 [(-169.25, -386.5)]
14:57:57 [(-148.75, -363.0)]
14:57:57 [(-130.5, -342.25)]
14:57:57 [(-117.75, -329.25)]
14:57:58 [(-106.25, -317.75)]
14:57:58 [(-96.75, -308.75)]
14:57:58 [(-88.75, -301.25)]
14:57:58 [(-82.0, -293.75)]
14:57:58 [(-76.75, -288.75)]
14:57:58 [(-69.5, -283.75)]
14:57:58 [(-65.0, -276.5)]
14:57:58 [(-63.25, -269.75)]
14:57:58 [(-64.25, -262.5)]
14:57:58 [(-68.75, -256.25)]
14:57:58 [(-72.5, -253.0)]
14:57:59 [(-74.25, -248.5)]
14:57:59 [(-73.5, -242.5)]
14:57:59 [(-71.75, -239.25)]
14:57:59 [(-70.25, -235.0)]
14:57:59 [(-68.75, -231.75)]
14:57:59 [(-67.75, -227.0)]
14:57:59 [(-67.5, -223.75)]
14:57:59 [(-68.5, -220.0)]
14:57:59 [(-68.75, -215.5)]
14:57:59 [(-68.75, -210.75)]
14:58:00 [(-67.0, -207.5)]
14:58:00 [(-65.0, -204.75)]
14:58:00 [(-63.75, -203.0)]
14:58:00 [(-63.0, -202.5), (-448.0, 2668.0)]
14:58:00 [(-63.5, -202.25), (-390.0, 2652.0)]
14:58:00 [(-64.0, -202.0)]
14:58:00 [(-64.5, -201.25), (-254.33, 2564.0)]
14:58:00 [(-65.25, -199.75), (-145.33, 2537.33)]
14:58:00 [(-65.75, -198.25), (-30.67, 2528.67)]
14:58:00 [(-66.25, -197.0), (86.33, 2529.33)]
14:58:00 [(-66.0, -194.75), (192.33, 2535.33)]
14:58:01 [(-65.75, -191.25), (291.0, 2554.67)]
14:58:01 [(-66.5, -188.0), (383.33, 2561.33)]
14:58:01 [(-67.5, -184.5), (470.67, 2568.33)]
14:58:01 [(-68.25, -180.75), (558.67, 2571.33)]
14:58:01 [(-68.25, -178.25), (643.67, 2580.67)]
14:58:01 [(-66.5, -176.25), (725.33, 2582.0)]
14:58:01 [(-63.25, -175.75), (814.0, 2579.0)]
14:58:01 [(-59.25, -176.0), (884.5, 2582.5)]
14:58:01 [(-54.5, -176.75), (985.0, 2588.0)]
14:58:01 [(-50.25, -177.75), (1082.5, 2598.0)]
14:58:01 [(-46.5, -178.0), (1177.0, 2608.0)]
14:58:01 [(-45.25, -178.75), (1265.0, 2628.0)]
14:58:02 [(-45.25, -178.5), (1380.33, 2788.0)]
14:58:02 [(-44.25, -175.75), (1432.33, 2777.33)]
14:58:02 [(-46.25, -171.25), (1496.67, 2775.67)]
14:58:02 [(-49.75, -167.5), (1544.67, 2780.0)]
14:58:02 [(-51.5, -164.5), (1589.67, 2789.0)]
14:58:02 [(-49.75, -160.75), (1626.0, 2932.0)]
14:58:02 [(-47.75, -157.25), (1654.0, 2948.5)]
14:58:02 [(-46.5, -155.5), (1684.5, 2956.0)]
14:58:02 [(-44.0, -155.75)]
14:58:02 [(-44.5, -153.75)]
14:58:03 [(-44.5, -152.0), (1900.0, 2921.5)]
14:58:03 [(-44.0, -151.5), (2001.0, 2882.5)]
14:58:03 [(-42.25, -152.5), (2105.0, 2839.5)]
14:58:03 [(-40.5, -153.75), (2228.5, 2804.5)]
14:58:03 [(-39.75, -155.0), (2316.5, 2785.0)]
14:58:03 [(-40.5, -155.5), (2397.5, 2782.5)]
14:58:03 [(-42.0, -153.75), (2439.5, 2792.5)]
14:58:03 [(-43.5, -152.25), (2459.5, 2814.0)]
14:58:03 [(-43.0, -151.25), (2449.5, 2834.0)]
14:58:03 [(-42.0, -150.25), (2361.5, 2872.5)]
14:58:03 [(-39.5, -149.75), (2315.0, 2902.0)]
14:58:03 [(-36.25, -149.5), (2237.5, 2928.5)]
14:58:04 [(-31.5, -149.75), (2195.5, 2940.5)]
14:58:04 [(-27.75, -149.5), (2162.5, 2953.5)]
14:58:04 [(-26.5, -149.0), (2155.5, 2965.0)]
14:58:04 [(-25.25, -147.25), (2164.5, 2982.5)]
14:58:04 [(-23.25, -147.75), (2162.0, 2993.5)]
14:58:04 [(-22.0, -148.5), (2166.5, 3009.5)]
14:58:04 [(-20.75, -149.0)]
14:58:04 [(-23.5, -148.75)]
14:58:04 [(-27.25, -150.0)]
14:58:04 [(-29.0, -151.75)]
14:58:04 [(-28.75, -151.5)]
14:58:05 [(-26.75, -150.0)]
14:58:05 [(-24.5, -147.75)]
14:58:05 [(-20.75, -144.75)]
14:58:05 [(-16.25, -143.0)]
14:58:05 [(-11.5, -142.0)]
14:58:05 [(-7.5, -140.5)]
14:58:05 [(-9.5, -139.75)]
14:58:05 [(-12.0, -139.75)]
14:58:05 [(-15.0, -140.0)]
14:58:05 [(-17.0, -141.0)]
14:58:05 [(-19.5, -139.5)]
14:58:06 [(-20.0, -137.5)]
14:58:06 [(-18.25, -134.75)]
14:58:06 [(-10.75, -129.75)]
14:58:06 [(-11.75, -128.25)]
14:58:06 [(-12.0, -129.0)]
14:58:06 [(-13.0, -129.5)]
14:58:06 [(-13.5, -129.75)]
14:58:06 [(-15.25, -129.25)]
14:58:06 [(-15.0, -127.75)]
14:58:06 [(-15.25, -126.75)]
14:58:06 [(-16.25, -125.75)]
14:58:07 [(-16.5, -124.5)]
14:58:07 [(-16.25, -123.5)]
14:58:07 [(-18.25, -122.75)]
14:58:07 [(-14.75, -121.0)]
14:58:07 [(-10.5, -119.0)]
14:58:07 [(-7.0, -117.75)]
14:58:07 [(-3.25, -116.5)]
14:58:07 [(-0.0, -115.75)]
14:58:07 [(1.75, -114.75)]
14:58:07 [(1.75, -114.25)]
14:58:07 [(-0.75, -112.0)]
14:58:08 [(-4.5, -108.5)]
14:58:08 [(-6.75, -106.0)]
14:58:08 [(-7.75, -103.25)]
14:58:08 [(-9.5, -101.0)]
14:58:08 [(-11.75, -99.75)]
14:58:08 [(-14.25, -99.0)]
14:58:08 [(-16.25, -99.5)]
14:58:08 [(-19.5, -100.5)]
14:58:08 [(-22.0, -102.0)]
14:58:08 [(-22.25, -104.0)]
14:58:08 [(-19.25, -105.75)]
14:58:09 [(-15.25, -108.5)]
14:58:09 [(-10.75, -110.25)]
14:58:09 [(-7.25, -112.25)]
14:58:09 [(1.5, -115.0)]
14:58:09 [(6.25, -117.5)]
14:58:09 [(11.0, -120.5)]
14:58:09 [(15.5, -123.25)]
14:58:09 [(17.75, -123.75)]
14:58:09 [(22.0, -126.0)]
14:58:09 [(22.5, -126.5)]
14:58:09 [(22.75, -127.5)]
14:58:09 [(22.5, -128.5)]
14:58:10 [(21.0, -129.25)]
14:58:10 [(16.0, -129.5)]
14:58:10 [(12.0, -129.5)]
14:58:10 [(8.25, -130.25)]
14:58:10 [(3.75, -130.5)]
14:58:10 [(-0.5, -131.75)]
14:58:10 [(-3.5, -133.75)]
14:58:10 [(-5.25, -135.0)]
14:58:10 [(-7.25, -136.5)]
14:58:10 [(-11.25, -137.0)]
14:58:10 [(-14.75, -137.75)]
14:58:11 [(-16.5, -138.5)]
14:58:11 [(-18.0, -137.5)]
14:58:11 [(-19.75, -137.75)]
14:58:11 [(-20.25, -137.0)]
14:58:11 [(-20.0, -136.75)]
14:58:11 [(-19.5, -137.0), (2134.5, 3005.0)]
14:58:11 [(-19.5, -136.75), (2110.5, 2966.0)]
14:58:11 [(-18.25, -138.25), (2022.0, 2915.0)]
14:58:11 [(-17.25, -139.5), (1926.0, 2859.0)]
14:58:11 [(-17.25, -141.75), (1817.0, 2809.0)]
14:58:11 [(-19.25, -142.5), (1717.0, 2769.0)]
14:58:12 [(-21.5, -142.75), (1697.0, 2775.5)]
14:58:12 [(-23.75, -142.75), (1650.0, 2759.0)]
14:58:12 [(-26.25, -141.75), (1595.0, 2723.0)]
14:58:12 [(-28.25, -139.0), (1531.0, 2690.0)]
14:58:12 [(-29.75, -136.75)]
14:58:12 [(-31.75, -135.0)]
14:58:12 [(-33.25, -134.25), (1246.5, 2515.0)]
14:58:12 [(-35.5, -133.25), (1100.0, 2454.5)]
14:58:12 [(-37.75, -133.0), (962.0, 2402.0)]
14:58:12 [(-39.25, -132.0), (825.5, 2449.0)]
14:58:12 [(-41.5, -131.75), (658.0, 2504.33)]
14:58:13 [(-42.0, -130.75), (538.0, 2549.33)]
14:58:13 [(-42.25, -131.0), (392.0, 2390.0)]
14:58:13 [(-42.75, -131.25), (266.0, 2381.0)]
14:58:13 [(-42.25, -132.5), (129.5, 2370.0)]
14:58:13 [(-42.75, -132.75), (-4.5, 2367.5)]
14:58:13 [(-43.0, -132.5), (-141.0, 2374.0)]
14:58:13 [(-43.0, -132.25), (-269.5, 2375.5)]
14:58:13 [(-43.0, -131.5), (-386.0, 2365.0)]
14:58:13 [(-44.0, -131.75), (-407.67, 2497.33)]
14:58:13 [(-45.75, -132.5), (-529.33, 2469.0)]
14:58:13 [(-47.5, -132.0), (-645.67, 2444.33)]
14:58:14 [(-48.75, -130.75), (-752.0, 2429.67)]
14:58:14 [(-49.5, -126.25), (-853.67, 2433.0)]
14:58:14 [(-50.0, -121.5), (-948.33, 2448.33)]
14:58:14 [(-52.5, -115.75)]
14:58:14 [(-55.25, -108.5), (-1119.5, 2477.5)]
14:58:14 [(-59.0, -100.25), (-1233.0, 2446.5)]
14:58:14 [(-64.0, -91.5), (-1488.0, 2465.33)]
14:58:14 [(-76.0, -79.25), (-1549.67, 2419.33)]
14:58:14 [(-83.25, -70.75), (-1616.0, 2371.0)]
14:58:14 [(-89.5, -59.75), (-1685.33, 2330.67)]
14:58:14 [(-97.25, -43.5), (-1742.33, 2300.0)]
14:58:15 [(-106.25, -19.25), (-1944.0, 2368.5)]
14:58:15 [(-116.75, 0.25)]
14:58:15 [(-126.5, 17.0)]
14:58:15 [(-142.0, 32.75)]
14:58:15 [(-149.0, 43.0), (-2328.5, 2509.0)]
14:58:15 [(-156.75, 46.25), (-2450.5, 2532.5)]
14:58:15 [(-166.0, 47.0), (-2566.5, 2554.5)]
14:58:15 [(-185.5, 46.5), (-2672.5, 2574.0)]
14:58:15 [(-200.25, 45.0), (-2756.0, 2622.0)]
14:58:15 [(-211.0, 42.5), (-2834.0, 2657.5)]
14:58:15 [(-218.5, 35.25), (-2903.0, 2689.5)]
14:58:15 [(-225.5, 24.25), (-2962.0, 2711.5)]
14:58:16 [(-230.5, 11.0), (-3017.5, 2724.5)]
14:58:16 [(-232.0, 0.25), (-3077.0, 2717.0)]
14:58:16 [(-235.25, -13.75), (-3132.0, 2705.5)]
14:58:16 [(-244.75, -32.5), (-3181.5, 2691.5)]
14:58:16 [(-3225.0, 2678.0), (-133.67, 26.0)]
14:58:16 [(-149.67, -3.67)]
14:58:16 [(-164.0, -34.67)]
14:58:16 [(-174.0, -66.0)]
14:58:16 [(-185.33, -115.0)]
14:58:16 [(-204.67, -173.0)]
14:58:16 [(-225.33, -219.33)]
14:58:17 [(-250.33, -257.67)]
14:58:17 [(-281.33, -286.33)]
14:58:17 [(-296.67, -317.33)]
14:58:17 [(-306.0, -340.67)]
14:58:17 [(-306.67, -358.67)]
14:58:17 [(-308.33, -369.33)]
14:58:17 [(-309.67, -382.33)]
14:58:17 [(-311.33, -395.67)]
14:58:17 [(-312.67, -404.67)]
14:58:17 [(-318.33, -409.0)]
14:58:17 [(-330.67, -414.33)]
14:58:18 [(-342.67, -418.67)]
14:58:18 [(-354.67, -418.67)]
14:58:18 [(-365.67, -416.67)]
14:58:18 [(-371.67, -420.0)]
14:58:18 [(-491.5, -504.75)]
14:58:18 [(-493.5, -506.5)]
14:58:18 [(-494.5, -506.0)]
14:58:18 [(-379.67, -425.0)]
14:58:18 [(-378.67, -423.0)]
14:58:18 [(-378.33, -420.67)]
14:58:18 [(-378.33, -421.0)]
14:58:19 [(-380.33, -422.0)]
14:58:19 [(-496.75, -501.5)]
14:58:19 [(-501.5, -501.75)]
14:58:19 [(-502.75, -501.0)]
14:58:19 [(-503.75, -499.0)]
14:58:19 [(-504.5, -495.75)]
14:58:19 [(-505.0, -490.5)]
14:58:19 [(-505.25, -480.25)]
14:58:19 [(-502.75, -471.25)]
14:58:19 [(-380.33, -383.0)]
14:58:19 [(-489.75, -448.75)]
14:58:19 [(-479.75, -435.75)]
14:58:20 [(-470.5, -421.0)]
14:58:20 [(-450.0, -398.25)]
14:58:20 [(-426.75, -375.5)]
14:58:20 [(-387.75, -345.75)]
14:58:20 [(-346.0, -316.5)]
14:58:20 [(-311.0, -281.5)]
14:58:20 [(-288.25, -253.0)]
14:58:20 [(-264.75, -231.5)]
14:58:20 [(-242.75, -216.5)]
14:58:20 [(-209.25, -200.5)]
14:58:20 [(-164.75, -185.0)]
14:58:21 [(-127.25, -164.25)]
14:58:21 [(-89.75, -147.25)]
14:58:21 [(-66.0, -133.25)]
14:58:21 [(-46.75, -129.5)]
14:58:21 [(-40.25, -125.75)]
14:58:21 [(-39.25, -119.75)]
14:58:21 [(-38.0, -115.75)]
14:58:21 [(-35.75, -113.25)]
14:58:21 [(-37.0, -109.5)]
14:58:21 [(-36.75, -108.0)]
14:58:21 [(-36.0, -105.5)]
14:58:22 [(-31.75, -103.75)]
14:58:22 [(-24.25, -99.25)]
14:58:22 [(-13.75, -93.25)]
14:58:22 [(-5.25, -88.25)]
14:58:22 [(0.25, -83.75)]
14:58:22 [(4.25, -80.0)]
14:58:22 [(2.5, -77.75)]
14:58:22 [(-0.5, -76.25)]
14:58:22 [(-4.0, -75.0)]
14:58:22 [(-2.75, -73.75)]
14:58:22 [(-0.0, -72.0)]
14:58:23 [(3.0, -69.75)]
14:58:23 [(4.25, -67.5)]
14:58:23 [(3.0, -65.0)]
14:58:23 [(3.0, -62.75)]
14:58:23 [(2.5, -61.25)]
14:58:23 [(0.75, -59.5)]
14:58:23 [(-8.0, -56.25)]
14:58:23 [(-11.75, -53.75)]
14:58:23 [(-11.5, -52.5)]
14:58:23 [(-8.5, -51.0)]
14:58:23 [(-6.0, -48.75)]
14:58:24 [(-4.5, -46.5)]
14:58:24 [(-4.25, -38.75)]
14:58:24 [(-5.25, -39.25)]
14:58:24 [(-6.25, -38.25)]
14:58:24 [(-8.5, -36.5)]
14:58:24 [(-15.75, -32.5)]
14:58:24 [(-21.75, -29.25)]
14:58:24 [(-28.25, -22.25)]
14:58:24 [(-25.75, -20.75)]
14:58:24 [(-18.25, -21.25)]
14:58:24 [(-1.75, -20.75)]
14:58:25 [(17.25, -19.5)]
14:58:25 [(45.75, -19.25)]
14:58:25 [(79.25, -20.75)]
14:58:25 [(128.0, -25.25)]
14:58:25 [(172.5, -34.0)]
14:58:25 [(220.0, -43.25)]
14:58:25 [(271.75, -49.25)]
14:58:25 [(312.75, -52.0)]
14:58:25 [(341.0, -54.0)]
14:58:25 [(363.5, -54.0)]
14:58:25 [(379.75, -53.5)]
14:58:26 [(387.5, -47.0)]
14:58:26 [(395.25, -43.5)]
14:58:26 [(404.0, -40.25)]
14:58:26 [(412.25, -37.5)]
14:58:26 [(421.5, -34.25)]
14:58:26 [(429.25, -30.0)]
14:58:26 [(432.75, -22.25)]
14:58:26 [(438.5, -11.5)]
14:58:26 [(441.75, 3.25)]
14:58:26 [(445.5, 21.75)]
14:58:26 [(451.5, 51.0)]
14:58:27 [(463.75, 99.75)]
14:58:27 [(471.25, 162.25)]
14:58:27 [(487.75, 259.25)]
14:58:27 [(503.25, 346.75)]
14:58:27 [(507.0, 434.5)]
14:58:27 [(499.25, 518.25)]
14:58:27 [(479.0, 588.5)]
14:58:27 [(459.75, 658.75)]
14:58:27 [(455.0, 722.0)]
14:58:27 [(462.0, 774.5)]
14:58:28 [(463.25, 821.0)]
14:58:28 [(457.25, 863.75)]
14:58:28 [(459.0, 899.75)]
14:58:28 [(467.25, 934.0)]
14:58:28 [(474.75, 955.75)]
14:58:28 [(476.5, 970.0)]
14:58:28 [(471.25, 975.5)]
14:58:28 [(467.75, 979.0)]
14:58:28 [(463.25, 977.0)]
14:58:28 [(459.75, 975.25)]
14:58:28 [(457.75, 977.5)]
14:58:28 [(449.25, 983.25)]
14:58:28 [(432.25, 996.5)]
14:58:29 [(403.5, 1002.25)]
14:58:29 [(365.75, 1004.0)]
14:58:29 [(297.25, 1004.75)]
14:58:29 [(227.75, 1006.5)]
14:58:29 [(165.5, 1019.0)]
14:58:29 [(114.25, 1028.0)]
14:58:29 [(49.0, 1027.0)]
14:58:29 [(-23.75, 1024.75)]
14:58:29 [(-92.25, 1021.25)]
14:58:29 [(-157.75, 1014.25)]
14:58:29 [(-224.0, 1003.0)]
14:58:30 [(-295.25, 993.75)]
14:58:30 [(-357.75, 996.75)]
14:58:30 [(-432.25, 1003.25)]
14:58:30 [(-504.75, 1014.0)]
14:58:30 [(-576.0, 1020.5)]
14:58:30 [(-642.5, 1022.5)]
14:58:30 [(-726.0, 1022.0)]
14:58:30 [(-807.25, 1013.5)]
14:58:30 [(-883.0, 998.75)]
14:58:30 [(-940.0, 985.75)]
14:58:31 [(-989.25, 977.25)]
14:58:31 [(-1037.5, 963.5)]
14:58:31 [(-1070.25, 946.75)]
14:58:31 [(-1089.0, 928.0)]
14:58:31 [(-1105.75, 921.75)]
14:58:31 [(-1120.25, 912.5)]
14:58:31 [(-1130.25, 900.75)]
14:58:31 [(-1134.75, 884.0)]
14:58:31 [(-1135.0, 854.5)]
14:58:31 [(-1132.5, 819.0)]
14:58:31 [(-1024.33, 856.67)]
14:58:31 [(-1017.0, 805.0)]
14:58:32 [(-1013.67, 754.33)]
14:58:32 [(-1102.25, 603.5)]
14:58:32 [(-1097.5, 541.25)]
14:58:32 [(-1096.5, 471.0)]
14:58:32 [(-1097.0, 404.25)]
14:58:32 [(-1095.25, 335.5)]
14:58:32 [(-1093.5, 260.0)]
14:58:32 [(-1092.5, 182.25)]
14:58:32 [(-1094.25, 105.0)]
14:58:32 [(-1095.5, 28.0)]
14:58:32 [(-1088.5, -44.0)]
14:58:33 [(-1070.0, -125.75)]
14:58:33 [(-1054.75, -210.5)]
14:58:33 [(-1033.5, -289.75)]
14:58:33 [(-1025.0, -368.75)]
14:58:33 [(-1035.0, -441.25)]
14:58:33 [(-1055.75, -517.0)]
14:58:33 [(-1072.25, -594.75)]
14:58:33 [(-1088.75, -667.75)]
14:58:33 [(-1098.75, -747.0)]
14:58:33 [(-1108.25, -822.0)]
14:58:34 [(-1112.0, -886.75)]
14:58:34 [(-1113.5, -935.25)]
14:58:34 [(-1111.0, -980.0)]
14:58:34 [(-1101.0, -1024.25)]
14:58:34 [(-1092.75, -1056.25)]
14:58:34 [(-1079.0, -1077.25)]
14:58:34 [(-1066.75, -1094.25)]
14:58:34 [(-1044.25, -1107.0)]
14:58:34 [(-1025.75, -1124.75)]
14:58:34 [(-1012.5, -1136.5)]
14:58:34 [(-1003.5, -1134.5)]
14:58:34 [(-1003.0, -1129.75)]
14:58:35 [(-1000.25, -1126.5)]
14:58:35 [(-985.25, -1127.5)]
14:58:35 [(-955.25, -1124.75)]
14:58:35 [(-924.75, -1121.25)]
14:58:35 [(-884.75, -1120.75)]
14:58:35 [(-840.25, -1120.5)]
14:58:35 [(-786.5, -1115.25)]
14:58:35 [(-733.75, -1118.75)]
14:58:35 [(-680.0, -1119.5)]
14:58:35 [(-621.75, -1124.25)]
14:58:35 [(-539.25, -1127.0)]
14:58:35 [(-441.5, -1133.0)]
14:58:36 [(-342.0, -1131.75)]
14:58:36 [(-245.25, -1129.0)]
14:58:36 [(-158.0, -1124.25)]
14:58:36 [(-71.75, -1122.25)]
14:58:36 [(20.75, -1116.75)]
14:58:36 [(116.75, -1107.0)]
14:58:36 [(262.25, -1087.25)]
14:58:36 [(351.5, -1077.5)]
14:58:36 [(447.75, -1062.0)]
14:58:36 [(531.0, -1041.0)]
14:58:36 [(613.25, -1021.75)]
14:58:37 [(700.5, -1005.5)]
14:58:37 [(792.75, -994.5)]
14:58:37 [(875.5, -995.0)]
14:58:37 [(952.75, -1011.5)]
14:58:37 [(1027.75, -1030.25)]
14:58:37 [(1101.75, -1039.0)]
14:58:37 [(1152.75, -1053.5)]
14:58:37 [(1194.5, -1057.75)]
14:58:37 [(1234.5, -1061.0)]
14:58:37 [(1275.25, -1064.5)]
14:58:37 [(1314.5, -1054.0)]
14:58:38 [(1340.25, -1040.5)]
14:58:38 [(1359.75, -1031.5)]
14:58:38 [(1382.5, -1031.0)]
14:58:38 [(1400.25, -1028.75)]
14:58:38 [(1420.25, -1022.0)]
14:58:38 [(1431.75, -1008.0)]
14:58:38 [(1441.5, -992.0)]
14:58:38 [(1451.75, -979.5)]
14:58:38 [(1469.0, -959.25)]
14:58:38 [(1483.25, -935.75)]
14:58:38 [(1488.25, -903.5)]
14:58:39 [(1483.0, -868.75)]
14:58:39 [(1473.75, -832.0)]
14:58:39 [(1458.0, -792.25)]
14:58:39 [(1450.5, -757.25)]
14:58:39 [(1442.25, -723.5)]
14:58:39 [(1436.5, -684.5)]
14:58:39 [(1427.25, -635.25)]
14:58:39 [(1424.75, -586.25)]
14:58:39 [(1421.0, -522.0)]
14:58:39 [(1487.0, -328.33)]
14:58:39 [(1472.33, -240.0)]
14:58:40 [(1457.33, -150.67)]
14:58:40 [(1449.67, -57.0)]
14:58:40 [(1445.33, 31.33)]
14:58:40 [(1432.67, 116.0)]
14:58:40 [(1408.67, 202.67)]
14:58:40 [(1392.0, 289.0)]
14:58:40 [(1382.67, 379.33)]
14:58:40 [(1391.0, 489.0)]
14:58:40 [(1389.0, 584.67)]
14:58:40 [(1392.33, 684.0)]
14:58:40 [(1385.33, 773.33)]
14:58:41 [(1385.33, 860.67)]
14:58:41 [(1388.67, 940.67)]
14:58:41 [(1391.33, 1013.67)]
14:58:41 [(1408.0, 1079.67)]
14:58:41 [(1431.0, 1159.0)]
14:58:41 [(1464.0, 1245.33)]
14:58:41 [(1475.75, 1376.75)]
14:58:41 [(1508.75, 1443.0)]
14:58:41 [(1544.25, 1504.5)]
14:58:41 [(1584.25, 1575.5)]
14:58:41 [(1613.25, 1645.25)]
14:58:41 [(1629.5, 1705.5)]
14:58:42 [(1625.5, 1749.25)]
14:58:42 [(1612.0, 1781.75)]
14:58:42 [(1590.5, 1810.25)]
14:58:42 [(1580.0, 1840.0)]
14:58:42 [(1588.5, 1861.5)]
14:58:42 [(1593.5, 1905.25)]
14:58:42 [(1588.75, 1927.25)]
14:58:42 [(1563.0, 1946.5)]
14:58:42 [(1537.75, 1958.25)]
14:58:42 [(1486.5, 1969.0)]
14:58:43 [(1416.25, 1982.0)]
14:58:43 [(1355.25, 1996.5)]
14:58:43 [(1306.25, 2004.75)]
14:58:43 [(1248.75, 2011.0)]
14:58:43 [(1182.5, 2012.75)]
14:58:43 [(1118.5, 2008.25)]
14:58:43 [(1044.5, 2004.5)]
14:58:43 [(949.0, 2017.25)]
14:58:43 [(897.0, 2031.75)]
14:58:43 [(846.25, 2040.0)]
14:58:43 [(789.25, 2046.25)]
14:58:44 [(710.75, 2049.75)]
14:58:44 [(624.0, 2046.5)]
14:58:44 [(529.0, 2047.75)]
14:58:44 [(439.75, 2054.75)]
14:58:44 [(355.0, 2058.5)]
14:58:44 [(275.75, 2050.5)]
14:58:44 [(191.5, 2035.75)]
14:58:44 [(-17.33, 1935.33)]
14:58:44 [(-92.67, 1925.0)]
14:58:44 [(-68.5, 2011.75)]
14:58:44 [(-144.25, 2004.75)]
14:58:45 [(-219.0, 2008.5)]
14:58:45 [(-300.25, 2010.0)]
14:58:45 [(-381.25, 1998.0)]
14:58:45 [(-459.75, 1984.75)]
14:58:45 [(-534.75, 1974.25)]
14:58:45 [(-601.5, 1968.5)]
14:58:45 [(-865.67, 2021.33)]
14:58:45 [(-949.0, 1999.67)]
14:58:45 [(-1036.33, 1977.33)]
14:58:45 [(-1152.67, 1955.33)]
14:58:46 [(-1224.67, 1947.33)]
14:58:46 [(-1165.75, 1885.75)]
14:58:46 [(-1266.5, 1876.25)]
14:58:46 [(-1357.75, 1872.75)]
14:58:46 [(-1438.25, 1864.25)]
14:58:46 [(-1495.75, 1864.5)]
14:58:46 [(-1541.0, 1880.0)]
14:58:46 [(-1628.5, 1908.25)]
14:58:46 [(-1674.5, 1904.25)]
14:58:46 [(-1706.5, 1899.0)]
14:58:47 [(-1734.25, 1889.0)]
14:58:47 [(-1769.0, 1876.25)]
14:58:47 [(-1803.25, 1853.5)]
14:58:47 [(-1829.5, 1829.5)]
14:58:47 [(-1837.75, 1816.5)]
14:58:47 [(-1851.75, 1798.25)]
14:58:47 [(-1872.5, 1767.75)]
14:58:47 [(-1898.0, 1732.0)]
14:58:47 [(-1922.0, 1691.75)]
14:58:47 [(-1953.5, 1634.5)]
14:58:47 [(-1980.0, 1573.75)]
14:58:48 [(-2004.5, 1509.5)]
14:58:48 [(-2024.25, 1452.0)]
14:58:48 [(-2040.25, 1397.0)]
14:58:48 [(-2040.5, 1322.0)]
14:58:48 [(-2042.5, 1262.75)]
14:58:48 [(-2051.5, 1191.25)]
14:58:48 [(-2068.25, 1111.0)]
14:58:48 [(-2078.5, 1027.0)]
14:58:48 [(-2083.75, 944.75)]
14:58:48 [(-2089.75, 867.25)]
14:58:48 [(-2088.5, 790.25)]
14:58:49 [(-2086.25, 710.25)]
14:58:49 [(-2091.25, 626.5)]
14:58:49 [(-2099.25, 540.0)]
14:58:49 [(-2104.75, 438.75)]
14:58:49 [(-2105.0, 353.25)]
14:58:49 [(-2091.25, 262.75)]
14:58:49 [(-2088.75, 179.25)]
14:58:49 [(-2085.75, 107.0)]
14:58:49 [(-2077.0, 42.25)]
14:58:49 [(-2068.25, -30.0)]
14:58:49 [(-2057.75, -108.0)]
14:58:50 [(-2040.75, -189.0)]
14:58:50 [(-2012.75, -283.5)]
14:58:50 [(-1997.0, -388.0)]
14:58:50 [(-1975.25, -504.5)]
14:58:50 [(-1958.25, -615.0)]
14:58:50 [(-1958.75, -717.75)]
14:58:50 [(-1955.75, -818.5)]
14:58:50 [(-1951.75, -914.75)]
14:58:50 [(-1952.75, -997.75)]
14:58:50 [(-1962.0, -1076.25)]
14:58:50 [(-1976.25, -1149.5)]
14:58:51 [(-1999.0, -1220.5)]
14:58:51 [(-2018.5, -1291.25)]
14:58:51 [(-2027.75, -1355.75)]
14:58:51 [(-2019.0, -1450.5)]
14:58:51 [(-2015.25, -1504.75)]
14:58:51 [(-1958.67, -1525.0)]
14:58:51 [(-1952.33, -1553.0)]
14:58:51 [(-1939.33, -1593.67)]
14:58:51 [(-1918.33, -1664.67)]
14:58:51 [(-1898.67, -1724.33)]
14:58:52 [(-1900.33, -1739.33)]
14:58:52 [(-1900.67, -1754.33)]
14:58:52 [(-1895.33, -1780.33)]
14:58:52 [(-1907.33, -1809.0)]
14:58:52 [(-1918.0, -1842.67)]
14:58:52 [(-1918.33, -1840.67)]
14:58:52 [(-1910.67, -1842.67)]
14:58:52 [(-1893.33, -1847.0)]
14:58:52 [(-1877.33, -1849.67)]
14:58:52 [(-1853.33, -1852.67)]
14:58:52 [(-1812.67, -1870.33)]
14:58:52 [(-1764.0, -1896.5)]
14:58:53 [(-1714.5, -1897.25)]
14:58:53 [(-1662.25, -1906.25)]
14:58:53 [(-1615.5, -1908.5)]
14:58:53 [(-1561.0, -1912.25)]
14:58:53 [(-1506.0, -1920.25)]
14:58:53 [(-1451.5, -1932.0)]
14:58:53 [(-1388.75, -1953.0)]
14:58:53 [(-1302.5, -1976.25)]
14:58:53 [(-1212.25, -1995.5)]
14:58:53 [(-1124.25, -2009.5)]
14:58:53 [(-1041.5, -2022.0)]
14:58:54 [(-953.75, -2030.75)]
14:58:54 [(-866.75, -2043.75)]
14:58:54 [(-782.5, -2061.5)]
14:58:54 [(-639.75, -2087.5)]
14:58:54 [(-551.0, -2097.75)]
14:58:54 [(-465.25, -2103.75)]
14:58:54 [(-377.75, -2127.25)]
14:58:54 [(-292.0, -2156.5)]
14:58:54 [(-207.5, -2190.5)]
14:58:54 [(-121.25, -2222.5)]
14:58:55 [(-37.5, -2244.25)]
14:58:55 [(16.33, -2147.67)]
14:58:55 [(101.0, -2149.0)]
14:58:55 [(192.67, -2137.0)]
14:58:55 [(278.33, -2126.67)]
14:58:55 [(364.33, -2112.0)]
14:58:55 [(449.33, -2101.0)]
14:58:55 [(540.33, -2093.33)]
14:58:55 [(626.33, -2073.0)]
14:58:55 [(706.67, -2046.67)]
14:58:55 [(797.67, -2024.67)]
14:58:56 [(888.33, -2015.0)]
14:58:56 [(968.67, -2010.33)]
14:58:56 [(1054.67, -1999.0)]
14:58:56 [(1144.67, -1982.33)]
14:58:56 [(1345.25, -1944.5)]
14:58:56 [(1412.0, -1941.0)]
14:58:56 [(1479.0, -1934.75)]
14:58:56 [(1553.75, -1936.75)]
14:58:56 [(1617.0, -1895.33)]
14:58:56 [(1681.0, -1909.0)]
14:58:56 [(1739.33, -1914.0)]
14:58:56 [(1787.67, -1902.33)]
14:58:57 [(1832.0, -1863.33)]
14:58:57 [(1910.0, -1826.0)]
14:58:57 [(1991.33, -1803.0)]
14:58:57 [(2031.33, -1809.67)]
14:58:57 [(2069.67, -1812.33)]
14:58:57 [(2110.33, -1812.0)]
14:58:57 [(2132.67, -1809.33)]
14:58:57 [(2358.5, -1815.5)]
14:58:57 [(2383.5, -1806.0)]
14:58:57 [(2413.0, -1807.0)]
14:58:58 [(2465.0, -1805.0)]
14:58:58 [(2509.0, -1799.5)]
14:58:58 [(2537.5, -1799.5)]
14:58:58 [(2546.5, -1793.0)]
14:58:58 [(2552.0, -1786.0)]
14:58:58 [(2567.0, -1778.5)]
14:58:58 [(2597.0, -1781.0)]
14:58:58 [(2623.0, -1779.5)]
14:58:58 [(2625.5, -1757.0)]
14:58:58 [(2633.5, -1735.5)]
14:58:58 [(2628.5, -1705.0)]
14:58:58 [(2625.5, -1639.0)]
14:58:59 [(2635.5, -1546.5)]
14:58:59 [(2654.0, -1466.5)]
14:58:59 [(2675.0, -1357.5)]
14:58:59 [(2665.5, -1250.0)]
14:58:59 [(2515.33, -1121.0)]
14:58:59 [(2489.0, -1005.0)]
14:58:59 [(2502.0, -927.0)]
14:58:59 [(2516.5, -856.5)]
14:58:59 [(2534.0, -783.75)]
14:58:59 [(2542.75, -710.5)]
14:58:59 [(2560.25, -642.0)]
14:59:00 [(2592.5, -575.0)]
14:59:00 [(2637.0, -484.0)]
14:59:00 [(2674.75, -411.0)]
14:59:00 [(2711.0, -348.5)]
14:59:00 [(2734.5, -282.25)]
14:59:00 [(2764.5, -208.5)]
14:59:00 [(2774.25, -96.25)]
14:59:00 [(2780.25, 9.75)]
14:59:00 [(2779.0, 120.75)]
14:59:00 [(2771.0, 218.0)]
14:59:00 [(2762.5, 314.5)]
14:59:01 [(2758.75, 397.0)]
14:59:01 [(2755.0, 487.25)]
14:59:01 [(2755.0, 567.5)]
14:59:01 [(2649.67, 758.67)]
14:59:01 [(2633.67, 849.67)]
14:59:01 [(2587.33, 941.0)]
14:59:01 [(2532.33, 1026.0)]
14:59:01 [(2482.33, 1112.0)]
14:59:01 [(2430.67, 1192.67)]
14:59:01 [(2381.67, 1265.33)]
14:59:01 [(2303.5, 1132.5)]
14:59:02 [(2266.5, 1156.5)]
14:59:02 [(2239.0, 1193.0)]
14:59:02 [(2215.0, 1226.5)]
14:59:02 [(2366.67, 1261.33)]
14:59:02 [(2330.33, 1334.33)]
14:59:02 [(2300.67, 1401.33)]
14:59:02 [(2275.33, 1472.67)]
14:59:02 [(2258.0, 1519.67)]
14:59:02 [(2262.67, 1546.0)]
14:59:02 [(2265.67, 1569.33)]
14:59:03 [(2244.67, 1595.0)]
14:59:03 [(2216.33, 1628.0)]
14:59:03 [(2196.67, 1660.0)]
14:59:03 [(2179.0, 1689.67)]
14:59:03 [(2178.0, 1707.67)]
14:59:03 [(2074.0, 1750.5)]
14:59:03 [(2090.0, 1757.0)]
14:59:03 [(2237.0, 1938.67)]
14:59:03 [(2231.33, 1931.33)]
14:59:03 [(2219.67, 1923.33)]
14:59:03 [(2205.0, 1920.33)]
14:59:03 [(2190.67, 1921.0)]
14:59:04 [(2023.5, 1736.5)]
14:59:04 [(2007.5, 1723.5)]
14:59:04 [(2010.0, 1720.0)]
14:59:04 [(2122.0, 1879.67)]
14:59:04 [(2098.67, 1867.0)]
14:59:04 [(2070.67, 1848.33)]
14:59:04 [(2021.0, 1821.33)]
14:59:04 [(1960.33, 1800.67)]
14:59:04 [(1878.0, 1768.67)]
14:59:04 [(1800.33, 1735.33)]
14:59:04 [(1734.0, 1707.67)]
14:59:05 [(1665.33, 1680.33)]
14:59:05 [(1604.67, 1648.67)]
14:59:05 [(1526.0, 1635.75)]
14:59:05 [(1469.75, 1604.5)]
14:59:05 [(1397.5, 1562.5)]
Disconnected from MQTT broker, return code 0

Script done on 2024-04-29 14:59:29+08:00 [COMMAND_EXIT_CODE="0"]
