Script started on 2024-04-29 14:51:01+08:00 [TERM="xterm-256color" TTY="/dev/pts/0" COLUMNS="92" LINES="23"]
App start.
Connected to MQTT broker.
14:51:23 [(-1791.0, -711.5)]
14:51:23 [(-1690.0, -677.5)]
14:51:23 [(-1597.0, -654.5)]
14:51:23 [(-1497.0, -637.0)]
14:51:23 [(-1394.5, -634.0)]
14:51:23 [(-1294.5, -619.5)]
14:51:23 [(-1201.5, -590.5)]
14:51:24 [(-1102.0, -560.0)]
14:51:24 [(-1010.5, -531.0)]
14:51:24 [(-927.0, -490.5)]
14:51:24 [(-846.0, -446.0)]
14:51:24 [(-766.0, -410.0)]
14:51:24 [(-687.0, -377.0)]
14:51:24 [(-577.0, -331.0)]
14:51:24 [(-506.0, -301.5)]
14:51:24 [(-449.0, -254.0)]
14:51:24 [(-395.0, -214.0)]
14:51:24 [(-328.5, -182.0)]
14:51:25 [(-274.0, -161.0)]
14:51:25 [(-224.5, -137.5)]
14:51:25 [(-178.5, -115.0)]
14:51:25 [(-155.5, -109.0)]
14:51:25 [(-137.0, -101.5)]
14:51:25 [(-123.5, -96.0)]
14:51:25 [(-110.5, -90.5)]
14:51:25 [(-99.5, -76.5)]
14:51:25 [(-89.5, -67.5)]
14:51:25 [(-80.0, -65.5)]
14:51:25 [(-72.0, -62.5)]
14:51:26 [(-60.0, -60.5)]
14:51:26 [(-50.5, -57.5)]
14:51:26 [(-37.0, -51.0)]
14:51:26 [(-25.5, -34.5)]
14:51:26 [(-6.0, -6.5)]
14:51:26 [(-2.5, -11.5)]
14:51:26 [(2.5, -14.0)]
14:51:26 [(3.5, -18.5)]
14:51:26 [(4.0, -18.5)]
14:51:26 [(4.0, -18.0)]
14:51:27 [(4.0, -16.5)]
14:51:27 [(4.0, -15.0)]
14:51:27 [(4.0, -12.0)]
14:51:27 [(7.0, -2.5)]
14:51:27 [(9.0, 2.5)]
14:51:27 [(10.5, -5.5)]
14:51:27 [(11.0, -8.5)]
14:51:27 [(10.5, -21.0)]
14:51:27 [(10.0, -32.5)]
14:51:27 [(9.5, -40.0)]
14:51:27 [(8.0, -45.5)]
14:51:27 [(10.5, -47.0)]
14:51:27 [(13.5, -49.5)]
14:51:28 [(18.0, -51.0)]
14:51:28 [(24.5, -52.0)]
14:51:28 [(31.5, -53.5)]
14:51:28 [(48.0, -56.0)]
14:51:28 [(66.0, -62.5)]
14:51:28 [(87.0, -67.5)]
14:51:28 [(109.0, -68.5)]
14:51:28 [(143.0, -68.5)]
14:51:28 [(173.0, -62.5)]
14:51:28 [(201.5, -54.5)]
14:51:28 [(226.0, -45.0)]
14:51:29 [(258.0, -42.5)]
14:51:29 [(289.5, -44.0)]
14:51:29 [(339.0, -42.0)]
14:51:29 [(368.0, -39.5)]
14:51:29 [(389.0, -36.5)]
14:51:29 [(405.5, -32.5)]
14:51:29 [(419.5, -31.5)]
14:51:29 [(436.0, -28.0)]
14:51:29 [(448.0, -22.5)]
14:51:29 [(455.5, -12.0)]
14:51:29 [(458.5, 2.0)]
14:51:30 [(459.0, 17.0)]
14:51:30 [(462.0, 33.5)]
14:51:30 [(465.5, 49.5)]
14:51:30 [(469.5, 71.0)]
14:51:30 [(470.5, 90.5)]
14:51:30 [(474.5, 129.0)]
14:51:30 [(476.0, 169.0)]
14:51:30 [(475.0, 209.5)]
14:51:30 [(478.5, 276.5)]
14:51:30 [(484.5, 338.5)]
14:51:30 [(491.5, 404.5)]
14:51:30 [(509.5, 460.0)]
14:51:31 [(516.0, 518.5)]
14:51:31 []
14:51:31 []
14:51:31 []
14:51:31 []
14:51:31 []
14:51:31 []
14:51:31 []
14:51:31 [(539.0, 998.0)]
14:51:31 [(533.5, 1019.5)]
14:51:31 [(526.0, 1038.0)]
14:51:32 [(512.0, 1031.0)]
14:51:32 [(495.0, 1027.0)]
14:51:32 [(477.0, 1023.5)]
14:51:32 [(457.5, 1022.5)]
14:51:32 [(421.0, 1012.5)]
14:51:32 [(373.5, 998.0)]
14:51:32 [(322.5, 984.5)]
14:51:32 [(256.0, 987.5)]
14:51:32 [(188.5, 982.0)]
14:51:32 [(121.0, 969.5)]
14:51:32 [(23.5, 957.0)]
14:51:33 [(-63.0, 944.5)]
14:51:33 [(-144.0, 940.0)]
14:51:33 [(-218.0, 921.0)]
14:51:33 [(-287.5, 908.5)]
14:51:33 [(-357.0, 908.0)]
14:51:33 [(-424.5, 919.5)]
14:51:33 [(-476.0, 931.0)]
14:51:33 [(-520.0, 944.5)]
14:51:33 [(-546.5, 945.5)]
14:51:33 [(-579.5, 941.0)]
14:51:33 [(-615.5, 948.5)]
14:51:34 [(-640.5, 971.5)]
14:51:34 [(-671.0, 991.0)]
14:51:34 [(-713.5, 1014.5)]
14:51:34 [(-765.0, 1018.0)]
14:51:34 [(-801.5, 1019.5)]
14:51:34 [(-844.0, 1021.5)]
14:51:34 [(-871.0, 1019.5)]
14:51:34 [(-883.0, 1020.0)]
14:51:34 [(-901.0, 1031.0)]
14:51:34 [(-909.0, 1035.5)]
14:51:34 [(-914.0, 1030.5)]
14:51:35 [(-917.0, 1025.0)]
14:51:35 [(-915.5, 1022.5)]
14:51:35 [(-909.0, 1022.0)]
14:51:35 [(-906.0, 1021.0)]
14:51:35 [(-895.0, 1003.5)]
14:51:35 [(-887.0, 989.0)]
14:51:35 [(-883.0, 975.0)]
14:51:35 [(-879.5, 960.5)]
14:51:35 [(-876.0, 944.5)]
14:51:36 [(-875.5, 923.5)]
14:51:36 [(-878.0, 877.0)]
14:51:36 [(-874.0, 834.5)]
14:51:36 [(-868.5, 788.0)]
14:51:36 [(-863.0, 741.5)]
14:51:36 [(-859.0, 662.5)]
14:51:36 [(-855.5, 588.0)]
Connected to MQTT broker.
14:51:49 [(-4.5, -24.0)]
14:51:49 [(-5.0, -30.0)]
14:51:49 [(-5.5, -34.0)]
14:51:49 [(-5.5, -36.0)]
14:51:49 [(-5.5, -37.5)]
14:51:49 [(-4.5, -37.5)]
14:51:50 [(-3.0, -34.5)]
14:51:50 [(-1.5, -32.0)]
14:51:50 [(-0.5, -27.5)]
14:51:50 [(0.0, -24.5)]
14:51:50 [(0.0, -24.0)]
14:51:50 [(1.0, -26.5)]
14:51:50 [(2.0, -28.0)]
14:51:50 [(3.0, -26.5)]
14:51:50 [(3.5, -24.0)]
14:51:50 [(2.0, -20.0)]
14:51:50 [(1.5, -15.5)]
14:51:51 [(1.5, -14.5)]
14:51:51 [(2.0, -16.0)]
14:51:51 [(2.5, -22.5)]
14:51:51 [(4.5, -27.5)]
14:51:51 [(7.5, -29.0)]
14:51:51 [(9.0, -27.5)]
14:51:51 [(10.5, -24.0)]
14:51:51 [(11.0, -21.5)]
14:51:51 [(12.0, -22.0)]
14:51:51 [(11.5, -20.5)]
14:51:51 [(12.5, -21.0)]
14:51:52 [(13.0, -22.0)]
14:51:52 [(14.0, -25.0)]
14:51:52 [(13.5, -28.0)]
14:51:52 [(9.5, -28.0)]
14:51:52 [(5.0, -27.0)]
14:51:52 [(3.0, -26.5)]
14:51:52 [(3.5, -26.5)]
14:51:52 [(5.0, -27.0)]
14:51:52 [(7.5, -29.0)]
14:51:52 [(10.0, -31.0)]
14:51:52 [(12.0, -29.5)]
14:51:53 [(13.0, -27.5)]
14:51:53 [(16.5, -25.5)]
14:51:53 [(19.5, -23.5)]
14:51:53 [(21.5, -21.0)]
14:51:53 [(22.0, -17.5)]
14:51:53 [(20.5, -13.0)]
14:51:53 [(18.5, -8.0)]
14:51:53 [(18.0, -5.0)]
14:51:53 [(18.5, -5.5)]
14:51:53 [(18.5, -4.5)]
14:51:53 [(17.5, -5.5)]
14:51:54 [(15.5, -10.0)]
14:51:54 [(13.5, -14.0)]
14:51:54 [(12.0, -18.0)]
14:51:54 [(11.5, -16.0)]
14:51:54 [(10.0, -13.0)]
14:51:54 [(9.0, -12.0)]
14:51:54 [(9.0, -9.5)]
14:51:54 [(7.5, -8.5)]
14:51:54 [(5.0, -8.5)]
14:51:54 [(3.0, -7.5)]
14:51:54 [(-3.5, -2.5)]
14:51:55 [(-9.5, 2.5)]
14:51:55 [(-14.0, 6.5)]
14:51:55 [(-19.5, 9.5)]
14:51:55 [(-26.5, 12.0)]
14:51:55 [(-31.5, 14.5)]
14:51:55 [(-35.5, 16.0)]
14:51:55 [(-36.5, 15.5)]
14:51:55 [(-36.0, 13.0)]
14:51:55 [(-34.0, 11.0)]
14:51:55 [(-32.5, 9.0)]
14:51:55 [(-32.0, 6.5)]
14:51:56 [(-32.5, 3.0)]
14:51:56 [(-32.0, 0.0)]
14:51:56 [(-32.0, -1.0)]
14:51:56 [(-32.0, -5.0)]
14:51:56 [(-32.0, -7.5)]
14:51:56 [(-32.0, -8.5)]
14:51:56 [(-30.5, -9.5)]
14:51:56 [(-28.0, -13.5)]
14:51:56 [(-24.0, -15.5)]
14:51:56 [(-17.5, -15.5)]
14:51:56 [(-10.0, -15.0)]
14:51:56 [(-1.5, -17.0)]
14:51:57 [(8.0, -20.5)]
14:51:57 [(18.5, -24.0)]
14:51:57 [(42.5, -34.5)]
14:51:57 [(62.5, -42.0)]
14:51:57 [(84.0, -44.0)]
14:51:57 [(105.5, -43.5)]
14:51:57 [(137.5, -39.0)]
14:51:57 [(174.0, -41.0)]
14:51:57 [(212.0, -46.5)]
14:51:57 [(260.0, -50.5)]
14:51:57 [(290.5, -46.0)]
14:51:58 [(315.5, -47.5)]
14:51:58 [(335.0, -47.5)]
14:51:58 [(345.0, -45.5)]
14:51:58 [(355.5, -44.0)]
14:51:58 [(369.0, -42.0)]
14:51:58 [(381.0, -39.5)]
14:51:58 [(396.5, -42.0)]
14:51:58 [(413.0, -45.5)]
14:51:58 [(428.5, -49.5)]
14:51:58 [(442.5, -52.5)]
14:51:58 [(455.0, -55.5)]
14:51:59 [(459.5, -52.5)]
14:51:59 [(462.0, -46.0)]
14:51:59 [(461.5, -33.5)]
14:51:59 [(461.0, -15.5)]
14:51:59 [(458.5, 24.0)]
14:51:59 [(457.0, 64.5)]
14:51:59 [(454.0, 130.5)]
14:51:59 [(450.5, 186.5)]
14:51:59 [(445.0, 235.0)]
14:51:59 [(436.5, 287.5)]
14:51:59 [(437.5, 345.0)]
14:52:00 [(434.5, 429.5)]
14:52:00 [(441.0, 520.0)]
14:52:00 [(457.5, 633.0)]
14:52:00 [(472.0, 718.0)]
14:52:00 [(488.0, 798.0)]
14:52:00 [(499.5, 864.0)]
14:52:00 [(510.0, 921.0)]
14:52:00 [(504.5, 954.5)]
14:52:00 [(502.5, 963.0)]
14:52:00 [(498.0, 979.5)]
14:52:00 [(494.5, 996.0)]
14:52:01 [(486.0, 1006.0)]
14:52:01 [(477.5, 1010.5)]
14:52:01 [(467.5, 1013.0)]
14:52:01 [(459.5, 1014.0)]
14:52:01 [(450.5, 1015.5)]
14:52:01 [(426.5, 1018.0)]
14:52:01 [(399.5, 1018.5)]
14:52:01 [(351.5, 1016.0)]
14:52:01 [(302.5, 1015.0)]
14:52:01 [(228.5, 1010.0)]
14:52:01 [(95.0, 1003.0)]
14:52:02 [(-4.0, 1004.0)]
14:52:02 [(-88.0, 1002.5)]
14:52:02 [(-168.0, 991.5)]
14:52:02 [(-241.0, 986.0)]
14:52:02 [(-318.5, 979.0)]
14:52:02 [(-392.5, 967.0)]
14:52:02 [(-467.0, 964.0)]
14:52:02 [(-536.0, 977.0)]
14:52:02 [(-604.0, 1001.5)]
14:52:02 [(-667.5, 1027.0)]
14:52:02 [(-727.5, 1039.0)]
14:52:03 [(-773.0, 1037.0)]
14:52:03 [(-818.0, 1036.0)]
14:52:03 [(-852.5, 1022.5)]
14:52:03 [(-882.5, 1011.5)]
14:52:03 [(-911.5, 999.5)]
14:52:03 [(-945.0, 985.0)]
14:52:03 [(-957.0, 985.0)]
14:52:03 [(-967.5, 970.0)]
14:52:03 [(-975.0, 941.0)]
14:52:03 [(-985.0, 900.0)]
14:52:03 []
14:52:04 []
14:52:04 []
14:52:04 []
14:52:04 []
14:52:04 []
14:52:04 []
14:52:04 []
14:52:04 []
14:52:04 []
14:52:04 []
14:52:04 [(-1151.5, 194.0)]
14:52:05 [(-1150.5, 158.0)]
14:52:05 [(-1149.0, 123.5)]
14:52:05 [(-1142.5, 88.0)]
14:52:05 [(-1127.5, 19.0)]
14:52:05 [(-1102.0, -85.5)]
14:52:05 [(-1084.5, -194.5)]
14:52:05 [(-1082.0, -294.5)]
14:52:05 [(-1087.5, -390.0)]
14:52:05 [(-1075.0, -479.0)]
14:52:05 [(-1080.0, -558.5)]
14:52:05 [(-1077.0, -637.0)]
14:52:05 [(-1071.5, -721.0)]
14:52:06 [(-1054.0, -790.0)]
14:52:06 [(-1034.5, -842.5)]
14:52:06 [(-1018.5, -896.0)]
14:52:06 [(-1013.5, -949.0)]
14:52:06 [(-1005.0, -983.0)]
14:52:06 [(-1011.0, -1014.0)]
14:52:06 [(-1006.5, -1038.0)]
14:52:06 [(-1007.5, -1059.0)]
14:52:06 [(-1010.0, -1078.0)]
14:52:06 [(-1007.5, -1085.5)]
14:52:06 [(-1005.0, -1096.5)]
14:52:07 [(-998.0, -1104.0)]
14:52:07 [(-982.5, -1115.5)]
14:52:07 [(-964.0, -1123.5)]
14:52:07 [(-935.5, -1129.5)]
14:52:07 [(-867.0, -1124.5)]
14:52:07 [(-797.5, -1119.5)]
14:52:07 [(-723.5, -1109.0)]
14:52:07 [(-650.0, -1104.5)]
14:52:07 [(-584.5, -1103.0)]
14:52:07 [(-521.0, -1098.5)]
14:52:07 [(-449.0, -1098.5)]
14:52:08 [(-375.0, -1111.0)]
14:52:08 [(-296.0, -1131.0)]
14:52:08 [(-220.5, -1132.5)]
14:52:08 [(-143.5, -1126.5)]
14:52:08 [(-72.5, -1121.0)]
14:52:08 [(7.0, -1119.0)]
14:52:08 [(82.0, -1117.0)]
14:52:08 [(154.0, -1111.5)]
14:52:08 [(226.0, -1091.0)]
14:52:08 [(295.5, -1075.0)]
14:52:08 [(364.5, -1061.5)]
14:52:09 [(418.5, -1056.0)]
14:52:09 [(485.0, -1061.5)]
14:52:09 [(563.5, -1060.0)]
14:52:09 [(660.5, -1064.5)]
14:52:09 [(747.0, -1051.5)]
14:52:09 [(833.5, -1035.0)]
14:52:09 [(910.5, -1029.5)]
14:52:09 [(976.5, -1033.0)]
14:52:09 [(1032.0, -1044.5)]
14:52:09 [(1080.0, -1051.5)]
14:52:09 [(1127.5, -1046.5)]
14:52:10 [(1169.5, -1034.0)]
14:52:10 [(1217.5, -1029.5)]
14:52:10 [(1253.5, -1030.5)]
14:52:10 [(1287.0, -1033.5)]
14:52:10 [(1327.0, -1039.5)]
14:52:10 [(1362.0, -1044.5)]
14:52:10 [(1386.5, -1045.0)]
14:52:10 [(1402.0, -1033.0)]
14:52:10 [(1408.5, -1021.0)]
14:52:10 [(1411.5, -1013.5)]
14:52:10 [(1418.5, -1010.5)]
14:52:10 [(1419.5, -1009.5)]
14:52:11 [(1418.5, -1006.5)]
14:52:11 [(1417.5, -999.0)]
14:52:11 [(1423.0, -962.0)]
14:52:11 [(1429.5, -920.5)]
14:52:11 [(1434.5, -885.5)]
14:52:11 [(1445.0, -863.5)]
14:52:11 [(1454.5, -841.5)]
14:52:11 [(1488.0, -808.5)]
14:52:11 [(1569.0, -740.5)]
14:52:11 [(1710.0, -640.0)]
14:52:11 [(1825.0, -527.0)]
14:52:12 []
14:52:12 []
14:52:12 []
14:52:12 []
14:52:12 []
14:52:12 []
14:52:12 []
14:52:12 []
14:52:12 []
14:52:12 []
14:52:12 []
14:52:13 []
14:52:13 []
14:52:13 []
14:52:13 []
14:52:13 []
14:52:13 []
14:52:13 [(1998.0, 1383.0)]
14:52:13 [(1887.5, 1443.0)]
14:52:13 [(1789.0, 1480.0)]
14:52:13 [(1705.0, 1524.5)]
14:52:13 [(1664.5, 1581.5)]
14:52:14 [(1625.0, 1641.5)]
14:52:14 [(1593.5, 1697.0)]
14:52:14 [(1567.5, 1750.0)]
14:52:14 [(1537.5, 1792.0)]
14:52:14 [(1512.0, 1824.0)]
14:52:14 [(1489.5, 1851.0)]
14:52:14 [(1471.0, 1884.0)]
14:52:14 [(1461.5, 1924.5)]
14:52:14 [(1453.0, 1977.0)]
14:52:14 [(1452.5, 2009.0)]
14:52:14 [(1451.5, 2008.0)]
14:52:14 [(1439.0, 2009.0)]
14:52:15 [(1428.5, 2017.0)]
14:52:15 [(1401.0, 2023.0)]
14:52:15 [(1367.5, 2031.5)]
14:52:15 [(1305.5, 2049.5)]
14:52:15 [(1229.5, 2049.5)]
14:52:15 [(1159.5, 2046.5)]
14:52:15 [(1095.0, 2062.5)]
14:52:15 [(1033.5, 2074.5)]
14:52:15 [(966.0, 2090.5)]
14:52:15 [(904.5, 2093.5)]
14:52:16 [(822.0, 2071.0)]
14:52:16 [(745.0, 2066.0)]
14:52:16 [(686.0, 2072.0)]
14:52:16 [(626.5, 2098.0)]
14:52:16 [(562.5, 2108.5)]
14:52:16 [(494.5, 2108.5)]
14:52:16 [(433.5, 2112.5)]
14:52:16 [(357.0, 2113.5)]
14:52:16 []
14:52:16 []
14:52:16 []
14:52:17 []
14:52:17 []
14:52:17 []
14:52:17 []
14:52:17 []
14:52:17 []
14:52:17 [(-531.5, 2133.5)]
14:52:17 [(-645.5, 2126.5)]
14:52:17 [(-751.0, 2120.0)]
14:52:17 [(-827.5, 2115.0)]
14:52:17 [(-909.0, 2095.0)]
14:52:17 [(-990.0, 2085.0)]
14:52:18 [(-1067.0, 2060.5)]
14:52:18 [(-1155.0, 2042.0)]
14:52:18 [(-1237.0, 2032.5)]
14:52:18 [(-1301.5, 2011.5)]
14:52:18 [(-1363.0, 1981.0)]
14:52:18 [(-1435.5, 1941.0)]
14:52:18 [(-1500.5, 1902.5)]
14:52:18 [(-1533.0, 1908.5)]
14:52:18 [(-1561.0, 1913.5)]
14:52:18 [(-1581.0, 1907.5)]
14:52:18 [(-1615.5, 1910.5)]
14:52:19 [(-1651.5, 1924.0)]
14:52:19 [(-1682.0, 1918.5)]
14:52:19 [(-1715.0, 1905.0)]
14:52:19 [(-1739.5, 1893.0)]
14:52:19 [(-1760.5, 1863.0)]
14:52:19 [(-1777.5, 1832.0)]
14:52:19 [(-1788.5, 1803.0)]
14:52:19 [(-1798.0, 1784.5)]
14:52:19 [(-1802.5, 1764.0)]
14:52:19 [(-1808.0, 1732.0)]
14:52:19 [(-1826.5, 1681.5)]
14:52:20 [(-1858.5, 1637.0)]
14:52:20 [(-1907.5, 1568.5)]
14:52:20 []
14:52:20 []
14:52:20 [(-1937.5, 1408.5)]
14:52:20 [(-1931.5, 1361.5)]
14:52:20 [(-1937.5, 1310.0)]
14:52:20 [(-1958.0, 1254.5)]
14:52:20 [(-1975.5, 1193.5)]
14:52:20 [(-1982.5, 1126.5)]
14:52:20 [(-1982.5, 1057.5)]
14:52:21 [(-1982.0, 988.0)]
14:52:21 [(-1980.5, 913.0)]
14:52:21 [(-1981.0, 839.5)]
14:52:21 [(-1984.0, 750.0)]
14:52:21 [(-1982.5, 661.5)]
14:52:21 [(-1984.5, 559.0)]
14:52:21 [(-1987.5, 457.5)]
14:52:21 [(-1989.5, 353.5)]
14:52:21 [(-1990.0, 251.0)]
14:52:21 [(-1990.0, 150.5)]
14:52:21 [(-1991.5, 58.5)]
14:52:22 [(-1974.5, -36.0)]
14:52:22 [(-1955.5, -129.5)]
14:52:22 [(-1940.5, -245.5)]
14:52:22 [(-1934.5, -364.0)]
14:52:22 [(-1932.5, -492.0)]
14:52:22 [(-1937.0, -612.0)]
14:52:22 [(-1949.0, -722.0)]
14:52:22 [(-1972.5, -836.0)]
14:52:22 [(-1993.5, -928.5)]
14:52:22 [(-2013.5, -1028.5)]
14:52:22 [(-2025.0, -1119.0)]
14:52:22 [(-2038.5, -1215.0)]
14:52:23 [(-2044.5, -1297.5)]
14:52:23 [(-2036.0, -1355.5)]
14:52:23 [(-2022.0, -1399.0)]
14:52:23 [(-2006.0, -1439.5)]
14:52:23 [(-2001.0, -1516.0)]
14:52:23 [(-1984.0, -1598.0)]
14:52:23 [(-1957.0, -1674.5)]
14:52:23 [(-1924.0, -1731.0)]
14:52:23 [(-1914.0, -1793.0)]
14:52:23 [(-1906.5, -1838.5)]
14:52:23 [(-1908.0, -1875.0)]
14:52:24 [(-1906.0, -1907.0)]
14:52:24 [(-1905.0, -1942.0)]
14:52:24 [(-1905.5, -1969.0)]
14:52:24 [(-1899.5, -1992.5)]
14:52:24 [(-1896.0, -2002.0)]
14:52:24 [(-1898.5, -2003.5)]
14:52:24 [(-1890.5, -2000.5)]
14:52:24 [(-1877.0, -1997.5)]
14:52:24 [(-1863.5, -2000.0)]
14:52:24 [(-1851.0, -2002.5)]
14:52:24 [(-1837.0, -2011.0)]
14:52:25 [(-1818.5, -2015.5)]
14:52:25 [(-1787.5, -2020.5)]
14:52:25 [(-1731.0, -2013.5)]
14:52:25 [(-1662.0, -2017.0)]
14:52:25 [(-1591.5, -2028.0)]
14:52:25 [(-1531.5, -2054.5)]
14:52:25 [(-1481.0, -2085.0)]
14:52:25 [(-1419.5, -2099.0)]
14:52:25 [(-1355.0, -2110.0)]
14:52:25 [(-1286.5, -2115.0)]
14:52:25 [(-1214.5, -2119.5)]
14:52:26 [(-1135.5, -2120.0)]
14:52:26 []
14:52:26 []
14:52:26 []
14:52:26 []
14:52:26 []
14:52:26 []
14:52:26 []
14:52:26 []
14:52:26 []
14:52:26 []
14:52:26 []
14:52:27 []
14:52:27 [(-7.0, -2156.5)]
14:52:27 [(86.5, -2113.5)]
14:52:27 [(177.0, -2068.5)]
14:52:27 [(255.5, -2029.0)]
14:52:27 [(320.0, -2024.0)]
14:52:27 [(395.0, -2023.0)]
14:52:27 [(463.0, -2032.0)]
14:52:27 [(528.0, -2031.0)]
14:52:27 [(595.0, -2037.5)]
14:52:27 [(679.0, -2034.0)]
14:52:28 [(780.5, -2026.5)]
14:52:28 [(899.0, -2019.0)]
14:52:28 [(1023.0, -2027.0)]
14:52:28 [(1136.0, -2035.0)]
14:52:28 [(1232.5, -2046.5)]
14:52:28 [(1320.0, -2035.0)]
14:52:28 [(1399.5, -2023.0)]
14:52:28 [(1484.0, -2003.5)]
14:52:28 [(1557.0, -1971.5)]
14:52:28 [(1597.0, -1959.5)]
14:52:28 [(1645.5, -1946.0)]
14:52:29 [(1681.5, -1922.5)]
14:52:29 [(1705.5, -1905.0)]
14:52:29 [(1727.0, -1879.0)]
14:52:29 [(1746.5, -1865.0)]
14:52:29 [(1766.0, -1842.5)]
14:52:29 []
14:52:29 []
14:52:29 []
14:52:29 []
14:52:29 []
14:52:29 []
14:52:29 []
14:52:30 []
14:52:30 []
14:52:30 []
14:52:30 []
14:52:30 []
14:52:30 []
14:52:30 []
14:52:30 []
14:52:30 []
14:52:30 []
14:52:30 []
14:52:31 []
14:52:31 [(2304.0, -1345.5)]
14:52:31 [(2357.0, -1240.0)]
14:52:31 [(2403.0, -1139.5)]
14:52:31 [(2457.0, -1050.5)]
14:52:31 [(2503.0, -943.5)]
14:52:31 [(2532.5, -849.0)]
14:52:31 [(2569.0, -749.0)]
14:52:31 [(2601.0, -656.5)]
14:52:31 [(2631.0, -582.0)]
14:52:31 [(2648.5, -514.5)]
14:52:32 [(2668.0, -444.0)]
14:52:32 [(2682.5, -366.0)]
14:52:32 [(2683.0, -276.0)]
14:52:32 [(2681.5, -196.5)]
14:52:32 [(2678.0, -109.5)]
14:52:32 [(2683.0, -9.5)]
14:52:32 [(2687.0, 86.5)]
14:52:32 [(2687.5, 187.0)]
14:52:32 [(2653.5, 296.0)]
14:52:32 [(2625.5, 422.0)]
14:52:32 [(2592.0, 526.5)]
14:52:33 [(2561.0, 615.5)]
14:52:33 [(2535.0, 703.0)]
14:52:33 [(2546.0, 780.0)]
14:52:33 [(2556.0, 849.5)]
14:52:33 [(2559.0, 917.5)]
14:52:33 [(2557.5, 989.0)]
14:52:33 [(2539.0, 1063.5)]
14:52:33 [(2479.0, 1144.0)]
14:52:33 [(2422.5, 1218.0)]
14:52:33 [(2339.0, 1314.5)]
14:52:33 [(2291.0, 1380.5)]
14:52:34 []
14:52:34 []
14:52:34 []
14:52:34 []
14:52:34 []
14:52:34 []
14:52:34 []
14:52:34 []
14:52:34 []
14:52:34 []
14:52:34 []
14:52:35 []
14:52:35 []
14:52:35 []
14:52:35 []
14:52:35 []
14:52:35 []
14:52:35 []
14:52:35 []
14:52:35 []
14:52:35 []
14:52:35 []
14:52:36 []
14:52:36 []
14:52:36 []
14:52:36 []
14:52:36 []
14:52:36 []
14:52:36 []
Disconnected from MQTT broker, return code 0

Script done on 2024-04-29 14:53:02+08:00 [COMMAND_EXIT_CODE="0"]
