Script started on 2024-04-23 14:39:30+08:00 [TERM="xterm-256color" TTY="/dev/pts/0" COLUMNS="95" LINES="24"]
App start.
Config updated: {'brokeraddr': '10.42.0.1', 'brokerport': '1883', 'plot_xlims': '(-3500,3500)', 'plot_ylims': '(-3500,3500)', 'clusterrad': '500.0', 'clustersz': '1', 'radar1_en': 'False', 'radar2_en': 'True', 'radar3_en': 'False', 'radar4_en': 'False', 'radar1_x': '-1000.0', 'radar1_y': '-3000.0', 'radar1_a': '0.0', 'radar2_x': '-3000.0', 'radar2_y': '-3000.0', 'radar2_a': '-45.0', 'radar3_x': '-3000.0', 'radar3_y': '3000.0', 'radar3_a': '-135.0', 'radar4_x': '3000.0', 'radar4_y': '-1000.0', 'radar4_a': '90.0', 'default': '<Section: DEFAULT>'}
Connected to MQTT broker.
14:40:23 [(-255.01, 176.32)]
14:40:23 [(-252.89, 169.96)]
14:40:23 [(-252.18, 167.84)]
14:40:23 [(-252.89, 165.72)]
14:40:23 [(-254.3, 165.72)]
14:40:23 [(-255.72, 164.3)]
14:40:23 [(-257.13, 164.3)]
14:40:24 [(-258.55, 162.89)]
14:40:24 [(-259.96, 162.89)]
14:40:24 [(-260.67, 163.6)]
14:40:24 [(-258.55, 162.89)]
14:40:24 [(-257.13, 161.47)]
14:40:24 [(-256.43, 160.77)]
14:40:24 [(-257.84, 162.18)]
14:40:24 [(-257.84, 163.6)]
14:40:24 [(-257.13, 165.72)]
14:40:24 [(-255.72, 168.55)]
14:40:24 [(-251.48, 169.96)]
14:40:26 [(-246.53, 172.08)]
14:40:26 [(-242.28, 172.08)]
14:40:26 [(-238.75, 172.79)]
14:40:26 [(-237.33, 171.37)]
14:40:26 [(-241.58, 164.3)]
14:40:26 [(-244.4, 161.47)]
14:40:26 [(-245.11, 157.94)]
14:40:26 [(-247.94, 155.11)]
14:40:26 [(-252.18, 150.87)]
14:40:26 [(-257.13, 147.33)]
14:40:26 [(-260.67, 133.9)]
14:40:26 [(-265.62, 126.12)]
14:40:26 [(-267.74, 115.51)]
14:40:26 [(-274.1, 102.08)]
14:40:26 [(-303.09, 67.43)]
14:40:26 [(-334.21, 33.49)]
14:40:26 [(-363.91, -3.28)]
14:40:26 [(-398.55, -33.69)]
14:40:26 [(-454.42, -98.03)]
14:40:26 [(-515.23, -161.67)]
14:40:27 [(-571.8, -228.14)]
14:40:27 [(-622.0, -303.8)]
14:40:27 [(-667.96, -373.81)]
14:40:27 [(-725.24, -435.32)]
14:40:27 [(-781.81, -493.31)]
14:40:27 [(-841.91, -543.51)]
14:40:27 [(-891.41, -601.49)]
14:40:27 [(-932.42, -663.72)]
14:40:27 [(-976.26, -734.43)]
14:40:27 [(-1028.59, -795.24)]
14:40:27 [(-1083.74, -850.4)]
14:40:28 [(-1148.79, -899.89)]
14:40:28 [(-1199.71, -953.63)]
14:40:28 [(-1249.91, -1005.25)]
14:40:28 [(-1315.67, -1046.97)]
14:40:28 [(-1372.95, -1105.66)]
14:40:28 [(-1421.74, -1174.25)]
14:40:28 [(-1466.29, -1235.77)]
14:40:28 [(-1510.83, -1297.29)]
14:40:28 [(-1549.72, -1354.56)]
14:40:28 [(-1590.03, -1410.42)]
14:40:28 [(-1626.09, -1464.87)]
14:40:29 [(-1660.03, -1520.03)]
14:40:29 [(-1715.19, -1570.94)]
14:40:29 [(-1767.51, -1619.02)]
14:40:29 [(-1810.65, -1672.05)]
14:40:29 [(-1833.98, -1742.06)]
14:40:29 [(-1874.99, -1802.87)]
14:40:29 [(-1944.29, -1867.92)]
14:40:29 [(-2016.41, -1924.49)]
14:40:29 [(-2077.23, -1972.57)]
14:40:29 [(-2132.38, -2024.9)]
14:40:29 [(-2184.0, -2076.52)]
14:40:30 [(-2218.65, -2121.07)]
14:40:30 [(-2260.37, -2168.44)]
14:40:30 [(-2298.55, -2210.87)]
14:40:30 [(-2342.39, -2247.64)]
14:40:30 [(-2384.82, -2281.58)]
14:40:30 [(-2425.83, -2309.86)]
14:40:30 [(-2464.72, -2336.03)]
14:40:30 [(-2498.66, -2357.24)]
14:40:30 [(-2537.55, -2377.75)]
14:40:30 [(-2572.91, -2394.72)]
14:40:30 [(-2600.48, -2410.98)]
14:40:30 [(-2606.85, -2428.66)]
14:40:31 [(-2616.75, -2439.97)]
14:40:31 [(-2621.7, -2442.09)]
14:40:31 [(-2625.94, -2442.09)]
14:40:31 [(-2628.06, -2439.97)]
14:40:31 [(-2627.35, -2435.02)]
14:40:31 [(-2625.94, -2433.61)]
14:40:31 [(-2623.82, -2431.49)]
14:40:31 [(-2620.28, -2429.36)]
14:40:31 [(-2616.75, -2427.24)]
14:40:31 [(-2609.68, -2425.83)]
14:40:31 [(-2601.19, -2423.0)]
14:40:32 [(-2591.29, -2421.59)]
14:40:32 [(-2580.69, -2419.47)]
14:40:32 [(-2570.79, -2416.64)]
14:40:32 [(-2560.18, -2411.69)]
14:40:32 [(-2550.28, -2407.44)]
14:40:32 [(-2536.85, -2402.49)]
14:40:32 [(-2525.53, -2395.42)]
14:40:32 [(-2514.22, -2384.11)]
14:40:32 [(-2497.95, -2372.09)]
14:40:32 [(-2461.18, -2324.01)]
14:40:32 [(-2423.0, -2277.34)]
14:40:33 [(-2386.23, -2230.67)]
14:40:33 [(-2302.09, -2150.76)]
14:40:33 [(-2214.4, -2088.54)]
14:40:33 [(-2118.24, -2040.46)]
14:40:33 [(-2029.14, -1990.96)]
14:40:33 [(-1953.48, -1942.17)]
14:40:33 [(-1893.38, -1887.72)]
14:40:33 [(-1834.69, -1833.27)]
14:40:33 [(-1772.46, -1773.88)]
14:40:33 [(-1711.65, -1708.82)]
14:40:33 [(-1674.17, -1630.33)]
14:40:34 [(-1623.97, -1563.16)]
14:40:34 [(-1534.87, -1537.7)]
14:40:34 [(-1459.92, -1500.93)]
14:40:34 [(-1407.6, -1447.19)]
14:40:34 [(-1348.2, -1407.6)]
14:40:34 [(-1304.36, -1355.27)]
14:40:34 [(-1254.86, -1312.84)]
14:40:34 [(-1194.05, -1256.27)]
14:40:34 [(-1148.79, -1189.81)]
14:40:34 [(-1129.7, -1108.49)]
14:40:34 [(-1107.78, -1032.83)]
14:40:34 [(-1066.77, -962.12)]
14:40:35 [(-1015.86, -905.55)]
14:40:35 [(-967.78, -864.54)]
14:40:35 [(-904.14, -837.67)]
14:40:35 [(-852.52, -801.61)]
14:40:35 [(-832.72, -726.65)]
14:40:35 [(-805.14, -653.82)]
14:40:35 [(-741.5, -615.64)]
14:40:35 [(-699.07, -564.72)]
14:40:35 [(-662.3, -519.47)]
14:40:35 [(-634.02, -472.8)]
14:40:35 [(-585.23, -426.84)]
14:40:36 [(-534.32, -380.17)]
14:40:36 [(-486.94, -322.89)]
14:40:36 [(-462.9, -256.43)]
14:40:36 [(-433.2, -206.93)]
14:40:36 [(-406.33, -167.33)]
14:40:36 [(-383.7, -131.97)]
14:40:36 [(-339.86, -102.28)]
14:40:36 [(-293.9, -81.77)]
14:40:36 [(-272.69, -69.04)]
14:40:36 [(-258.55, -39.34)]
14:40:36 [(-273.4, -14.6)]
14:40:37 [(-275.52, -3.99)]
14:40:37 [(-269.15, 12.27)]
14:40:37 [(-250.06, 29.95)]
14:40:37 [(-226.73, 73.09)]
14:40:37 [(-197.74, 93.59)]
14:40:37 [(-175.11, 95.01)]
14:40:37 [(-175.11, 96.42)]
14:40:37 [(-172.28, 97.83)]
14:40:37 [(-167.33, 99.96)]
14:40:37 [(-161.67, 101.37)]
14:40:37 [(-148.24, 100.66)]
14:40:38 [(-139.75, 102.08)]
14:40:38 [(-146.82, 106.32)]
14:40:38 [(-148.95, 105.61)]
14:40:38 [(-153.19, 104.2)]
14:40:38 [(-157.43, 101.37)]
14:40:38 [(-158.14, 99.25)]
14:40:38 [(-158.14, 97.83)]
14:40:38 [(-157.43, 97.13)]
14:40:38 [(-156.72, 97.83)]
14:40:38 [(-154.6, 101.37)]
14:40:38 [(-157.43, 105.61)]
14:40:38 [(-158.84, 108.44)]
14:40:39 [(-158.84, 108.44)]
14:40:39 [(-159.55, 103.49)]
14:40:39 [(-160.26, 101.37)]
14:40:39 [(-164.5, 101.37)]
14:40:39 [(-168.74, 102.78)]
14:40:39 [(-170.87, 106.32)]
14:40:39 [(-171.57, 108.44)]
14:40:39 [(-171.57, 105.61)]
14:40:39 [(-169.45, 103.49)]
14:40:39 [(-170.16, 99.96)]
14:40:39 [(-171.57, 98.54)]
14:40:40 [(-172.99, 98.54)]
14:40:40 [(-173.69, 96.42)]
14:40:40 [(-174.4, 90.06)]
14:40:40 [(-174.4, 78.74)]
14:40:40 [(-170.16, 67.43)]
14:40:40 [(-168.04, 58.24)]
14:40:40 [(-167.33, 50.46)]
14:40:40 [(-166.62, 45.51)]
14:40:40 [(-167.33, 40.56)]
Disconnected from MQTT broker, return code 0
Config updated: {'brokeraddr': '10.42.0.1', 'brokerport': '1883', 'plot_xlims': '(-3500,3500)', 'plot_ylims': '(-3500,3500)', 'clusterrad': '500.0', 'clustersz': '1', 'radar1_en': 'False', 'radar2_en': 'False', 'radar3_en': 'True', 'radar4_en': 'False', 'radar1_x': '-1000.0', 'radar1_y': '-3000.0', 'radar1_a': '0.0', 'radar2_x': '-3000.0', 'radar2_y': '-3000.0', 'radar2_a': '-45.0', 'radar3_x': '-3000.0', 'radar3_y': '3000.0', 'radar3_a': '-135.0', 'radar4_x': '3000.0', 'radar4_y': '-1000.0', 'radar4_a': '90.0', 'default': '<Section: DEFAULT>'}
Connected to MQTT broker.
14:40:50 [(-132.68, -75.21)]
14:40:50 [(-139.05, -84.4)]
14:40:50 [(-144.7, -92.89)]
14:40:50 [(-141.87, -90.06)]
14:40:51 [(-136.92, -85.11)]
14:40:51 [(-138.34, -82.28)]
14:40:51 [(-137.63, -74.5)]
14:40:51 [(-134.1, -65.31)]
14:40:51 [(-131.27, -59.65)]
14:40:51 [(-133.39, -60.36)]
14:40:51 [(-134.1, -61.07)]
14:40:51 [(-132.68, -55.41)]
14:40:51 [(-128.44, -52.58)]
14:40:51 [(-120.66, -47.63)]
14:40:51 [(-111.47, -41.27)]
14:40:51 [(-102.98, -31.37)]
14:40:52 [(-96.62, -23.59)]
14:40:52 [(-91.67, -21.47)]
14:40:52 [(-86.01, -17.22)]
14:40:52 [(-85.31, -15.1)]
14:40:52 [(-83.18, -11.57)]
14:40:52 [(-84.6, -8.74)]
14:40:52 [(-84.6, -5.91)]
14:40:52 [(-89.55, -3.79)]
14:40:52 [(-93.79, -0.96)]
14:40:52 [(-98.03, 1.87)]
14:40:52 [(-102.28, 6.11)]
14:40:53 [(-105.81, 12.47)]
14:40:53 [(-108.64, 20.96)]
14:40:53 [(-115.71, 29.44)]
14:40:53 [(-126.32, 38.64)]
14:40:53 [(-164.5, 71.16)]
14:40:53 [(-205.51, 100.86)]
14:40:53 [(-238.75, 138.34)]
14:40:53 [(-306.63, 200.56)]
14:40:53 [(-370.27, 274.1)]
14:40:53 [(-443.81, 333.5)]
14:40:53 [(-519.47, 385.12)]
14:40:54 [(-614.22, 426.13)]
14:40:54 [(-698.37, 479.16)]
14:40:54 [(-765.54, 546.34)]
14:40:54 [(-823.53, 605.74)]
14:40:54 [(-899.19, 670.08)]
14:40:54 [(-979.09, 730.19)]
14:40:54 [(-1039.19, 801.61)]
14:40:54 [(-1076.67, 880.09)]
14:40:54 [(-1109.2, 967.78)]
14:40:54 [(-1142.43, 1043.44)]
14:40:54 [(-1177.79, 1111.32)]
14:40:55 [(-1232.94, 1166.47)]
14:40:55 [(-1314.96, 1193.34)]
14:40:55 [(-1390.62, 1229.4)]
14:40:55 [(-1459.21, 1288.09)]
14:40:55 [(-1527.8, 1356.68)]
14:40:55 [(-1581.54, 1423.15)]
14:40:55 [(-1638.11, 1475.48)]
14:40:55 [(-1688.32, 1531.34)]
14:40:55 [(-1735.69, 1590.03)]
14:40:55 [(-1778.83, 1660.03)]
14:40:55 [(-1825.5, 1733.57)]
14:40:55 [(-1874.99, 1807.11)]
14:40:56 [(-1928.03, 1891.26)]
14:40:56 [(-1973.99, 1958.43)]
14:40:56 [(-2013.59, 2013.59)]
14:40:56 [(-2049.65, 2062.38)]
14:40:56 [(-2096.32, 2109.05)]
14:40:56 [(-2145.11, 2150.76)]
14:40:56 [(-2196.02, 2201.68)]
14:40:56 [(-2251.88, 2264.61)]
14:40:56 [(-2297.84, 2323.3)]
14:40:56 [(-2331.08, 2372.09)]
14:40:56 [(-2353.0, 2413.81)]
14:40:57 [(-2367.14, 2446.34)]
14:40:57 [(-2373.5, 2476.74)]
14:40:57 [(-2381.28, 2490.18)]
14:40:57 [(-2382.7, 2509.98)]
14:40:57 [(-2382.7, 2519.87)]
14:40:57 [(-2385.52, 2526.95)]
14:40:57 [(-2389.06, 2533.31)]
14:40:57 [(-2395.42, 2538.26)]
14:40:57 [(-2401.08, 2542.5)]
14:40:57 [(-2406.03, 2546.04)]
14:40:57 [(-2410.98, 2550.99)]
14:40:58 [(-2415.22, 2553.82)]
14:40:58 [(-2418.76, 2553.11)]
14:40:58 [(-2420.17, 2551.69)]
14:40:58 [(-2420.88, 2548.16)]
14:40:58 [(-2422.29, 2545.33)]
14:40:58 [(-2423.71, 2539.67)]
14:40:58 [(-2424.42, 2534.72)]
14:40:58 [(-2425.83, 2530.48)]
14:40:58 [(-2425.83, 2523.41)]
14:40:58 [(-2425.83, 2514.92)]
14:40:58 [(-2423.71, 2505.73)]
14:40:59 [(-2419.47, 2498.66)]
14:40:59 [(-2413.81, 2491.59)]
14:40:59 [(-2407.44, 2482.4)]
14:40:59 [(-2398.96, 2469.67)]
14:40:59 [(-2389.06, 2458.36)]
14:40:59 [(-2378.45, 2443.51)]
14:40:59 [(-2367.14, 2427.95)]
14:40:59 [(-2330.37, 2379.87)]
14:40:59 [(-2295.72, 2331.08)]
14:40:59 [(-2258.95, 2282.99)]
14:40:59 [(-2176.93, 2196.73)]
14:40:59 [(-2098.44, 2104.1)]
14:41:00 [(-2027.02, 2010.05)]
14:41:00 [(-1976.11, 1939.34)]
14:41:00 [(-1907.52, 1873.58)]
14:41:00 [(-1850.95, 1801.45)]
14:41:00 [(-1785.19, 1742.76)]
14:41:00 [(-1722.97, 1677.71)]
14:41:00 [(-1668.52, 1616.19)]
14:41:00 [(-1599.22, 1568.11)]
14:41:00 [(-1516.49, 1516.49)]
14:41:00 [(-1440.83, 1466.29)]
14:41:00 [(-1376.48, 1400.52)]
14:41:01 [(-1324.86, 1312.14)]
14:41:01 [(-1264.05, 1240.01)]
14:41:01 [(-1208.19, 1189.81)]
14:41:01 [(-1134.65, 1131.82)]
14:41:01 [(-1074.55, 1080.21)]
14:41:01 [(-1022.22, 1020.81)]
14:41:01 [(-972.02, 956.46)]
14:41:01 [(-931.71, 907.67)]
14:41:01 [(-893.53, 858.17)]
14:41:01 [(-859.59, 812.92)]
14:41:01 [(-827.77, 758.47)]
14:41:02 [(-800.19, 704.02)]
14:41:02 [(-752.11, 653.11)]
14:41:02 [(-675.03, 626.95)]
14:41:02 [(-612.1, 592.3)]
14:41:02 [(-561.9, 537.85)]
14:41:02 [(-523.0, 504.62)]
14:41:02 [(-475.63, 471.39)]
14:41:02 [(-440.27, 420.47)]
14:41:02 [(-412.7, 351.89)]
14:41:02 [(-390.07, 264.2)]
14:41:02 [(-359.66, 189.96)]
14:41:03 [(-338.45, 131.97)]
14:41:03 [(-325.02, 88.84)]
14:41:03 [(-300.27, 72.58)]
14:41:03 [(-279.05, 45.71)]
14:41:03 [(-239.46, 45.71)]
14:41:03 [(-203.39, 59.14)]
14:41:03 [(-156.72, 76.11)]
14:41:03 [(-127.73, 99.45)]
14:41:03 [(-83.18, 125.61)]
14:41:03 [(-47.12, 140.46)]
14:41:03 [(-54.9, 78.94)]
14:41:03 [(-67.63, 45.0)]
14:41:04 [(-83.18, -15.81)]
14:41:04 [(-86.01, -80.86)]
14:41:04 [(-102.28, -140.97)]
14:41:04 [(-105.81, -182.69)]
14:41:04 [(-90.96, -190.47)]
14:41:04 [(-78.23, -200.37)]
14:41:04 [(-60.56, -198.24)]
14:41:04 [(-48.54, -190.47)]
14:41:04 [(-42.17, -191.17)]
14:41:04 [(-43.59, -192.59)]
14:41:04 [(-42.88, -184.81)]
14:41:05 [(-36.52, -177.03)]
14:41:05 [(-29.44, -171.37)]
14:41:05 [(-20.25, -165.01)]
14:41:05 [(5.2, -150.87)]
14:41:05 [(29.95, -138.85)]
14:41:05 [(49.75, -131.78)]
14:41:05 [(53.99, -133.19)]
14:41:05 [(51.87, -133.9)]
14:41:05 [(51.17, -134.6)]
14:41:05 [(49.75, -136.02)]
14:41:05 [(50.46, -139.55)]
14:41:06 [(49.04, -143.8)]
14:41:06 [(51.17, -148.75)]
14:41:06 [(49.75, -150.16)]
14:41:06 [(45.51, -155.82)]
14:41:06 [(41.27, -158.65)]
14:41:06 [(36.32, -160.77)]
14:41:06 [(36.32, -159.35)]
14:41:06 [(38.44, -152.99)]
14:41:06 [(39.85, -147.33)]
14:41:06 [(37.73, -146.63)]
14:41:06 [(39.14, -149.45)]
14:41:07 [(40.56, -148.04)]
14:41:07 [(40.56, -145.21)]
14:41:07 [(38.44, -145.92)]
Disconnected from MQTT broker, return code 0

Script done on 2024-04-23 14:41:30+08:00 [COMMAND_EXIT_CODE="0"]
