Script started on 2024-04-29 14:47:23+08:00 [TERM="xterm-256color" TTY="/dev/pts/0" COLUMNS="92" LINES="23"]
App start.
Connected to MQTT broker.
14:47:37 [(-228.0, -179.0)]
14:47:37 [(-241.0, -180.0)]
14:47:37 [(-268.0, -180.0)]
14:47:37 [(-276.0, -179.0)]
14:47:37 [(-289.0, -181.0)]
14:47:37 [(-298.0, -183.0)]
14:47:37 [(-304.0, -182.0)]
14:47:37 [(-314.0, -181.0)]
14:47:37 [(-327.0, -182.0)]
14:47:38 [(-354.0, -182.0)]
14:47:38 [(-355.0, -181.0)]
14:47:38 [(-352.0, -176.0)]
14:47:38 [(-342.0, -170.0)]
14:47:38 [(-332.0, -165.0)]
14:47:38 [(-325.0, -159.0)]
14:47:38 [(-325.0, -156.0)]
14:47:38 [(-326.0, -155.0)]
14:47:38 [(-329.0, -155.0)]
14:47:38 [(-326.0, -154.0)]
14:47:38 [(-315.0, -150.0)]
14:47:38 [(-280.0, -137.0)]
14:47:39 [(-249.0, -129.0)]
14:47:39 [(-211.0, -121.0)]
14:47:39 [(-150.0, -115.0)]
14:47:39 [(-164.0, -129.0)]
14:47:39 [(-167.0, -132.0)]
14:47:39 [(-167.0, -135.0)]
14:47:39 [(-164.0, -138.0)]
14:47:39 [(-161.0, -139.0)]
14:47:39 [(-160.0, -138.0)]
14:47:39 [(-157.0, -137.0)]
14:47:39 [(-153.0, -135.0)]
14:47:40 [(-150.0, -132.0)]
14:47:40 [(-154.0, -131.0)]
14:47:40 [(-162.0, -132.0)]
14:47:40 [(-171.0, -135.0)]
14:47:40 [(-184.0, -138.0)]
14:47:40 [(-228.0, -139.0)]
14:47:40 [(-280.0, -142.0)]
14:47:40 [(-359.0, -146.0)]
14:47:40 [(-379.0, -153.0)]
14:47:40 [(-376.0, -156.0)]
14:47:40 [(-373.0, -157.0)]
14:47:41 [(-370.0, -159.0)]
14:47:41 [(-385.0, -164.0)]
14:47:41 [(-402.0, -169.0)]
14:47:41 [(-409.0, -173.0)]
14:47:41 [(-412.0, -176.0)]
14:47:41 [(-418.0, -178.0)]
14:47:41 [(-416.0, -179.0)]
14:47:41 [(-420.0, -179.0)]
14:47:41 [(-417.0, -179.0)]
14:47:41 [(-414.0, -179.0)]
14:47:41 [(-407.0, -180.0)]
14:47:42 [(-403.0, -180.0)]
14:47:42 [(-396.0, -182.0)]
14:47:42 [(-387.0, -181.0)]
14:47:42 [(-380.0, -182.0)]
14:47:42 [(-375.0, -183.0)]
14:47:42 [(-366.0, -183.0)]
14:47:42 [(-358.0, -184.0)]
14:47:42 [(-346.0, -184.0)]
14:47:42 [(-337.0, -184.0)]
14:47:42 [(-327.0, -184.0)]
14:47:42 [(-312.0, -184.0)]
14:47:43 [(-280.0, -185.0)]
14:47:43 [(-268.0, -185.0)]
14:47:43 [(-264.0, -186.0)]
14:47:43 [(-263.0, -186.0)]
14:47:43 [(-260.0, -187.0)]
14:47:43 [(-251.0, -188.0)]
14:47:43 [(-237.0, -190.0)]
14:47:43 [(-226.0, -191.0)]
14:47:43 [(-227.0, -192.0)]
14:47:43 [(-226.0, -193.0)]
14:47:43 [(-225.0, -195.0)]
14:47:43 [(-224.0, -197.0)]
14:47:44 [(-224.0, -197.0)]
14:47:44 [(-225.0, -197.0)]
14:47:44 [(-225.0, -196.0)]
14:47:44 [(-226.0, -196.0)]
14:47:44 [(-229.0, -196.0)]
14:47:44 [(-231.0, -197.0)]
14:47:44 [(-231.0, -198.0)]
14:47:44 [(-227.0, -198.0)]
14:47:44 [(-225.0, -199.0)]
14:47:44 [(-225.0, -199.0)]
14:47:44 [(-224.0, -199.0)]
14:47:45 [(-223.0, -200.0)]
14:47:45 [(-224.0, -199.0)]
14:47:45 [(-223.0, -199.0)]
14:47:45 [(-219.0, -200.0)]
14:47:45 [(-217.0, -200.0)]
14:47:45 [(-215.0, -201.0)]
14:47:45 [(-217.0, -201.0)]
14:47:45 [(-217.0, -202.0)]
14:47:45 [(-217.0, -199.0)]
14:47:45 [(-214.0, -195.0)]
14:47:45 [(-212.0, -192.0)]
14:47:46 [(-215.0, -191.0)]
14:47:46 [(-218.0, -190.0)]
14:47:46 [(-218.0, -190.0)]
14:47:46 [(-211.0, -191.0)]
14:47:46 [(-203.0, -194.0)]
14:47:46 [(-195.0, -193.0)]
14:47:46 [(-190.0, -191.0)]
14:47:46 [(-181.0, -190.0)]
14:47:46 [(-178.0, -188.0)]
14:47:46 [(-174.0, -186.0)]
14:47:46 [(-172.0, -183.0)]
14:47:47 [(-168.0, -178.0)]
14:47:47 [(-164.0, -174.0)]
14:47:47 [(-161.0, -172.0)]
14:47:47 [(-162.0, -169.0)]
14:47:47 [(-165.0, -166.0)]
14:47:47 [(-169.0, -166.0)]
14:47:47 [(-170.0, -166.0)]
14:47:47 [(-166.0, -165.0)]
14:47:47 [(-162.0, -164.0)]
14:47:47 [(-156.0, -163.0)]
14:47:47 [(-148.0, -164.0)]
14:47:48 [(-138.0, -163.0)]
14:47:48 [(-103.0, -167.0)]
14:47:48 [(-65.0, -173.0)]
14:47:48 [(-18.0, -175.0)]
14:47:48 [(29.0, -175.0)]
14:47:48 [(57.0, -169.0)]
14:47:48 [(69.0, -166.0)]
14:47:48 [(80.0, -165.0)]
14:47:48 [(94.0, -164.0)]
14:47:48 [(125.0, -160.0)]
14:47:48 [(136.0, -157.0)]
14:47:48 [(147.0, -155.0)]
14:47:49 [(154.0, -154.0)]
14:47:49 [(157.0, -153.0)]
14:47:49 [(157.0, -150.0)]
14:47:49 [(154.0, -147.0)]
14:47:49 [(152.0, -144.0)]
14:47:49 [(147.0, -141.0)]
14:47:49 [(144.0, -140.0)]
14:47:49 [(147.0, -137.0)]
14:47:49 [(157.0, -137.0)]
14:47:49 [(166.0, -135.0)]
14:47:49 [(166.0, -129.0)]
14:47:50 [(165.0, -120.0)]
14:47:50 [(168.0, -109.0)]
14:47:50 [(167.0, -97.0)]
14:47:50 [(165.0, -83.0)]
14:47:50 [(158.0, -40.0)]
14:47:50 [(160.0, 2.0)]
14:47:50 [(178.0, 50.0)]
14:47:50 [(213.0, 91.0)]
14:47:50 [(273.0, 168.0)]
14:47:50 [(315.0, 264.0)]
14:47:50 [(325.0, 335.0)]
14:47:50 [(331.0, 400.0)]
14:47:51 [(350.0, 476.0)]
14:47:51 [(357.0, 548.0)]
14:47:51 [(362.0, 619.0)]
14:47:51 [(364.0, 686.0)]
14:47:51 [(391.0, 732.0)]
14:47:51 [(398.0, 760.0)]
14:47:51 [(378.0, 794.0)]
14:47:51 [(363.0, 809.0)]
14:47:51 [(360.0, 819.0)]
14:47:51 [(359.0, 824.0)]
14:47:51 [(356.0, 826.0)]
14:47:52 [(353.0, 832.0)]
14:47:52 [(339.0, 837.0)]
14:47:52 [(336.0, 836.0)]
14:47:52 [(332.0, 838.0)]
14:47:52 [(329.0, 841.0)]
14:47:52 [(326.0, 843.0)]
14:47:52 [(318.0, 847.0)]
14:47:52 [(309.0, 851.0)]
14:47:52 [(296.0, 854.0)]
14:47:52 [(280.0, 856.0)]
14:47:52 [(257.0, 858.0)]
14:47:53 [(198.0, 864.0)]
14:47:53 [(130.0, 862.0)]
14:47:53 [(52.0, 851.0)]
14:47:53 [(-106.0, 820.0)]
14:47:53 [(-254.0, 812.0)]
14:47:53 [(-391.0, 809.0)]
14:47:53 [(-540.0, 791.0)]
14:47:53 [(-683.0, 773.0)]
14:47:53 [(-808.0, 754.0)]
14:47:53 [(-922.0, 736.0)]
14:47:53 [(-997.0, 741.0)]
14:47:54 [(-1088.0, 738.0)]
14:47:54 [(-1136.0, 747.0)]
14:47:54 [(-1162.0, 764.0)]
14:47:54 [(-1191.0, 776.0)]
14:47:54 [(-1213.0, 768.0)]
14:47:54 [(-1249.0, 756.0)]
14:47:54 [(-1318.0, 743.0)]
14:47:54 [(-1356.0, 736.0)]
14:47:54 [(-1369.0, 742.0)]
14:47:54 [(-1375.0, 745.0)]
14:47:54 [(-1383.0, 744.0)]
14:47:55 [(-1383.0, 743.0)]
14:47:55 [(-1384.0, 743.0)]
14:47:55 [(-1389.0, 740.0)]
14:47:55 [(-1398.0, 735.0)]
14:47:55 [(-1421.0, 724.0)]
14:47:55 [(-1440.0, 702.0)]
14:47:55 [(-1450.0, 683.0)]
14:47:55 [(-1452.0, 663.0)]
14:47:55 [(-1457.0, 636.0)]
14:47:55 [(-1455.0, 607.0)]
14:47:55 [(-1447.0, 575.0)]
14:47:55 [(-1437.0, 535.0)]
14:47:56 [(-1411.0, 457.0)]
14:47:56 [(-1396.0, 376.0)]
14:47:56 [(-1365.0, 307.0)]
14:47:56 [(-1329.0, 239.0)]
14:47:56 [(-1298.0, 160.0)]
14:47:56 [(-1274.0, 81.0)]
14:47:56 [(-1239.0, -13.0)]
14:47:56 [(-1215.0, -93.0)]
14:47:56 [(-1216.0, -179.0)]
14:47:56 [(-1205.0, -249.0)]
14:47:56 [(-1203.0, -320.0)]
14:47:57 [(-1203.0, -393.0)]
14:47:57 [(-1199.0, -459.0)]
14:47:57 [(-1190.0, -512.0)]
14:47:57 [(-1177.0, -564.0)]
14:47:57 [(-1162.0, -615.0)]
14:47:57 [(-1150.0, -662.0)]
14:47:57 [(-1146.0, -719.0)]
14:47:57 [(-1142.0, -779.0)]
14:47:57 [(-1146.0, -830.0)]
14:47:57 [(-1161.0, -894.0)]
14:47:57 [(-1167.0, -960.0)]
14:47:58 [(-1172.0, -1008.0)]
14:47:58 [(-1196.0, -1061.0)]
14:47:58 [(-1204.0, -1105.0)]
14:47:58 [(-1190.0, -1140.0)]
14:47:58 [(-1157.0, -1178.0)]
14:47:58 [(-1121.0, -1200.0)]
14:47:58 [(-1096.0, -1209.0)]
14:47:58 [(-1095.0, -1226.0)]
14:47:58 [(-1098.0, -1229.0)]
14:47:58 [(-1098.0, -1226.0)]
14:47:58 [(-1098.0, -1221.0)]
14:47:59 [(-1084.0, -1223.0)]
14:47:59 [(-1062.0, -1225.0)]
14:47:59 [(-1044.0, -1218.0)]
14:47:59 [(-1019.0, -1213.0)]
14:47:59 [(-990.0, -1215.0)]
14:47:59 [(-929.0, -1226.0)]
14:47:59 [(-877.0, -1236.0)]
14:47:59 [(-838.0, -1248.0)]
14:47:59 [(-811.0, -1271.0)]
14:47:59 [(-777.0, -1286.0)]
14:47:59 [(-724.0, -1285.0)]
14:47:59 [(-650.0, -1277.0)]
14:48:00 [(-550.0, -1263.0)]
14:48:00 [(-418.0, -1248.0)]
14:48:00 [(-298.0, -1234.0)]
14:48:00 [(-201.0, -1221.0)]
14:48:00 [(-88.0, -1202.0)]
14:48:00 [(0.0, -1190.0)]
14:48:00 [(111.0, -1183.0)]
14:48:00 [(196.0, -1168.0)]
14:48:00 [(268.0, -1150.0)]
14:48:00 [(319.0, -1143.0)]
14:48:00 [(376.0, -1145.0)]
14:48:01 [(454.0, -1149.0)]
14:48:01 [(559.0, -1157.0)]
14:48:01 [(681.0, -1173.0)]
14:48:01 [(810.0, -1185.0)]
14:48:01 [(940.0, -1189.0)]
14:48:01 [(1056.0, -1190.0)]
14:48:01 [(1147.0, -1202.0)]
14:48:01 [(1216.0, -1212.0)]
14:48:01 [(1266.0, -1205.0)]
14:48:01 [(1319.0, -1204.0)]
14:48:01 [(1364.0, -1188.0)]
14:48:02 [(1420.0, -1182.0)]
14:48:02 [(1484.0, -1189.0)]
14:48:02 [(1552.0, -1211.0)]
14:48:02 [(1594.0, -1226.0)]
14:48:02 [(1610.0, -1229.0)]
14:48:02 [(1599.0, -1212.0)]
14:48:02 [(1591.0, -1200.0)]
14:48:02 [(1579.0, -1183.0)]
14:48:02 [(1582.0, -1181.0)]
14:48:02 [(1594.0, -1166.0)]
14:48:02 [(1611.0, -1146.0)]
14:48:03 [(1628.0, -1116.0)]
14:48:03 [(1642.0, -1038.0)]
14:48:03 [(1636.0, -952.0)]
14:48:03 [(1636.0, -871.0)]
14:48:03 [(1634.0, -785.0)]
14:48:03 [(1610.0, -692.0)]
14:48:03 [(1571.0, -600.0)]
14:48:03 [(1545.0, -509.0)]
14:48:03 [(1497.0, -398.0)]
14:48:03 [(1474.0, -300.0)]
14:48:03 [(1423.0, -189.0)]
14:48:03 [(1360.0, -82.0)]
14:48:04 [(1311.0, 16.0)]
14:48:04 [(1265.0, 114.0)]
14:48:04 [(1235.0, 218.0)]
14:48:04 [(1246.0, 333.0)]
14:48:04 [(1233.0, 438.0)]
14:48:04 [(1236.0, 524.0)]
14:48:04 [(1244.0, 607.0)]
14:48:04 [(1227.0, 690.0)]
14:48:04 [(1210.0, 773.0)]
14:48:04 [(1167.0, 860.0)]
14:48:04 [(1132.0, 951.0)]
14:48:05 [(1096.0, 1046.0)]
14:48:05 [(1086.0, 1130.0)]
14:48:05 [(1081.0, 1203.0)]
14:48:05 [(1085.0, 1262.0)]
14:48:05 [(1082.0, 1325.0)]
14:48:05 [(1092.0, 1384.0)]
14:48:05 [(1099.0, 1424.0)]
14:48:05 [(1124.0, 1465.0)]
14:48:05 [(1154.0, 1503.0)]
14:48:05 [(1208.0, 1540.0)]
14:48:05 [(1231.0, 1599.0)]
14:48:06 [(1255.0, 1659.0)]
14:48:06 [(1239.0, 1691.0)]
14:48:06 [(1218.0, 1718.0)]
14:48:06 [(1194.0, 1741.0)]
14:48:06 [(1199.0, 1755.0)]
14:48:06 [(1207.0, 1765.0)]
14:48:06 [(1218.0, 1774.0)]
14:48:06 [(1234.0, 1784.0)]
14:48:06 [(1307.0, 1819.0)]
14:48:06 [(1460.0, 1896.0)]
14:48:06 [(1588.0, 1964.0)]
14:48:07 [(1706.0, 2029.0)]
14:48:07 [(1602.0, 2014.0)]
14:48:07 [(1524.0, 1991.0)]
14:48:07 [(1386.0, 1937.0)]
14:48:07 [(1256.0, 1874.0)]
14:48:07 [(1113.0, 1826.0)]
14:48:07 [(976.0, 1781.0)]
14:48:07 [(849.0, 1738.0)]
14:48:07 [(735.0, 1701.0)]
14:48:07 [(666.0, 1700.0)]
14:48:07 [(585.0, 1713.0)]
14:48:07 [(511.0, 1733.0)]
14:48:08 [(422.0, 1746.0)]
14:48:08 [(336.0, 1759.0)]
14:48:08 [(269.0, 1768.0)]
14:48:08 [(209.0, 1776.0)]
14:48:08 [(157.0, 1783.0)]
14:48:08 [(112.0, 1789.0)]
14:48:08 [(74.0, 1794.0)]
14:48:08 [(57.0, 1796.0)]
14:48:08 [(41.0, 1798.0)]
14:48:08 [(28.0, 1800.0)]
14:48:08 [(15.0, 1801.0), (-1561.0, 3656.0)]
14:48:09 [(4.0, 1803.0), (-1580.0, 3647.0)]
14:48:09 [(-5.0, 1804.0), (-1598.0, 3638.0)]
14:48:09 [(-14.0, 1805.0), (-1621.0, 3629.0)]
14:48:09 [(-23.0, 1806.0), (-1686.0, 3606.0)]
14:48:09 [(-30.0, 1807.0), (-1763.0, 3580.0)]
14:48:09 [(-33.0, 1808.0), (-1920.0, 3531.0)]
14:48:09 [(-35.0, 1808.0), (-2039.0, 3506.0)]
14:48:09 [(-2152.0, 3492.0)]
14:48:09 [(-2254.0, 3486.0)]
14:48:09 [(-2345.0, 3484.0)]
14:48:09 [(-2425.0, 3484.0)]
14:48:10 [(-2493.0, 3486.0)]
14:48:10 [(-2551.0, 3488.0)]
14:48:10 [(-2600.0, 3491.0)]
14:48:10 [(-2622.0, 3493.0)]
14:48:10 [(-2642.0, 3494.0)]
14:48:10 [(-2659.0, 3495.0)]
14:48:10 [(-2265.0, 1386.0), (-2675.0, 3496.0)]
14:48:10 [(-2263.0, 1429.0), (-2690.0, 3497.0)]
14:48:10 [(-2275.0, 1482.0), (-2703.0, 3498.0)]
14:48:10 [(-2279.0, 1535.0), (-2715.0, 3499.0)]
14:48:10 [(-2296.0, 1567.0), (-2725.0, 3500.0)]
14:48:11 [(-2315.0, 1552.0), (-2735.0, 3500.0)]
14:48:11 [(-2339.0, 1527.0), (-2735.0, 3500.0)]
14:48:11 [(-2352.0, 1519.0), (-2735.0, 3500.0)]
14:48:11 [(-2367.0, 1527.0), (-2735.0, 3500.0)]
14:48:11 [(-2372.0, 1531.0), (-2735.0, 3500.0)]
14:48:11 [(-2385.0, 1532.0), (-2735.0, 3500.0)]
14:48:11 [(-2387.0, 1535.0), (-2735.0, 3500.0)]
14:48:11 [(-2380.0, 1526.0), (-2735.0, 3500.0)]
14:48:11 [(-2365.0, 1511.0), (-2735.0, 3500.0)]
14:48:11 [(-2348.0, 1492.0), (-2735.0, 3500.0)]
14:48:12 [(-2331.0, 1458.0), (-2735.0, 3500.0)]
14:48:12 [(-2323.0, 1416.0), (-2735.0, 3500.0)]
14:48:12 [(-2325.0, 1364.0), (-2735.0, 3500.0)]
14:48:12 [(-2310.0, 1259.0), (-2735.0, 3500.0)]
14:48:12 [(-2290.0, 1164.0), (-2735.0, 3500.0)]
14:48:12 [(-2268.0, 1068.0), (-2735.0, 3500.0)]
14:48:12 [(-2240.0, 968.0), (-2735.0, 3500.0)]
14:48:12 [(-2216.0, 884.0), (-2735.0, 3500.0)]
14:48:12 [(-2201.0, 792.0), (-2735.0, 3500.0)]
14:48:12 [(-2178.0, 712.0), (-2735.0, 3500.0)]
14:48:12 [(-2165.0, 629.0), (-2735.0, 3500.0)]
14:48:12 [(-2144.0, 539.0), (-2735.0, 3500.0)]
14:48:13 [(-2105.0, 460.0), (-2735.0, 3500.0)]
14:48:13 [(-2090.0, 383.0), (-2735.0, 3500.0)]
14:48:13 [(-2061.0, 308.0), (-2735.0, 3500.0)]
14:48:13 [(-2044.0, 232.0), (-2735.0, 3500.0)]
14:48:13 [(-2015.0, 175.0), (-2735.0, 3500.0)]
14:48:13 [(-1980.0, 109.0), (-2735.0, 3500.0)]
14:48:13 [(-1959.0, 44.0), (-2735.0, 3500.0)]
14:48:13 [(-1953.0, -36.0), (-2735.0, 3500.0)]
14:48:13 [(-1940.0, -129.0), (-2735.0, 3500.0)]
14:48:13 [(-1937.0, -219.0), (-2735.0, 3500.0)]
14:48:13 [(-1923.0, -304.0), (-2735.0, 3500.0)]
14:48:13 [(-1925.0, -389.0), (-2735.0, 3500.0)]
14:48:14 [(-1915.0, -458.0), (-2735.0, 3500.0)]
14:48:14 [(-1916.0, -541.0), (-2735.0, 3500.0)]
14:48:14 [(-1931.0, -631.0), (-2735.0, 3500.0)]
14:48:14 [(-1939.0, -716.0), (-2735.0, 3500.0)]
14:48:14 [(-1966.0, -809.0), (-2735.0, 3500.0)]
14:48:14 [(-1978.0, -909.0), (-2735.0, 3500.0)]
14:48:14 [(-1970.0, -983.0), (-2735.0, 3500.0)]
14:48:14 [(-1963.0, -1072.0), (-2735.0, 3500.0)]
14:48:14 [(-1948.0, -1156.0), (-2735.0, 3500.0)]
14:48:14 [(-1935.0, -1249.0), (-2735.0, 3500.0)]
14:48:14 [(-1917.0, -1323.0), (-2735.0, 3500.0)]
14:48:15 [(-1909.0, -1396.0), (-2735.0, 3500.0)]
14:48:15 [(-1886.0, -1451.0), (-2735.0, 3500.0)]
14:48:15 [(-1860.0, -1499.0), (-2735.0, 3500.0)]
14:48:15 [(-1815.0, -1499.0), (-2735.0, 3500.0)]
14:48:15 [(-1796.0, -1505.0), (-2735.0, 3500.0)]
14:48:15 [(-1810.0, -1529.0), (-2735.0, 3500.0)]
14:48:15 [(-1808.0, -1542.0), (-2735.0, 3500.0)]
14:48:15 [(-1806.0, -1557.0), (-2735.0, 3500.0)]
14:48:15 [(-1805.0, -1570.0), (-2735.0, 3500.0)]
14:48:15 [(-1803.0, -1582.0), (-2735.0, 3500.0)]
14:48:15 [(-1802.0, -1593.0), (-2735.0, 3500.0)]
14:48:15 [(-1801.0, -1603.0), (-2735.0, 3500.0)]
14:48:16 [(-1800.0, -1611.0), (-2735.0, 3500.0)]
14:48:16 [(-1799.0, -1619.0), (-2735.0, 3500.0)]
14:48:16 [(-1798.0, -1626.0), (-2735.0, 3500.0)]
14:48:16 [(-1797.0, -1629.0), (-2747.0, 3502.0)]
14:48:16 [(-1797.0, -1631.0), (-2759.0, 3504.0)]
14:48:16 [(-1792.0, -1638.0), (-2770.0, 3506.0)]
14:48:16 [(-1775.0, -1664.0), (-2788.0, 3504.0)]
14:48:16 [(-1770.0, -1672.0), (-2845.0, 3492.0)]
14:48:16 [(-1755.0, -1685.0), (-2863.0, 3488.0)]
14:48:16 [(-1701.0, -1716.0), (-2880.0, 3484.0)]
14:48:17 [(-1639.0, -1756.0), (-2897.0, 3480.0)]
14:48:17 [(-1525.0, -1831.0), (-2914.0, 3477.0)]
14:48:17 [(-1415.0, -1901.0), (-2930.0, 3474.0)]
14:48:17 [(-1325.0, -1950.0), (-2940.0, 3470.0)]
14:48:17 [(-1233.0, -1986.0), (-2949.0, 3466.0)]
14:48:17 [(-1147.0, -2014.0), (-2953.0, 3463.0)]
14:48:17 [(-1075.0, -2038.0), (-2945.0, 3461.0)]
14:48:17 [(-995.0, -2052.0), (-2934.0, 3458.0)]
14:48:17 [(-911.0, -2062.0), (-2922.0, 3456.0)]
14:48:17 [(-822.0, -2069.0), (-2912.0, 3454.0)]
14:48:17 [(-730.0, -2087.0), (-2901.0, 3452.0)]
14:48:17 [(-645.0, -2105.0), (-2891.0, 3451.0)]
14:48:18 [(-565.0, -2117.0), (-2882.0, 3449.0)]
14:48:18 [(-486.0, -2123.0), (-2872.0, 3447.0)]
14:48:18 [(-392.0, -2123.0), (-2863.0, 3445.0)]
14:48:18 [(-293.0, -2118.0), (-2855.0, 3444.0)]
14:48:18 [(-197.0, -2109.0), (-2846.0, 3442.0)]
14:48:18 [(-109.0, -2095.0), (-2838.0, 3441.0)]
14:48:18 [(-29.0, -2079.0), (-2830.0, 3439.0)]
14:48:18 [(52.0, -2066.0), (-2823.0, 3438.0)]
14:48:18 [(141.0, -2064.0), (-2816.0, 3437.0)]
14:48:18 [(241.0, -2072.0), (-2809.0, 3435.0)]
14:48:18 [(338.0, -2079.0)]
14:48:19 [(430.0, -2078.0)]
14:48:19 [(510.0, -2070.0)]
14:48:19 [(578.0, -2054.0)]
14:48:19 [(655.0, -2053.0)]
14:48:19 [(715.0, -2052.0)]
14:48:19 [(782.0, -2054.0)]
14:48:19 [(846.0, -2049.0)]
14:48:19 [(913.0, -2053.0)]
14:48:19 [(1002.0, -2067.0)]
14:48:19 [(1097.0, -2085.0)]
14:48:19 [(1190.0, -2083.0)]
14:48:20 [(1282.0, -2077.0)]
14:48:20 [(1338.0, -2047.0)]
14:48:20 [(1383.0, -2012.0)]
14:48:20 [(1419.0, -1975.0)]
14:48:20 [(1452.0, -1909.0)]
14:48:20 [(1500.0, -1854.0)]
14:48:20 [(1572.0, -1783.0)]
14:48:20 [(1630.0, -1705.0)]
14:48:20 [(1687.0, -1623.0)]
14:48:20 [(1752.0, -1573.0)]
14:48:20 [(1833.0, -1608.0)]
14:48:20 [(1908.0, -1661.0)]
14:48:21 [(1984.0, -1729.0)]
14:48:21 [(2056.0, -1802.0)]
14:48:23 [(2504.0, -788.0)]
14:48:23 [(2509.0, -788.0)]
14:48:23 [(2514.0, -783.0)]
14:48:23 [(2523.0, -775.0)]
14:48:23 [(2530.0, -764.0)]
14:48:23 [(2550.0, -738.0)]
14:48:23 [(2578.0, -707.0)]
14:48:23 [(2600.0, -662.0)]
14:48:24 [(2651.0, -560.0)]
14:48:24 [(2677.0, -465.0)]
14:48:24 [(2718.0, -388.0)]
14:48:24 [(2778.0, -304.0)]
14:48:24 [(2855.0, -222.0)]
14:48:24 [(2922.0, -138.0)]
14:48:24 [(2910.0, -67.0)]
14:48:24 [(2871.0, 14.0)]
14:48:24 [(2837.0, 105.0)]
14:48:24 [(2842.0, 188.0)]
14:48:24 [(2886.0, 259.0)]
14:48:24 [(2962.0, 308.0)]
14:48:25 [(3037.0, 374.0)]
14:48:25 [(3087.0, 454.0)]
14:48:25 [(3056.0, 547.0)]
14:48:25 [(3003.0, 676.0)]
14:48:25 [(2912.0, 791.0)]
14:48:25 [(2841.0, 905.0)]
14:48:25 [(2783.0, 1015.0)]
14:48:25 [(2709.0, 1132.0)]
14:48:25 [(2650.0, 1229.0)]
14:48:25 [(2571.0, 1318.0)]
14:48:25 [(2477.0, 1408.0)]
14:48:26 [(2389.0, 1493.0)]
14:48:26 [(2335.0, 1571.0)]
14:48:26 [(2247.0, 1639.0)]
14:48:26 [(2193.0, 1695.0)]
14:48:26 [(2188.0, 1741.0)]
14:48:26 [(2158.0, 1799.0)]
14:48:26 [(2160.0, 1848.0)]
14:48:26 [(2199.0, 1891.0)]
14:48:26 [(2292.0, 1903.0)]
14:48:26 [(2380.0, 1910.0)]
14:48:27 [(2340.0, 1956.0)]
14:48:27 [(2295.0, 1998.0)]
14:48:27 [(2208.0, 2051.0)]
14:48:27 [(2137.0, 2095.0)]
14:48:27 [(2051.0, 2118.0)]
14:48:27 [(1977.0, 2133.0)]
14:48:27 [(1895.0, 2139.0)]
14:48:27 [(1841.0, 2135.0)]
14:48:27 [(1766.0, 2139.0)]
14:48:27 [(1660.0, 2139.0)]
14:48:27 [(1547.0, 2138.0)]
14:48:27 [(1470.0, 2134.0)]
14:48:28 [(1402.0, 2129.0)]
14:48:28 [(1435.0, 2106.0)]
14:48:28 [(1446.0, 2086.0)]
14:48:28 [(1437.0, 2075.0)]
14:48:28 [(1409.0, 2065.0)]
14:48:28 [(1378.0, 2037.0)]
14:48:28 [(1315.0, 1979.0)]
14:48:28 [(1251.0, 1924.0)]
14:48:28 [(1170.0, 1885.0)]
14:48:28 [(1099.0, 1828.0)]
14:48:28 [(1054.0, 1769.0)]
14:48:29 [(1016.0, 1708.0)]
14:48:29 [(961.0, 1649.0)]
14:48:29 [(871.0, 1594.0)]
14:48:29 [(776.0, 1541.0)]
Disconnected from MQTT broker, return code 0

Script done on 2024-04-29 14:48:48+08:00 [COMMAND_EXIT_CODE="0"]
