Script started on 2024-04-23 13:45:35+08:00 [TERM="xterm-256color" TTY="/dev/pts/4" COLUMNS="93" LINES="23"]
App start.
Config updated: {'brokeraddr': '10.42.0.1', 'brokerport': '1883', 'plot_xlims': '(-3500,3500)', 'plot_ylims': '(-3500,3500)', 'clusterrad': '500.0', 'clustersz': '1', 'radar1_en': 'True', 'radar2_en': 'False', 'radar3_en': 'False', 'radar4_en': 'False', 'radar1_x': '-1000.0', 'radar1_y': '-3000.0', 'radar1_a': '0.0', 'radar2_x': '-3000.0', 'radar2_y': '1000.0', 'radar2_a': '-90.0', 'radar3_x': '1000.0', 'radar3_y': '3000.0', 'radar3_a': '180.0', 'radar4_x': '3000.0', 'radar4_y': '-1000.0', 'radar4_a': '90.0', 'default': '<Section: DEFAULT>'}
Connected to MQTT broker.
13:46:24 [(-1003.0, -2057.0), (-4219.0, 2764.0)]
13:46:24 [(-1004.0, -2052.0), (-4219.0, 2764.0)]
13:46:24 [(-1009.0, -2042.0), (-4219.0, 2764.0)]
13:46:25 [(-1007.0, -2036.0), (-4219.0, 2764.0)]
13:46:25 [(-1004.0, -2044.0), (-4219.0, 2764.0)]
13:46:25 [(-1006.0, -2054.0), (-4219.0, 2764.0)]
13:46:25 [(-1012.0, -2066.0), (-4219.0, 2764.0)]
13:46:26 [(-1014.0, -2067.0), (-4140.0, 2836.0)]
13:46:26 [(-1005.0, -2067.0), (-4054.0, 2920.0)]
13:46:26 [(-999.0, -2074.0), (-4050.0, 2925.0)]
13:46:26 [(-989.0, -2078.0), (-4042.0, 2931.0)]
13:46:26 [(-986.0, -2077.0), (-4020.0, 2947.0)]
13:46:27 [(-987.0, -2073.0), (-3991.0, 2970.0)]
13:46:27 [(-980.0, -2074.0), (-3974.0, 2987.0)]
13:46:27 [(-974.0, -2074.0), (-3958.0, 3018.0)]
13:46:27 [(-969.0, -2073.0), (-3956.0, 3031.0)]
13:46:28 [(-969.0, -2070.0), (-3954.0, 3044.0)]
13:46:28 [(-967.0, -2072.0), (-3959.0, 3040.0)]
13:46:28 [(-966.0, -2075.0), (-3980.0, 3015.0)]
13:46:28 [(-966.0, -2079.0), (-4040.0, 2947.0)]
13:46:29 [(-966.0, -2084.0), (-4078.0, 2911.0)]
13:46:29 [(-971.0, -2085.0), (-4095.0, 2892.0)]
13:46:29 [(-979.0, -2084.0), (-4123.0, 2852.0)]
13:46:29 [(-981.0, -2076.0), (-4147.0, 2822.0)]
13:46:29 [(-973.0, -2067.0), (-4162.0, 2802.0)]
13:46:30 [(-965.0, -2053.0), (-4184.0, 2775.0)]
13:46:30 [(-960.0, -2018.0), (-4204.0, 2747.0)]
13:46:30 [(-938.0, -1849.0), (-4226.0, 2715.0)]
13:46:30 [(-945.0, -1699.0), (-4236.0, 2701.0)]
13:46:31 [(-928.0, -1420.0), (-4247.0, 2691.0)]
13:46:31 [(-953.0, -1253.0), (-4250.0, 2703.0)]
13:46:31 [(-946.0, -1085.0), (-4257.0, 2732.0)]
13:46:31 [(-915.0, -915.0), (-4263.0, 2773.0)]
13:46:31 [(-910.0, -759.0), (-4264.0, 2816.0)]
13:46:32 [(-864.0, -471.0), (-4255.0, 2897.0)]
13:46:32 [(-874.0, -316.0), (-4256.0, 2931.0)]
13:46:32 [(-896.0, -137.0), (-4268.0, 2962.0)]
13:46:32 [(-890.0, 84.0), (-4287.0, 3020.0)]
13:46:33 [(-894.0, 166.0), (-4293.0, 3038.0)]
13:46:33 [(-907.0, 477.0), (-4319.0, 3096.0)]
13:46:33 [(-953.0, 600.0), (-4329.0, 3131.0)]
13:46:33 [(-910.0, 757.0), (-4331.0, 3155.0)]
13:46:33 [(-993.0, 997.0), (-4311.0, 3193.0)]
13:46:34 [(-995.0, 1193.0), (-4302.0, 3232.0)]
13:46:34 [(-1004.0, 1299.0), (-4298.0, 3256.0)]
13:46:34 [(-1047.0, 1509.0), (-4292.0, 3289.0)]
13:46:34 [(-1006.0, 1708.0), (-4281.0, 3319.0)]
13:46:35 [(-1008.0, 1892.0), (-4252.0, 3347.0)]
13:46:35 [(-1104.0, 2010.0), (-4234.0, 3363.0)]
13:46:35 [(-1362.0, 2226.0), (-4203.0, 3393.0)]
13:46:35 [(-1308.0, 2298.0), (-4189.0, 3406.0)]
13:46:36 [(-1192.0, 2399.0), (-4177.0, 3416.0)]
13:46:36 [(-1117.0, 2503.0), (-4190.0, 3427.0)]
13:46:36 [(-1052.0, 2578.0), (-4204.0, 3430.0)]
13:46:36 [(-1063.0, 2622.0), (-4214.0, 3450.0)]
13:46:36 [(-1110.0, 2642.0), (-4229.0, 3472.0)]
13:46:37 [(-1148.0, 2639.0), (-4242.0, 3492.0)]
13:46:37 [(-1227.0, 2614.0), (-4267.0, 3529.0)]
13:46:37 [(-1237.0, 2596.0), (-4278.0, 3545.0)]
13:46:37 [(-1227.0, 2586.0), (-4289.0, 3560.0)]
13:46:38 [(-1210.0, 2560.0), (-4280.0, 3581.0)]
13:46:38 [(-1229.0, 2430.0), (-4252.0, 3600.0)]
13:46:38 [(-1227.0, 2254.0), (-4234.0, 3612.0)]
13:46:38 [(-1169.0, 2089.0), (-4217.0, 3623.0)]
13:46:39 [(-1157.0, 1852.0), (-4194.0, 3639.0)]
13:46:39 [(-1048.0, 1557.0), (-4167.0, 3657.0)]
13:46:39 [(-988.0, 1412.0), (-4155.0, 3665.0)]
13:46:39 [(-857.0, 1225.0), (-4170.0, 3670.0)]
13:46:39 [(-648.0, 1042.0), (-4200.0, 3667.0)]
13:46:40 [(-740.0, 831.0), (-4229.0, 3664.0)]
13:46:40 [(-868.0, 533.0), (-4267.0, 3660.0)]
13:46:40 [(-904.0, 364.0), (-4291.0, 3658.0)]
13:46:40 [(-957.0, 105.0), (-4324.0, 3655.0)]
13:46:41 [(-967.0, -63.0), (-4344.0, 3652.0)]
13:46:41 [(-993.0, -227.0)]
13:46:41 [(-977.0, -485.0)]
13:46:41 [(-920.0, -651.0)]
13:46:41 [(-890.0, -916.0)]
13:46:42 [(-905.0, -1067.0)]
13:46:42 [(-958.0, -1289.0)]
13:46:42 [(-993.0, -1432.0)]
13:46:42 [(-973.0, -1623.0)]
13:46:43 [(-946.0, -1877.0)]
13:46:43 [(-942.0, -2012.0)]
13:46:43 [(-976.0, -2235.0)]
13:46:43 [(-994.0, -2306.0)]
13:46:43 [(-993.0, -2352.0)]
13:46:44 [(-981.0, -2335.0)]
13:46:44 [(-976.0, -2322.0)]
13:46:44 [(-970.0, -2300.0)]
13:46:44 [(-967.0, -2254.0)]
13:46:45 [(-967.0, -2172.0)]
13:46:45 [(-972.0, -1926.0)]
13:46:45 [(-970.0, -1711.0)]
13:46:45 [(-930.0, -1414.0)]
13:46:45 [(-893.0, -1243.0)]
13:46:46 [(-920.0, -1006.0)]
13:46:46 [(-925.0, -857.0)]
13:46:46 [(-953.0, -776.0)]
13:46:46 [(-973.0, -777.0)]
13:46:47 [(-976.0, -743.0)]
13:46:47 [(-989.0, -694.0)]
13:46:47 [(-1007.0, -662.0)]
13:46:47 [(-1025.0, -607.0)]
13:46:47 [(-1081.0, -509.0)]
13:46:48 [(-1167.0, -329.0)]
13:46:48 [(-1183.0, -266.0)]
13:46:48 [(-1177.0, -232.0)]
13:46:48 [(-1156.0, -210.0)]
13:46:49 [(-1145.0, -180.0)]
13:46:49 [(-1125.0, -172.0)]
13:46:49 [(-1126.0, -173.0)]
13:46:49 [(-1126.0, -173.0)]
13:46:49 [(-1123.0, -173.0)]
13:46:50 [(-1125.0, -163.0)]
13:46:50 [(-1122.0, -159.0)]
13:46:50 [(-1110.0, -161.0)]
13:46:50 [(-1104.0, -161.0)]
13:46:51 [(-1103.0, -162.0)]
13:46:51 [(-1097.0, -167.0)]
13:46:51 [(-1089.0, -176.0)]
13:46:51 [(-1078.0, -171.0)]
13:46:52 [(-1069.0, -170.0)]
13:46:52 [(-1062.0, -167.0)]
13:46:52 [(-1056.0, -166.0)]
13:46:52 [(-1053.0, -165.0)]
13:46:52 [(-1060.0, -161.0)]
13:46:53 [(-1067.0, -157.0)]
13:46:53 [(-1072.0, -155.0)]
13:46:53 [(-1076.0, -153.0)]
13:46:53 [(-1059.0, -156.0)]
13:46:54 [(-1047.0, -158.0)]
Disconnected from MQTT broker, return code 0
Config updated: {'brokeraddr': '10.42.0.1', 'brokerport': '1883', 'plot_xlims': '(-3500,3500)', 'plot_ylims': '(-3500,3500)', 'clusterrad': '500.0', 'clustersz': '1', 'radar1_en': 'False', 'radar2_en': 'True', 'radar3_en': 'False', 'radar4_en': 'False', 'radar1_x': '-1000.0', 'radar1_y': '-3000.0', 'radar1_a': '0.0', 'radar2_x': '-3000.0', 'radar2_y': '1000.0', 'radar2_a': '-90.0', 'radar3_x': '1000.0', 'radar3_y': '3000.0', 'radar3_a': '180.0', 'radar4_x': '3000.0', 'radar4_y': '-1000.0', 'radar4_a': '90.0', 'default': '<Section: DEFAULT>'}
Connected to MQTT broker.
13:47:52 [(-64.0, 1101.0)]
13:47:52 [(-65.0, 1095.0)]
13:47:52 [(-66.0, 1093.0)]
13:47:52 [(-67.0, 1092.0)]
13:47:52 [(-67.0, 1088.0)]
13:47:53 [(-63.0, 1083.0)]
13:47:53 [(-54.0, 1067.0)]
13:47:53 [(-54.0, 1056.0)]
13:47:53 [(-53.0, 1065.0)]
13:47:54 [(-54.0, 1071.0)]
13:47:54 [(-55.0, 1074.0)]
13:47:54 [(-45.0, 1069.0)]
13:47:54 [(-45.0, 1063.0)]
13:47:54 [(-49.0, 1054.0)]
13:47:55 [(-51.0, 1052.0)]
13:47:55 [(-48.0, 1045.0)]
13:47:55 [(-35.0, 1037.0)]
13:47:55 [(-44.0, 1026.0)]
13:47:55 [(-51.0, 1010.0)]
13:47:56 [(-54.0, 1001.0)]
13:47:56 [(-52.0, 991.0)]
13:47:56 [(-48.0, 978.0)]
13:47:56 [(-49.0, 969.0)]
13:47:57 [(-56.0, 952.0)]
13:47:57 [(-55.0, 939.0)]
13:47:57 [(-53.0, 940.0)]
13:47:57 [(-45.0, 950.0)]
13:47:58 [(-47.0, 952.0)]
13:47:58 [(-47.0, 954.0)]
13:47:58 [(-50.0, 957.0)]
13:47:58 [(-48.0, 962.0)]
13:47:59 [(-53.0, 964.0)]
13:47:59 [(-59.0, 969.0)]
13:47:59 [(-60.0, 970.0)]
13:47:59 [(-54.0, 973.0)]
13:47:59 [(-51.0, 977.0)]
13:48:00 [(-48.0, 982.0)]
13:48:00 [(-34.0, 983.0)]
13:48:00 [(-4.0, 976.0)]
13:48:00 [(106.0, 973.0)]
13:48:01 [(254.0, 993.0)]
13:48:01 [(535.0, 1022.0)]
13:48:01 [(674.0, 994.0)]
13:48:01 [(828.0, 979.0)]
13:48:01 [(1110.0, 919.0)]
13:48:02 [(1260.0, 950.0)]
13:48:02 [(1512.0, 1003.0)]
13:48:02 [(1675.0, 1038.0)]
13:48:02 [(1835.0, 1069.0)]
13:48:03 [(1960.0, 1111.0)]
13:48:03 [(2111.0, 1209.0)]
13:48:03 [(2220.0, 1159.0)]
13:48:03 [(2302.0, 996.0)]
13:48:04 [(2304.0, 969.0)]
13:48:04 [(2336.0, 944.0)]
13:48:04 [(2384.0, 966.0)]
13:48:04 [(2389.0, 1039.0)]
13:48:04 [(2367.0, 1077.0)]
13:48:05 [(2361.0, 1076.0)]
13:48:05 [(2330.0, 1060.0)]
13:48:05 [(2316.0, 1062.0)]
13:48:05 [(2300.0, 1071.0)]
13:48:06 [(2266.0, 1068.0)]
13:48:06 [(2133.0, 1060.0)]
13:48:06 [(1954.0, 1093.0)]
13:48:06 [(1632.0, 1080.0)]
13:48:06 [(1459.0, 1096.0)]
13:48:07 [(1236.0, 1119.0)]
13:48:07 [(1126.0, 1115.0)]
13:48:07 [(836.0, 1097.0)]
13:48:07 [(638.0, 1067.0)]
13:48:08 [(367.0, 1038.0)]
13:48:08 [(119.0, 1033.0)]
13:48:08 [(-57.0, 1016.0)]
13:48:08 [(-295.0, 1017.0)]
13:48:09 [(-521.0, 1002.0)]
13:48:09 [(-679.0, 975.0)]
13:48:09 [(-906.0, 950.0)]
13:48:09 [(-1055.0, 951.0)]
13:48:09 [(-1219.0, 967.0)]
13:48:10 [(-1427.0, 997.0)]
13:48:10 [(-1558.0, 992.0)]
13:48:10 [(-1755.0, 994.0)]
13:48:10 [(-1870.0, 972.0)]
13:48:11 [(-2007.0, 976.0)]
13:48:11 [(-2107.0, 995.0)]
13:48:11 [(-2220.0, 1046.0)]
13:48:11 [(-2263.0, 1052.0)]
13:48:11 [(-2276.0, 1059.0)]
13:48:12 [(-2281.0, 1069.0)]
13:48:12 [(-2273.0, 1068.0)]
13:48:12 [(-2239.0, 1041.0)]
13:48:12 [(-2214.0, 1033.0)]
13:48:13 [(-2101.0, 1036.0)]
13:48:13 [(-1989.0, 1024.0)]
13:48:13 [(-1699.0, 1020.0)]
13:48:13 [(-1478.0, 1016.0)]
13:48:14 [(-1206.0, 989.0)]
13:48:14 [(-1067.0, 977.0)]
13:48:14 [(-859.0, 999.0)]
13:48:14 [(-726.0, 1037.0)]
13:48:14 [(-628.0, 1084.0)]
13:48:15 [(-476.0, 1127.0)]
13:48:15 [(-373.0, 1114.0)]
13:48:15 [(-250.0, 1070.0)]
13:48:15 [(-196.0, 996.0)]
13:48:16 [(-150.0, 965.0)]
13:48:16 [(-157.0, 982.0)]
13:48:16 [(-154.0, 988.0)]
13:48:16 [(-135.0, 971.0)]
13:48:16 [(-127.0, 971.0)]
13:48:17 [(-122.0, 976.0)]
13:48:17 [(-127.0, 962.0)]
13:48:17 [(-125.0, 965.0)]
13:48:17 [(-118.0, 989.0)]
13:48:18 [(-116.0, 992.0)]
13:48:18 [(-119.0, 986.0)]
13:48:18 [(-124.0, 989.0)]
13:48:18 [(-123.0, 1002.0)]
13:48:18 [(-127.0, 1008.0)]
13:48:19 [(-130.0, 1006.0)]
13:48:19 [(-132.0, 999.0)]
13:48:19 [(-130.0, 991.0)]
13:48:19 [(-129.0, 990.0)]
13:48:19 [(-129.0, 983.0)]
13:48:20 [(-129.0, 967.0)]
13:48:20 [(-129.0, 958.0)]
13:48:20 [(-133.0, 942.0)]
Disconnected from MQTT broker, return code 0
Connected to MQTT broker.
13:49:15 [(856.0, 5.0)]
13:49:15 [(867.0, 31.0)]
13:49:15 [(878.0, 39.0)]
13:49:15 [(891.0, 44.0)]
13:49:16 [(896.0, 59.0)]
13:49:16 [(901.0, 47.0)]
13:49:16 [(901.0, 47.0)]
13:49:16 [(902.0, 56.0)]
13:49:17 [(896.0, 54.0)]
13:49:17 [(921.0, 64.0)]
13:49:17 [(926.0, 71.0)]
13:49:17 [(914.0, 66.0)]
13:49:17 [(904.0, 60.0)]
13:49:18 [(893.0, 57.0)]
13:49:18 [(890.0, 53.0)]
13:49:18 [(889.0, 55.0)]
13:49:18 [(885.0, 44.0)]
13:49:18 [(878.0, 32.0)]
13:49:19 [(875.0, 26.0)]
13:49:19 [(880.0, 29.0)]
13:49:19 [(885.0, 32.0)]
13:49:19 [(887.0, 34.0)]
13:49:19 [(880.0, 25.0)]
13:49:20 [(876.0, 21.0)]
13:49:20 [(871.0, 17.0)]
13:49:20 [(860.0, 13.0)]
13:49:20 [(850.0, 6.0)]
13:49:20 [(831.0, -2.0)]
13:49:21 [(829.0, 9.0)]
13:49:21 [(828.0, 28.0)]
13:49:21 [(827.0, 23.0)]
13:49:21 [(820.0, 31.0)]
13:49:21 [(811.0, 43.0)]
13:49:22 [(818.0, 61.0)]
13:49:22 [(823.0, 76.0)]
13:49:22 [(818.0, 89.0)]
13:49:22 [(821.0, 101.0)]
13:49:22 [(828.0, 110.0)]
13:49:23 [(834.0, 110.0)]
13:49:23 [(830.0, 98.0)]
13:49:23 [(824.0, 86.0)]
13:49:23 [(824.0, 97.0)]
13:49:23 [(818.0, 80.0)]
13:49:24 [(822.0, 82.0)]
13:49:24 [(822.0, 88.0)]
13:49:24 [(825.0, 99.0)]
13:49:24 [(830.0, 107.0)]
13:49:24 [(836.0, 117.0)]
13:49:25 [(837.0, 118.0)]
13:49:25 [(841.0, 107.0)]
13:49:25 [(839.0, 100.0)]
13:49:25 [(841.0, 97.0)]
13:49:25 [(851.0, 94.0)]
13:49:26 [(847.0, 91.0)]
13:49:26 [(836.0, 77.0)]
13:49:26 [(825.0, 68.0)]
13:49:26 [(818.0, 69.0)]
13:49:26 [(820.0, 85.0)]
13:49:27 [(819.0, 91.0)]
13:49:27 [(840.0, 134.0)]
13:49:27 [(868.0, 239.0)]
13:49:27 [(861.0, 269.0)]
13:49:27 [(855.0, 242.0)]
13:49:28 [(850.0, 215.0)]
13:49:28 [(830.0, 150.0)]
13:49:28 [(806.0, 60.0)]
13:49:28 [(793.0, -15.0)]
13:49:28 [(792.0, -26.0)]
13:49:29 [(786.0, -34.0)]
13:49:29 [(778.0, -56.0)]
13:49:29 [(784.0, -49.0)]
13:49:29 [(771.0, -65.0)]
13:49:30 [(755.0, -87.0)]
13:49:30 [(776.0, -60.0)]
13:49:30 [(825.0, -16.0)]
13:49:30 [(828.0, -13.0)]
13:49:31 [(824.0, -19.0)]
13:49:31 [(819.0, -24.0)]
13:49:31 [(827.0, -11.0)]
13:49:31 [(838.0, 12.0)]
13:49:31 [(853.0, 28.0)]
13:49:32 [(857.0, 19.0)]
13:49:32 [(855.0, 11.0)]
13:49:32 [(856.0, 14.0)]
13:49:32 [(869.0, 45.0)]
13:49:33 [(872.0, 70.0)]
13:49:33 [(870.0, 92.0)]
13:49:33 [(871.0, 100.0)]
13:49:33 [(879.0, 90.0)]
13:49:33 [(902.0, 23.0)]
13:49:34 [(926.0, -118.0)]
13:49:34 [(941.0, -272.0)]
13:49:34 [(922.0, -402.0)]
13:49:34 [(889.0, -741.0)]
13:49:35 [(848.0, -903.0)]
13:49:35 [(659.0, -1270.0)]
13:49:35 [(511.0, -1577.0)]
13:49:35 [(407.0, -1950.0)]
13:49:35 [(375.0, -2141.0)]
13:49:36 [(420.0, -2298.0)]
13:49:36 [(461.0, -2362.0)]
13:49:36 [(505.0, -2413.0)]
13:49:36 [(518.0, -2427.0)]
13:49:37 [(572.0, -2437.0)]
13:49:37 [(681.0, -2453.0)]
13:49:37 [(692.0, -2455.0)]
13:49:37 [(707.0, -2457.0)]
13:49:38 [(721.0, -2459.0)]
13:49:38 [(725.0, -2460.0)]
13:49:38 [(725.0, -2460.0)]
13:49:38 [(697.0, -2470.0)]
13:49:38 [(674.0, -2474.0)]
13:49:39 [(644.0, -2473.0)]
13:49:39 [(625.0, -2460.0)]
13:49:39 [(592.0, -2416.0)]
13:49:39 [(564.0, -2284.0)]
13:49:40 [(612.0, -1872.0)]
13:49:40 [(579.0, -1540.0)]
13:49:40 [(636.0, -1256.0)]
13:49:40 [(680.0, -992.0)]
13:49:40 [(735.0, -687.0)]
13:49:41 [(788.0, -519.0)]
13:49:41 [(816.0, -324.0)]
13:49:41 [(779.0, -28.0)]
13:49:41 [(734.0, 39.0)]
13:49:42 [(712.0, 120.0)]
13:49:42 [(722.0, 212.0)]
13:49:42 [(749.0, 414.0)]
13:49:42 [(789.0, 687.0)]
13:49:42 [(800.0, 854.0)]
13:49:43 [(774.0, 1208.0)]
13:49:43 [(722.0, 1486.0)]
13:49:43 [(687.0, 1750.0)]
13:49:43 [(729.0, 2062.0)]
13:49:44 [(789.0, 2168.0)]
13:49:44 [(820.0, 2259.0)]
13:49:44 [(822.0, 2288.0)]
13:49:44 [(790.0, 2328.0)]
13:49:44 [(766.0, 2333.0)]
13:49:45 [(769.0, 2348.0)]
13:49:45 [(763.0, 2334.0)]
13:49:45 [(770.0, 2324.0)]
13:49:45 [(774.0, 2301.0)]
13:49:46 [(774.0, 2248.0)]
13:49:46 [(782.0, 2153.0)]
13:49:46 [(784.0, 2091.0)]
13:49:46 [(780.0, 1984.0)]
13:49:47 [(777.0, 1902.0)]
13:49:47 [(777.0, 1814.0)]
13:49:47 [(776.0, 1567.0)]
13:49:47 [(780.0, 1185.0)]
13:49:47 [(777.0, 685.0)]
13:49:48 [(811.0, 456.0)]
13:49:48 [(774.0, 138.0)]
13:49:48 [(810.0, 45.0)]
13:49:48 [(832.0, 33.0)]
13:49:49 [(853.0, 12.0)]
13:49:49 [(866.0, -5.0)]
13:49:49 [(865.0, -11.0)]
13:49:49 [(861.0, -21.0)]
13:49:49 [(859.0, -24.0)]
13:49:50 [(863.0, -22.0)]
13:49:50 [(872.0, -20.0)]
13:49:50 [(878.0, -29.0)]
13:49:50 [(883.0, -27.0)]
13:49:51 [(886.0, -24.0)]
13:49:51 [(894.0, -19.0)]
13:49:51 [(897.0, -14.0)]
13:49:51 [(898.0, -7.0)]
13:49:52 [(894.0, -7.0)]
13:49:52 [(888.0, -12.0)]
13:49:52 [(881.0, -25.0)]
13:49:52 [(895.0, -14.0)]
13:49:52 [(895.0, -8.0)]
13:49:53 [(880.0, -10.0)]
13:49:53 [(876.0, -13.0)]
13:49:53 [(872.0, -18.0)]
13:49:53 [(866.0, -31.0)]
13:49:54 [(877.0, -7.0)]
13:49:54 [(882.0, -2.0)]
13:49:54 [(872.0, -14.0)]
13:49:54 [(872.0, -2.0)]
13:49:54 [(912.0, 97.0)]
13:49:55 [(951.0, 194.0)]
13:49:55 [(951.0, 201.0)]
13:49:55 [(945.0, 185.0)]
13:49:55 [(919.0, 99.0)]
Disconnected from MQTT broker, return code 0
Config updated: {'brokeraddr': '10.42.0.1', 'brokerport': '1883', 'plot_xlims': '(-3500,3500)', 'plot_ylims': '(-3500,3500)', 'clusterrad': '500.0', 'clustersz': '1', 'radar1_en': 'False', 'radar2_en': 'False', 'radar3_en': 'False', 'radar4_en': 'True', 'radar1_x': '-1000.0', 'radar1_y': '-3000.0', 'radar1_a': '0.0', 'radar2_x': '-3000.0', 'radar2_y': '1000.0', 'radar2_a': '-90.0', 'radar3_x': '1000.0', 'radar3_y': '3000.0', 'radar3_a': '180.0', 'radar4_x': '3000.0', 'radar4_y': '-1000.0', 'radar4_a': '90.0', 'default': '<Section: DEFAULT>'}
Connected to MQTT broker.
13:50:30 [(987.0, -1623.0)]
13:50:30 [(977.0, -1604.0)]
13:50:30 [(987.0, -1618.0)]
13:50:30 [(998.0, -1623.0)]
13:50:31 [(995.0, -1598.0)]
13:50:31 [(985.0, -1590.0)]
13:50:31 [(972.0, -1589.0)]
13:50:31 [(952.0, -1587.0)]
13:50:32 [(866.0, -1561.0)]
13:50:32 [(714.0, -1442.0)]
13:50:32 [(584.0, -1327.0)]
13:50:32 [(379.0, -1234.0)]
13:50:32 [(288.0, -1195.0)]
13:50:33 [(218.0, -1165.0)]
13:50:33 [(148.0, -1159.0)]
13:50:33 [(144.0, -1177.0)]
13:50:34 [(138.0, -1176.0)]
13:50:34 [(135.0, -1185.0)]
13:50:34 [(141.0, -1188.0)]
13:50:34 [(142.0, -1189.0)]
13:50:35 [(141.0, -1198.0)]
13:50:35 [(141.0, -1208.0)]
13:50:35 [(144.0, -1212.0)]
13:50:35 [(144.0, -1212.0)]
13:50:36 [(143.0, -1212.0)]
13:50:36 [(141.0, -1218.0)]
13:50:36 [(137.0, -1217.0)]
13:50:36 [(138.0, -1210.0)]
13:50:36 [(139.0, -1207.0)]
13:50:37 [(148.0, -1213.0)]
13:50:37 [(150.0, -1225.0)]
13:50:37 [(149.0, -1238.0)]
13:50:37 [(148.0, -1236.0)]
13:50:38 [(145.0, -1234.0)]
13:50:38 [(137.0, -1236.0)]
13:50:38 [(130.0, -1241.0)]
13:50:38 [(131.0, -1247.0)]
13:50:38 [(136.0, -1252.0)]
13:50:39 [(143.0, -1255.0)]
13:50:39 [(141.0, -1248.0)]
13:50:39 [(140.0, -1241.0)]
13:50:39 [(158.0, -1236.0)]
13:50:40 [(187.0, -1236.0)]
13:50:40 [(258.0, -1237.0)]
13:50:40 [(233.0, -1217.0)]
13:50:40 [(228.0, -1218.0)]
13:50:40 [(224.0, -1220.0)]
13:50:41 [(219.0, -1221.0)]
13:50:41 [(219.0, -1220.0)]
13:50:41 [(205.0, -1211.0)]
13:50:41 [(192.0, -1199.0)]
13:50:41 [(189.0, -1193.0)]
13:50:42 [(180.0, -1191.0)]
13:50:42 [(173.0, -1201.0)]
13:50:42 [(171.0, -1216.0)]
13:50:42 [(158.0, -1214.0)]
13:50:43 [(138.0, -1215.0)]
13:50:43 [(25.0, -1236.0)]
13:50:43 [(-262.0, -1239.0)]
13:50:43 [(-461.0, -1191.0)]
13:50:44 [(-632.0, -1194.0)]
13:50:44 [(-892.0, -1270.0)]
13:50:44 [(-1087.0, -1296.0)]
13:50:44 [(-1381.0, -1334.0)]
13:50:44 [(-1474.0, -1378.0)]
13:50:45 [(-1616.0, -1401.0)]
13:50:45 [(-1867.0, -1386.0)]
13:50:45 [(-2109.0, -1446.0)]
13:50:45 [(-2231.0, -1416.0)]
13:50:45 [(-2314.0, -1377.0)]
13:50:46 [(-2384.0, -1420.0)]
13:50:46 [(-2449.0, -1460.0)]
13:50:46 [(-2479.0, -1438.0)]
13:50:46 [(-2474.0, -1457.0)]
13:50:47 [(-2456.0, -1454.0)]
13:50:47 [(-2453.0, -1456.0)]
13:50:47 [(-2441.0, -1459.0)]
13:50:47 [(-2425.0, -1449.0)]
13:50:47 [(-2349.0, -1439.0)]
13:50:48 [(-2146.0, -1453.0)]
13:50:48 [(-1964.0, -1438.0)]
13:50:48 [(-1748.0, -1415.0)]
13:50:48 [(-1474.0, -1350.0)]
13:50:49 [(-1353.0, -1310.0)]
13:50:49 [(-1193.0, -1284.0)]
13:50:49 [(-939.0, -1257.0)]
13:50:49 [(-780.0, -1195.0)]
13:50:49 [(-498.0, -1168.0)]
13:50:50 [(-333.0, -1170.0)]
13:50:50 [(-69.0, -1161.0)]
13:50:50 [(182.0, -1140.0)]
13:50:50 [(362.0, -1139.0)]
13:50:51 [(535.0, -1150.0)]
13:50:51 [(768.0, -1151.0)]
13:50:51 [(926.0, -1131.0)]
13:50:51 [(1092.0, -1106.0)]
13:50:52 [(1331.0, -1077.0)]
13:50:52 [(1570.0, -1084.0)]
13:50:52 [(1795.0, -1079.0)]
13:50:52 [(1956.0, -1065.0)]
13:50:52 [(2157.0, -1044.0)]
13:50:53 [(2275.0, -1053.0)]
13:50:53 [(2410.0, -1048.0)]
13:50:53 [(2457.0, -1045.0)]
13:50:53 [(2464.0, -1044.0)]
13:50:53 [(2447.0, -1047.0)]
13:50:54 [(2431.0, -1051.0)]
13:50:54 [(2408.0, -1054.0)]
13:50:54 [(2364.0, -1058.0)]
13:50:54 [(2327.0, -1058.0)]
13:50:54 [(2207.0, -1058.0)]
13:50:55 [(1967.0, -1054.0)]
13:50:55 [(1747.0, -1060.0)]
13:50:55 [(1470.0, -1086.0)]
13:50:55 [(1295.0, -1081.0)]
13:50:56 [(1023.0, -1099.0)]
13:50:56 [(856.0, -1111.0)]
13:50:56 [(688.0, -1128.0)]
13:50:56 [(396.0, -1149.0)]
13:50:57 [(271.0, -1112.0)]
13:50:57 [(215.0, -1131.0)]
13:50:57 [(181.0, -1188.0)]
13:50:57 [(162.0, -1213.0)]
13:50:57 [(140.0, -1185.0)]
13:50:58 [(107.0, -1191.0)]
13:50:58 [(81.0, -1206.0)]
13:50:58 [(79.0, -1227.0)]
13:50:58 [(67.0, -1241.0)]
13:50:58 [(59.0, -1237.0)]
13:50:59 [(47.0, -1232.0)]
13:50:59 [(36.0, -1219.0)]
13:50:59 [(-19.0, -1193.0)]
13:50:59 [(-192.0, -1193.0)]
13:51:00 [(-436.0, -1185.0)]
13:51:00 [(-571.0, -1188.0)]
13:51:00 [(-729.0, -1211.0)]
13:51:00 [(-1012.0, -1295.0)]
13:51:00 [(-1244.0, -1320.0)]
13:51:01 [(-1582.0, -1368.0)]
13:51:01 [(-1717.0, -1370.0)]
13:51:01 [(-1962.0, -1291.0)]
13:51:01 [(-2088.0, -1308.0)]
13:51:02 [(-2226.0, -1406.0)]
13:51:02 [(-2286.0, -1423.0)]
13:51:02 [(-2373.0, -1407.0)]
13:51:02 [(-2493.0, -1330.0)]
13:51:02 [(-2565.0, -1201.0)]
13:51:03 [(-2608.0, -1123.0)]
13:51:03 [(-2589.0, -1131.0)]
13:51:03 [(-2575.0, -1137.0)]
13:51:03 [(-2564.0, -1148.0)]
13:51:04 [(-2552.0, -1161.0)]
13:51:04 [(-2540.0, -1185.0)]
13:51:04 [(-2527.0, -1195.0)]
13:51:04 [(-2516.0, -1195.0)]
13:51:04 [(-2515.0, -1195.0)]
13:51:05 [(-2511.0, -1196.0)]
13:51:05 [(-2490.0, -1216.0)]
13:51:05 [(-2448.0, -1237.0)]
13:51:05 [(-2308.0, -1280.0)]
13:51:06 [(-2040.0, -1279.0)]
13:51:06 [(-1777.0, -1295.0)]
13:51:06 [(-1608.0, -1325.0)]
13:51:06 [(-1360.0, -1196.0)]
13:51:07 [(-1304.0, -1202.0)]
13:51:07 [(-1120.0, -1245.0)]
13:51:07 [(-862.0, -1284.0)]
13:51:07 [(-662.0, -1263.0)]
13:51:07 [(-420.0, -1245.0)]
13:51:08 [(-294.0, -1231.0)]
13:51:08 [(-79.0, -1162.0)]
13:51:09 [(-48.0, -1164.0)]
13:51:09 [(-27.0, -1165.0)]
13:51:09 [(2.0, -1172.0)]
13:51:09 [(48.0, -1176.0)]
13:51:09 [(49.0, -1168.0)]
13:51:10 [(51.0, -1167.0)]
13:51:10 [(55.0, -1158.0)]
13:51:10 [(66.0, -1144.0)]
13:51:10 [(73.0, -1143.0)]
13:51:11 [(80.0, -1143.0)]
13:51:11 [(86.0, -1143.0)]
13:51:11 [(91.0, -1149.0)]
13:51:11 [(98.0, -1148.0)]
13:51:11 [(106.0, -1152.0)]
13:51:12 [(116.0, -1159.0)]
13:51:12 [(117.0, -1158.0)]
13:51:12 [(111.0, -1163.0)]
13:51:12 [(109.0, -1163.0)]
13:51:13 [(107.0, -1175.0)]
13:51:13 [(105.0, -1179.0)]
13:51:13 [(108.0, -1183.0)]
13:51:13 [(105.0, -1186.0)]
13:51:13 [(106.0, -1191.0)]
13:51:14 [(105.0, -1191.0)]
13:51:14 [(89.0, -1213.0)]
13:51:14 [(92.0, -1270.0)]
13:51:14 [(105.0, -1249.0)]
13:51:15 [(103.0, -1262.0)]
13:51:15 [(99.0, -1260.0)]
13:51:15 [(90.0, -1231.0)]
13:51:15 [(86.0, -1230.0)]
13:51:16 [(84.0, -1233.0)]
13:51:16 [(82.0, -1236.0)]
13:51:16 [(69.0, -1228.0)]
13:51:16 [(60.0, -1222.0)]
13:51:16 [(52.0, -1213.0)]
13:51:17 [(39.0, -1190.0)]
13:51:17 [(-30.0, -1124.0)]
13:51:17 [(-90.0, -1112.0)]
13:51:17 [(-185.0, -1132.0)]
13:51:17 [(-365.0, -1138.0)]
13:51:18 [(-555.0, -1175.0)]
13:51:18 [(-765.0, -1214.0)]
13:51:18 [(-1008.0, -1231.0)]
13:51:19 [(-1279.0, -1229.0)]
13:51:19 [(-1535.0, -1206.0)]
13:51:19 [(-1878.0, -1138.0)]
13:51:19 [(-2101.0, -1124.0)]
13:51:19 [(-2350.0, -1112.0)]
13:51:20 [(-2677.0, -974.0)]
13:51:20 [(-2920.0, -905.0)]
13:51:20 [(-3147.0, -930.0)]
13:51:20 [(-3460.0, -1046.0)]
13:51:20 [(-3684.0, -1089.0)]
13:51:21 [(-3901.0, -1089.0)]
Disconnected from MQTT broker, return code 0
Config updated: {'brokeraddr': '10.42.0.1', 'brokerport': '1883', 'plot_xlims': '(-3500,3500)', 'plot_ylims': '(-3500,3500)', 'clusterrad': '500.0', 'clustersz': '2', 'radar1_en': 'True', 'radar2_en': 'True', 'radar3_en': 'True', 'radar4_en': 'True', 'radar1_x': '-1000.0', 'radar1_y': '-3000.0', 'radar1_a': '0.0', 'radar2_x': '-3000.0', 'radar2_y': '1000.0', 'radar2_a': '-90.0', 'radar3_x': '1000.0', 'radar3_y': '3000.0', 'radar3_a': '180.0', 'radar4_x': '3000.0', 'radar4_y': '-1000.0', 'radar4_a': '90.0', 'default': '<Section: DEFAULT>'}
Connected to MQTT broker.
13:53:39 []
13:53:41 []
13:53:41 []
13:53:41 []
13:53:41 []
13:53:42 []
13:53:42 []
13:53:42 []
13:53:43 []
Config updated: {'brokeraddr': '10.42.0.1', 'brokerport': '1883', 'plot_xlims': '(-3500,3500)', 'plot_ylims': '(-3500,3500)', 'clusterrad': '500.0', 'clustersz': '2', 'radar1_en': 'True', 'radar2_en': 'True', 'radar3_en': 'True', 'radar4_en': 'True', 'radar1_x': '-1000.0', 'radar1_y': '-3000.0', 'radar1_a': '0.0', 'radar2_x': '-3000.0', 'radar2_y': '1000.0', 'radar2_a': '-90.0', 'radar3_x': '1000.0', 'radar3_y': '3000.0', 'radar3_a': '180.0', 'radar4_x': '3000.0', 'radar4_y': '-1000.0', 'radar4_a': '90.0', 'default': '<Section: DEFAULT>'}
Connected to MQTT broker.
13:54:51 [(1010.67, -596.0)]
13:54:51 [(998.0, -500.5)]
13:54:52 [(985.25, -487.5)]
13:54:54 [(922.0, -495.5)]
13:54:54 [(747.0, -520.0)]
13:54:56 [(561.67, -608.33)]
13:54:59 [(-1340.5, -689.5)]
13:54:59 [(-1619.33, -852.0)]
13:55:00 [(-1631.33, -862.0)]
13:55:04 [(-1756.5, -766.0)]
13:55:07 [(-1782.5, -749.5)]
13:55:07 [(-1654.33, -558.33)]
13:55:07 [(-1657.0, -569.0)]
13:55:10 [(-1693.0, -719.0)]
13:55:10 [(-1596.0, -778.67)]
13:55:11 [(-1794.0, -138.5)]
13:55:11 [(-1822.5, 196.5)]
13:55:12 [(-1523.0, 775.5)]
13:55:12 [(-1637.0, 571.0)]
13:55:13 [(-1499.33, 807.33)]
13:55:13 [(-1556.0, 927.0)]
13:55:15 []
13:55:16 [(-1838.67, -1522.0)]
13:55:17 []
13:55:17 [(-2228.5, -2171.5)]
13:55:17 [(-2233.5, -2268.0)]
13:55:18 [(-2156.0, -2991.5)]
13:55:19 []
13:55:20 []
13:55:20 [(-2320.0, -3273.5)]
13:55:20 []
13:55:21 []
13:55:21 []
13:55:21 []
13:55:22 []

Script done on 2024-04-23 13:55:51+08:00 [COMMAND_EXIT_CODE="0"]
