Script started on 2024-04-23 14:59:16+08:00 [TERM="xterm-256color" TTY="/dev/pts/0" COLUMNS="95" LINES="24"]
App start.
Connected to MQTT broker.
14:59:32 [(-217.18, -108.54)]
14:59:32 [(-216.12, -105.36)]
14:59:32 [(-214.0, -102.53)]
14:59:32 [(-211.17, -103.24)]
14:59:32 [(-209.05, -104.65)]
14:59:33 [(-207.28, -106.42)]
14:59:33 [(-205.87, -106.42)]
14:59:33 [(-203.75, -108.54)]
14:59:33 [(-200.21, -109.25)]
14:59:33 [(-198.44, -110.31)]
14:59:33 [(-194.91, -113.84)]
14:59:33 [(-193.14, -115.61)]
14:59:33 [(-190.66, -116.67)]
14:59:33 [(-189.96, -117.38)]
14:59:33 [(-190.31, -118.44)]
14:59:33 [(-192.08, -117.38)]
14:59:34 [(-195.26, -112.78)]
14:59:34 [(-195.61, -106.07)]
14:59:34 [(-191.73, -100.06)]
14:59:34 [(-190.31, -90.86)]
14:59:34 [(-183.59, -76.37)]
14:59:34 [(-180.77, -67.88)]
14:59:34 [(-180.77, -67.88)]
14:59:34 [(-178.29, -66.82)]
14:59:34 [(-177.23, -67.88)]
14:59:34 [(-177.23, -70.0)]
14:59:34 [(-182.18, -72.12)]
14:59:35 [(-186.42, -74.25)]
14:59:35 [(-189.96, -74.25)]
14:59:35 [(-190.66, -72.12)]
14:59:35 [(-193.85, -68.24)]
14:59:35 [(-197.38, -66.11)]
14:59:35 [(-199.86, -63.64)]
14:59:35 [(-200.56, -61.52)]
14:59:35 [(-201.27, -56.57)]
14:59:35 [(-200.92, -49.14)]
14:59:35 [(-201.27, -43.84)]
14:59:35 [(-202.69, -43.84)]
14:59:35 [(-201.98, -41.72)]
14:59:36 [(-199.15, -41.01)]
14:59:36 [(-196.32, -36.77)]
14:59:36 [(-192.79, -30.41)]
14:59:36 [(-188.19, -25.81)]
14:59:36 [(-183.59, -24.75)]
14:59:36 [(-177.23, -24.04)]
14:59:36 [(-170.16, -23.33)]
14:59:36 [(-161.32, -22.27)]
14:59:36 [(-147.18, -18.74)]
14:59:36 [(-117.13, -27.58)]
14:59:37 [(-87.07, -39.95)]
14:59:37 [(-16.72, -60.81)]
14:59:37 [(54.35, -91.57)]
14:59:37 [(113.39, -120.21)]
14:59:37 [(149.1, -119.85)]
14:59:37 [(169.96, -106.77)]
14:59:37 [(182.33, -88.74)]
14:59:37 [(201.07, -61.52)]
14:59:37 [(231.48, -9.19)]
14:59:37 [(266.48, 34.29)]
14:59:37 [(318.1, 91.57)]
14:59:37 [(360.52, 133.29)]
14:59:38 [(377.14, 141.42)]
14:59:38 [(380.68, 130.81)]
14:59:38 [(379.26, 128.69)]
14:59:38 [(377.5, 129.05)]
14:59:38 [(374.31, 130.11)]
14:59:38 [(370.07, 130.81)]
14:59:38 [(367.95, 131.52)]
14:59:38 [(371.49, 132.23)]
14:59:38 [(376.43, 134.35)]
14:59:38 [(381.03, 138.95)]
14:59:38 [(383.51, 147.08)]
14:59:39 [(382.8, 171.83)]
14:59:39 [(382.45, 201.88)]
14:59:39 [(389.16, 253.14)]
14:59:39 [(399.06, 322.44)]
14:59:39 [(393.76, 389.26)]
14:59:39 [(385.27, 484.01)]
14:59:39 [(381.38, 577.71)]
14:59:39 [(373.96, 680.59)]
14:59:39 [(364.77, 762.61)]
14:59:39 [(354.51, 840.75)]
14:59:39 []
14:59:39 []
14:59:40 []
14:59:40 []
14:59:40 []
14:59:40 []
14:59:40 []
14:59:40 []
14:59:40 []
14:59:40 []
14:59:40 []
14:59:40 []
14:59:41 []
14:59:41 []
14:59:41 []
14:59:41 []
14:59:41 []
14:59:41 []
14:59:41 []
14:59:41 []
14:59:41 []
14:59:41 []
14:59:41 []
14:59:42 []
14:59:42 []
14:59:42 []
14:59:42 []
14:59:42 []
14:59:42 []
14:59:42 []
14:59:42 []
14:59:42 []
14:59:42 []
14:59:42 []
14:59:43 []
14:59:43 []
14:59:43 []
14:59:43 []
14:59:43 []
14:59:43 []
14:59:43 [(-803.73, 1131.37)]
14:59:43 [(-859.59, 1128.54)]
14:59:43 [(-912.27, 1125.36)]
14:59:43 [(-966.01, 1126.07)]
14:59:43 [(-1007.02, 1113.34)]
14:59:43 [(-1055.1, 1101.32)]
14:59:44 [(-1090.46, 1094.95)]
14:59:44 [(-1111.32, 1088.94)]
14:59:44 [(-1140.31, 1084.7)]
14:59:44 [(-1161.88, 1077.28)]
14:59:44 [(-1177.79, 1074.1)]
14:59:44 [(-1196.88, 1068.44)]
14:59:44 [(-1201.83, 1059.25)]
14:59:44 [(-1202.18, 1052.53)]
14:59:44 [(-1205.72, 1044.04)]
14:59:44 [(-1209.25, 1032.73)]
14:59:44 [(-1205.72, 1020.71)]
14:59:45 [(-1207.13, 1005.15)]
14:59:45 [(-1214.56, 980.05)]
14:59:45 [(-1224.1, 945.05)]
14:59:45 [(-1231.53, 892.37)]
14:59:45 [(-1246.73, 838.28)]
14:59:45 [(-1241.78, 791.61)]
14:59:45 [(-1243.19, 748.47)]
14:59:45 [(-1246.73, 694.73)]
14:59:45 [(-1247.79, 625.08)]
14:59:45 [(-1265.11, 548.36)]
14:59:45 [(-1296.93, 464.92)]
14:59:46 [(-1316.73, 372.29)]
14:59:46 [(-1321.68, 299.46)]
14:59:46 [(-1317.79, 239.71)]
14:59:46 [(-1308.25, 170.06)]
14:59:46 [(-1317.44, 85.21)]
14:59:46 [(-1312.49, 22.27)]
14:59:46 [(-1321.68, -50.56)]
14:59:46 [(-1351.38, -119.85)]
14:59:46 [(-1369.41, -186.68)]
14:59:46 [(-1381.08, -253.5)]
14:59:46 [(-1388.86, -315.02)]
14:59:47 [(-1389.92, -370.52)]
14:59:47 [(-1391.33, -423.56)]
14:59:47 [(-1391.69, -483.31)]
14:59:47 [(-1392.75, -543.06)]
14:59:47 [(-1359.87, -578.06)]
14:59:47 [(-1315.67, -621.55)]
14:59:47 [(-1296.23, -679.18)]
14:59:47 [(-1287.74, -737.16)]
14:59:47 [(-1283.5, -790.9)]
14:59:47 [(-1262.29, -836.15)]
14:59:47 [(-1233.65, -872.57)]
14:59:47 [(-1219.15, -911.11)]
14:59:48 [(-1220.57, -957.07)]
14:59:48 [(-1223.75, -980.05)]
14:59:48 [(-1217.38, -994.19)]
14:59:48 [(-1210.31, -1004.8)]
14:59:48 [(-1210.31, -1001.97)]
14:59:48 [(-1217.74, -1004.45)]
14:59:48 [(-1215.26, -1006.21)]
14:59:48 [(-1200.41, -1004.8)]
14:59:48 [(-1190.16, -1007.98)]
14:59:48 [(-1174.25, -1013.28)]
14:59:48 [(-1159.4, -1017.53)]
14:59:49 [(-1134.65, -1032.38)]
14:59:49 [(-1111.32, -1045.1)]
14:59:49 [(-1082.33, -1055.71)]
14:59:49 [(-1024.34, -1058.54)]
14:59:49 [(-959.29, -1059.95)]
14:59:49 [(-902.37, -1056.06)]
14:59:49 [(-817.87, -1044.4)]
14:59:49 [(-733.02, -1046.52)]
14:59:49 [(-651.7, -1057.83)]
14:59:49 [(-580.99, -1057.12)]
14:59:49 [(-510.63, -1056.77)]
14:59:50 [(-453.35, -1060.31)]
14:59:50 [(-389.36, -1059.95)]
14:59:50 [(-320.07, -1038.03)]
14:59:50 [(-250.06, -1039.45)]
14:59:50 [(-185.72, -1038.74)]
14:59:50 [(-150.01, -980.4)]
14:59:50 [(-112.88, -928.43)]
14:59:50 [(-65.86, -881.41)]
14:59:50 [(39.14, -890.95)]
14:59:50 [(203.55, -870.8)]
14:59:51 [(302.19, -864.08)]
14:59:51 [(395.17, -872.92)]
14:59:51 [(488.86, -906.51)]
14:59:51 [(578.31, -925.96)]
14:59:51 [(675.89, -935.86)]
14:59:51 [(748.02, -919.59)]
14:59:51 [(829.34, -872.22)]
14:59:51 [(897.93, -826.96)]
14:59:51 [(969.7, -797.62)]
14:59:51 [(1039.35, -754.84)]
14:59:51 [(1107.58, -750.95)]
14:59:52 [(1158.49, -787.72)]
14:59:52 [(1187.13, -826.25)]
14:59:52 [(1197.03, -855.95)]
14:59:52 [(1204.46, -861.96)]
14:59:52 [(1216.48, -871.86)]
14:59:52 [(1238.04, -894.84)]
14:59:52 [(1279.76, -915.35)]
14:59:52 [(1302.39, -917.47)]
14:59:52 [(1300.27, -906.86)]
14:59:52 [(1297.8, -898.03)]
14:59:52 [(1296.38, -889.54)]
14:59:52 [(1296.73, -883.53)]
14:59:53 [(1303.81, -875.04)]
14:59:53 [(1313.35, -866.21)]
14:59:53 [(1322.19, -859.49)]
14:59:53 [(1329.97, -853.12)]
14:59:53 [(1338.45, -843.93)]
14:59:53 [(1345.52, -833.33)]
14:59:53 [(1354.36, -819.54)]
14:59:53 [(1361.79, -804.33)]
14:59:53 [(1368.51, -792.67)]
14:59:53 [(1376.99, -781.35)]
14:59:53 [(1378.05, -768.98)]
14:59:54 [(1379.82, -741.05)]
14:59:54 [(1384.77, -669.63)]
14:59:54 [(1391.84, -596.09)]
14:59:54 []
14:59:54 []
14:59:54 []
14:59:54 [(3394.72, -329.87)]
14:59:54 [(3365.38, -296.98)]
14:59:54 [(3338.51, -259.51)]
14:59:54 [(3310.93, -207.18)]
14:59:54 [(3261.08, -108.54)]
14:59:55 [(3218.65, -15.91)]
14:59:55 [(3182.59, 68.94)]
14:59:55 []
14:59:55 []
14:59:55 []
14:59:55 []
14:59:55 []
14:59:55 []
14:59:55 [(1490.48, 1182.64)]
14:59:55 [(1445.23, 1280.92)]
14:59:55 [(1409.87, 1362.24)]
14:59:56 [(1378.41, 1455.93)]
14:59:56 [(1368.86, 1538.31)]
14:59:56 [(1378.05, 1623.16)]
14:59:56 [(1386.89, 1711.2)]
14:59:56 [(1368.51, 1788.27)]
14:59:56 [(1357.55, 1846.61)]
14:59:56 [(1353.66, 1901.41)]
14:59:56 [(1337.04, 1947.73)]
14:59:56 [(1328.91, 1984.85)]
14:59:56 [(1319.36, 2013.49)]
14:59:56 [(1320.42, 2047.07)]
14:59:56 [(1306.63, 2080.66)]
14:59:57 [(1302.04, 2094.45)]
14:59:57 [(1289.66, 2108.95)]
14:59:57 [(1285.77, 2124.86)]
14:59:57 [(1279.41, 2134.05)]
14:59:57 [(1271.99, 2139.35)]
14:59:57 [(1265.62, 2143.59)]
14:59:57 [(1264.21, 2149.96)]
14:59:57 [(1260.67, 2158.44)]
14:59:57 [(1253.6, 2164.1)]
14:59:57 [(1251.48, 2160.56)]
14:59:57 [(1241.93, 2160.92)]
14:59:58 [(1228.14, 2162.69)]
14:59:58 [(1192.08, 2167.64)]
14:59:58 [(1156.37, 2172.23)]
14:59:58 []
14:59:58 []
14:59:58 []
14:59:58 []
14:59:58 []
14:59:58 []
14:59:58 []
14:59:58 []
14:59:59 []
14:59:59 []
14:59:59 []
14:59:59 []
14:59:59 []
14:59:59 []
14:59:59 []
14:59:59 []
14:59:59 []
14:59:59 []
14:59:59 []
15:00:00 []
15:00:00 []
15:00:00 []
15:00:00 []
15:00:00 []
15:00:00 []
15:00:00 []
15:00:00 []
15:00:00 []
15:00:00 []
15:00:00 []
15:00:00 []
15:00:01 []
15:00:01 []
15:00:01 []
15:00:01 []
15:00:01 []
15:00:01 []
15:00:01 []
15:00:01 [(-1678.42, 2107.89)]
15:00:01 [(-1740.64, 2086.67)]
15:00:01 [(-1791.91, 2063.69)]
15:00:01 [(-1827.62, 2052.73)]
15:00:02 [(-1866.86, 2038.24)]
15:00:02 [(-1904.34, 2029.75)]
15:00:02 [(-1943.94, 2019.14)]
15:00:02 [(-1998.74, 2004.65)]
15:00:02 [(-2045.41, 2000.41)]
15:00:02 [(-2090.31, 1981.67)]
15:00:02 [(-2126.72, 1959.39)]
15:00:02 [(-2156.78, 1937.12)]
15:00:02 [(-2172.33, 1927.93)]
15:00:02 [(-2188.59, 1922.98)]
15:00:02 [(-2190.36, 1921.21)]
15:00:03 [(-2183.65, 1920.15)]
15:00:03 [(-2174.45, 1912.37)]
15:00:03 [(-2166.32, 1904.95)]
15:00:03 [(-2159.25, 1891.51)]
15:00:03 [(-2155.01, 1873.83)]
15:00:03 [(-2153.24, 1852.27)]
15:00:03 [(-2151.47, 1802.42)]
15:00:03 [(-2150.41, 1757.51)]
15:00:03 [(-2153.59, 1702.01)]
15:00:03 [(-2161.72, 1649.33)]
15:00:03 [(-2163.85, 1581.44)]
15:00:04 [(-2167.74, 1505.43)]
15:00:04 [(-2183.29, 1421.28)]
15:00:04 [(-2188.24, 1351.99)]
15:00:04 [(-2190.01, 1277.39)]
15:00:04 [(-2180.46, 1216.93)]
15:00:04 [(-2177.28, 1153.64)]
15:00:04 [(-2184.71, 1077.63)]
15:00:04 [(-2187.89, 1003.03)]
15:00:04 [(-2188.24, 925.6)]
15:00:04 [(-2179.4, 851.71)]
15:00:04 [(-2173.39, 787.72)]
15:00:04 [(-2176.22, 716.3)]
15:00:05 [(-2188.95, 636.4)]
15:00:05 [(-2194.96, 561.09)]
15:00:05 [(-2211.58, 483.66)]
15:00:05 [(-2211.22, 410.48)]
15:00:05 [(-2209.45, 328.1)]
15:00:05 [(-2205.21, 248.19)]
15:00:05 [(-2198.14, 173.95)]
15:00:05 [(-2198.85, 98.99)]
15:00:05 [(-2186.83, 38.18)]
15:00:05 [(-2174.81, -29.7)]
15:00:05 [(-2178.34, -95.46)]
15:00:06 [(-2188.24, -164.76)]
15:00:06 [(-2203.44, -242.89)]
15:00:06 [(-2215.82, -324.56)]
15:00:06 [(-2211.93, -408.35)]
15:00:06 [(-2196.37, -491.79)]
15:00:06 [(-2185.77, -576.65)]
15:00:06 [(-2200.97, -654.78)]
15:00:06 [(-2209.81, -727.97)]
15:00:06 [(-2236.32, -802.57)]
15:00:06 [(-2253.65, -877.17)]
15:00:06 [(-2261.43, -956.36)]
15:00:07 [(-2256.12, -1038.03)]
15:00:07 [(-2247.99, -1110.51)]
15:00:07 [(-2240.21, -1180.51)]
15:00:07 [(-2229.25, -1254.41)]
15:00:07 [(-2220.77, -1328.65)]
15:00:07 [(-2232.08, -1405.73)]
15:00:07 [(-2252.94, -1471.84)]
15:00:07 [(-2290.06, -1534.42)]
15:00:07 [(-2320.47, -1590.99)]
15:00:07 [(-2331.78, -1636.95)]
15:00:07 [(-2335.67, -1689.63)]
15:00:08 [(-2325.07, -1737.01)]
15:00:08 [(-2318.35, -1780.49)]
15:00:08 [(-2298.9, -1816.2)]
15:00:08 [(-2280.87, -1841.31)]
15:00:08 [(-2275.92, -1845.55)]
15:00:08 [(-2276.28, -1845.9)]
15:00:08 [(-2272.39, -1842.01)]
15:00:08 [(-2275.92, -1833.53)]
15:00:08 [(-2279.46, -1827.87)]
15:00:08 [(-2275.22, -1834.23)]
15:00:08 [(-2269.56, -1841.31)]
15:00:09 [(-2255.06, -1850.14)]
15:00:09 [(-2234.91, -1858.98)]
15:00:09 [(-2184.71, -1863.23)]
15:00:09 [(-2074.4, -1864.64)]
15:00:09 [(-1957.02, -1866.76)]
15:00:09 [(-1836.1, -1874.54)]
15:00:09 [(-1740.29, -1899.64)]
15:00:09 [(-1661.45, -1933.94)]
15:00:09 [(-1585.79, -1936.06)]
15:00:09 [(-1500.23, -1941.72)]
15:00:09 [(-1424.21, -1939.95)]
15:00:09 [(-1353.5, -1937.12)]
15:00:10 [(-1285.27, -1929.69)]
15:00:10 [(-1215.62, -1925.1)]
15:00:10 [(-1146.67, -1925.45)]
15:00:10 [(-1074.55, -1924.04)]
15:00:10 [(-1014.8, -1935.7)]
15:00:10 [(-954.69, -1936.41)]
15:00:10 [(-903.43, -1955.15)]
15:00:10 [(-847.57, -1966.46)]
15:00:10 [(-781.81, -1969.29)]
15:00:10 [(-708.27, -1962.22)]
15:00:10 [(-624.47, -1957.63)]
15:00:11 [(-526.54, -1929.69)]
15:00:11 [(-424.36, -1927.93)]
15:00:11 [(-346.58, -1910.25)]
15:00:11 [(-273.75, -1899.64)]
15:00:11 [(-204.1, -1910.6)]
15:00:11 [(-125.61, -1927.57)]
15:00:11 [(-30.51, -1939.24)]
15:00:11 [(59.65, -1944.54)]
15:00:11 [(112.33, -1981.67)]
15:00:11 [(169.61, -2010.66)]
15:00:11 [(230.77, -2020.91)]
15:00:12 [(303.25, -2020.56)]
15:00:12 [(373.25, -2035.41)]
15:00:12 [(438.31, -2052.38)]
15:00:12 [(507.25, -2069.7)]
15:00:12 [(551.8, -2087.38)]
15:00:12 [(597.05, -2104.35)]
15:00:12 [(663.52, -2122.03)]
15:00:12 [(734.58, -2132.28)]
15:00:12 [(817.67, -2130.51)]
15:00:12 [(900.05, -2133.69)]
15:00:12 [(983.84, -2136.17)]
15:00:13 [(1083.19, -2145.72)]
15:00:13 [(1152.48, -2174.71)]
15:00:13 [(1222.49, -2216.43)]
15:00:13 [(1283.65, -2262.74)]
15:00:13 [(1345.88, -2286.08)]
15:00:13 [(1409.16, -2279.36)]
15:00:13 [(1481.64, -2250.72)]
15:00:13 []
15:00:13 []
15:00:13 []
15:00:13 []
15:00:13 [(1792.06, -2059.8)]
15:00:14 [(1863.13, -2041.06)]
15:00:14 [(1909.09, -2084.2)]
15:00:14 []
15:00:14 []
15:00:14 []
15:00:14 []
15:00:14 []
15:00:14 []
15:00:14 []
15:00:14 []
15:00:14 []
15:00:15 [(3079.0, -1617.41)]
15:00:15 []
15:00:15 []
15:00:15 []
15:00:15 []
15:00:15 []
15:00:15 []
15:00:15 []
15:00:15 []
15:00:15 []
15:00:15 []
15:00:16 []
15:00:16 []
15:00:16 []
15:00:16 []
15:00:16 []
15:00:16 []
15:00:16 []
15:00:16 []
15:00:16 []
15:00:16 []
15:00:16 []
15:00:17 []
15:00:17 []
15:00:17 []
15:00:17 []
15:00:17 []
15:00:17 []
15:00:17 []
15:00:17 []
15:00:17 []
15:00:17 []
15:00:17 []
15:00:17 []
15:00:18 [(2692.56, 90.16)]
15:00:18 [(2689.73, 187.74)]
15:00:18 [(2684.08, 276.13)]
15:00:18 [(2687.61, 348.96)]
15:00:18 [(2694.68, 351.79)]
15:00:18 [(2696.81, 351.08)]
15:00:18 [(2702.82, 381.13)]
15:00:18 [(2702.11, 446.89)]
15:00:18 [(2693.27, 524.32)]
15:00:18 [(2667.11, 593.62)]
15:00:19 []
15:00:19 []
15:00:19 []
15:00:19 []
15:00:19 []
15:00:19 []
15:00:19 [(2526.39, 1141.62)]
15:00:19 [(2477.25, 1250.16)]
15:00:19 [(2417.5, 1367.19)]
15:00:19 [(2378.61, 1483.86)]
15:00:19 []
15:00:19 []
15:00:20 []
15:00:20 []
15:00:20 []
15:00:20 []
15:00:20 [(2466.64, 1817.97)]
15:00:20 [(2469.82, 1845.9)]
15:00:20 [(2475.13, 1858.98)]
15:00:20 [(2483.26, 1873.48)]
15:00:20 [(2481.14, 1910.25)]
15:00:20 [(2477.25, 1947.37)]
15:00:20 [(2424.92, 2040.0)]
15:00:21 [(2365.88, 2121.67)]
15:00:21 [(2315.68, 2172.59)]
15:00:21 [(2286.33, 2184.25)]
15:00:21 [(2266.53, 2187.79)]
15:00:21 []
15:00:21 []
15:00:21 []
15:00:21 []
15:00:21 []
15:00:21 []
15:00:21 []
15:00:22 [(2218.45, 2249.31)]
15:00:22 [(2211.73, 2265.22)]
15:00:22 [(2204.31, 2276.88)]
15:00:22 [(2198.3, 2275.12)]
15:00:22 [(2205.37, 2271.58)]
15:00:22 [(2209.26, 2267.69)]
15:00:22 [(2215.62, 2266.98)]
15:00:22 [(2223.04, 2264.51)]
15:00:22 [(2226.93, 2262.74)]
15:00:22 [(2232.24, 2261.68)]
15:00:22 [(2239.31, 2258.85)]
15:00:23 [(2242.49, 2254.96)]
15:00:23 [(2242.84, 2252.49)]
15:00:23 [(2241.78, 2253.55)]
15:00:23 [(2237.89, 2256.02)]
15:00:23 [(2233.3, 2251.43)]
15:00:23 [(2226.58, 2246.83)]
15:00:23 [(2220.92, 2241.88)]
15:00:23 [(2208.19, 2231.98)]
15:00:23 [(2195.11, 2225.97)]
15:00:23 [(2181.68, 2223.85)]
15:00:23 [(2165.42, 2222.44)]
15:00:24 [(2135.36, 2215.72)]
Disconnected from MQTT broker, return code 0

Script done on 2024-04-23 15:01:05+08:00 [COMMAND_EXIT_CODE="0"]
